<?xml version="1.0" encoding="UTF-8"?>
<robot generator="Robot 5.0 (Python 3.9.4 on win32)" generated="20220615 11:40:33.858" rpa="false" schemaversion="3">
<suite id="s1" name="test case API books" source="C:\CursoUdemy\RobotFramework\WebTesting\booksAPI\test_case_API_books.robot">
<kw name="Create Session" library="RequestsLibrary" type="SETUP">
<arg>fakeAPI</arg>
<arg>${URL}</arg>
<doc>Create Session: create a HTTP session to a server</doc>
<msg timestamp="20220615 11:40:34.237" level="INFO">Creating Session using : alias=fakeAPI, url=https://fakerestapi.azurewebsites.net/api/v1/, headers={},                     cookies={}, auth=None, timeout=None, proxies=None, verify=False,                     debug=0 </msg>
<status status="PASS" starttime="20220615 11:40:34.236" endtime="20220615 11:40:34.238"/>
</kw>
<test id="s1-t1" name="Buscar a listagem de todos os livros (GET em todos os livros)" line="9">
<kw name="Requisitar todos os livros" library="Resource_API">
<kw name="GET On Session" library="RequestsLibrary">
<var>${RESPOSTA}</var>
<arg>fakeAPI</arg>
<arg>Books</arg>
<doc>Sends a GET request on a previously created HTTP Session.</doc>
<msg timestamp="20220615 11:40:37.191" level="INFO">GET Request : url=https://fakerestapi.azurewebsites.net/api/v1/Books 
 path_url=/api/v1/Books 
 headers={'User-Agent': 'python-requests/2.26.0', 'Accept-Encoding': 'gzip, deflate', 'Accept': '*/*', 'Connection': 'keep-alive'} 
 body=None 
 </msg>
<msg timestamp="20220615 11:40:37.192" level="INFO">GET Response : url=https://fakerestapi.azurewebsites.net/api/v1/Books 
 status=200, reason=OK 
 headers={'Content-Type': 'application/json; charset=utf-8; v=1.0', 'Date': 'Wed, 15 Jun 2022 14:40:36 GMT', 'Server': 'Kestrel', 'Transfer-Encoding': 'chunked', 'api-supported-versions': '1.0'} 
 body=[{"id":1,"title":"Book 1","description":"Nulla gubergren dolore duo ea takimata et no duo dolor rebum ex elitr consequat amet clita. Dolore aliquyam ipsum tation eleifend ut imperdiet in suscipit tempor rebum elitr dolor sed. Sed takimata lorem commodo sit sit vel ut lobortis sanctus sit rebum dolor ex duo et. Rebum ut consequat voluptua. Amet rebum ullamcorper tempor sit vero delenit justo et est voluptua nulla no molestie kasd. Sed dolore aliquam eirmod minim dolore ea sanctus. Sed diam est aliquyam erat nonumy aliquyam sadipscing dolor. Laoreet sed feugait tincidunt lorem sed dolor stet amet sea at elitr praesent tation. Et diam ut tempor no sit dolore justo kasd accusam et no eirmod eirmod consequat et. Ullamcorper elitr accusam amet option sanctus minim consetetur diam. Justo ipsum diam lorem dignissim erat vulputate aliquyam sit est sanctus consetetur sea tempor et. Ipsum congue justo imperdiet vero rebum sed dolor ex. Facer laoreet no et tempor at magna rebum augue accusam. Accusam dolor veniam et dolore aliquyam clita nulla stet. Diam wisi sit.\n","pageCount":100,"excerpt":"Sed amet sit vero takimata eu ea gubergren lobortis tempor dolor at aliquam sea sit tempor delenit ut. Lorem no eos ipsum elitr at erat sea diam vero at sea sed gubergren velit iusto amet lorem nonumy. Kasd nonumy nibh sea sit volutpat rebum kasd lorem duo dolore rebum no amet vero sadipscing amet. Et lorem augue tincidunt elitr sit amet erat nonumy sea et magna amet velit feugait tempor amet sadipscing. Et sit in kasd dolor esse et dolor duis vero sit sadipscing consetetur invidunt ipsum duo accumsan. Lobortis sed rebum clita sit vel lorem sed veniam. Amet laoreet sadipscing lorem dolore amet est vel delenit eirmod eros dolor et commodo. Ut dolore lorem nonumy dolor ut diam sit velit nostrud dolor ut lorem eleifend nulla. Mazim no adipiscing ipsum diam erat sit duis amet consequat augue aliquip.\nBlandit augue rebum magna gubergren. At hendrerit diam diam sed erat in sea suscipit no amet justo sanctus autem justo euismod. Duis lorem labore ea molestie dolore tempor dolor vel ea at takimata. Et ut gubergren laoreet rebum ipsum magna no dolor vero hendrerit eirmod sed diam zzril amet autem iusto magna. No dolore exerci eirmod sanctus esse ea in tempor no accusam dolor commodo vero eirmod sit ut ut wisi. Consequat id est delenit elitr diam sit elit est nibh accusam in lorem dolore et justo kasd labore. Gubergren stet vero et diam labore facilisis est sit dolor diam. Dolor eirmod facilisi doming eu erat stet takimata sed gubergren dolores. Erat aliquam diam sadipscing et nobis dolor sit amet ut sadipscing erat vero iusto. Delenit nulla est iriure eum duo duo vero liber et et ut ullamcorper ipsum. Dolor sit accusam et.\nEt tempor et labore ut ipsum feugait clita at in laoreet kasd nonumy dolores vel eos delenit lorem tempor. Delenit diam kasd dolore tempor eum consequat eos kasd sadipscing in ipsum clita eos. Consetetur dolor clita clita ipsum facilisis stet elitr iusto wisi ipsum ut option dolor nulla clita sit. Et nonumy consetetur nibh eros. Eirmod sit lorem aliquyam. Ut qui ipsum ut nonumy sit possim stet elitr eirmod ut sit. Ut sed aliquyam ipsum eirmod esse dolor eos takimata invidunt stet lorem labore consectetuer ut. Vero stet nonumy dolore takimata vulputate amet lorem diam gubergren dolor. Ipsum vero sed dolor diam diam ipsum sed kasd ullamcorper rebum ipsum rebum magna kasd amet. Aliquam nonumy option stet amet ut et amet justo gubergren et sed rebum sea dolore vulputate.\nEa takimata molestie dolor takimata dolores sadipscing tation consectetuer amet sed lorem voluptua voluptua sit erat dolor accusam dignissim. Et quod eirmod sit no et vel dignissim dolor invidunt invidunt dolore est takimata. Nulla consequat erat feugiat dolore et vero magna tation est ea ut nibh stet consequat voluptua vulputate. Rebum voluptua vulputate ipsum et. Eros ut ut delenit erat sed sed amet amet stet takimata tempor vero sea hendrerit. At eos dolore sit no ea ipsum et consetetur aliquyam iriure delenit. Adipiscing placerat et. Hendrerit sanctus dolor nulla diam diam diam vel et. Eu sanctus feugiat ipsum amet amet liber consectetuer praesent sed accusam gubergren amet et dolore lorem sit. Ea mazim sanctus diam aliquip magna ea ipsum sadipscing sit delenit et dolore dolor sadipscing dolore et duo et. Aliquyam justo lorem amet eos ipsum. Sit dolor rebum vel takimata et. Diam elitr diam gubergren. Lorem et dolor ipsum et.\nTation duo volutpat rebum kasd rebum. Erat sed eum nonumy consetetur dolores lorem takimata ea feugait sed et accusam. Nulla elitr aliquam est. Ea stet et lorem et euismod accumsan eos. Stet et feugiat ipsum dolore accusam et sit. Ipsum commodo elitr consectetuer sit dolor. Nulla nonummy ea nonumy duo dolor dolor in ea lorem et. Ut veniam feugiat dignissim amet ex sadipscing dolore consetetur et praesent. Facilisi hendrerit id sit molestie ipsum dolor et ipsum tation sed dolor. Dolores qui eirmod ut. Labore adipiscing delenit. Elitr duo vero dolore minim. Dolor tempor nostrud duo gubergren ea sit amet sit feugiat diam dolore dolore at nonumy dolores. Tempor exerci diam eum vulputate magna sanctus diam et lorem sit labore nulla facilisis nam. Sed dolor euismod dolor invidunt elitr duis dolores sadipscing ipsum lorem ipsum dolore rebum hendrerit duis voluptua consetetur. Nonumy lorem eos stet vero et rebum sed quis nihil kasd. Invidunt soluta et sadipscing kasd doming justo et dolor. Kasd et odio tempor sea vero qui et nonumy sea dolore gubergren dolores dolor esse sit lobortis voluptua.\n","publishDate":"2022-06-14T14:40:36.3219851+00:00"},{"id":2,"title":"Book 2","description":"Dolor lorem eirmod sed rebum magna tempor lorem at lorem takimata gubergren ea at elitr dolor feugait. Ea eirmod elitr sed. Invidunt no rebum ut est tempor gubergren sed sadipscing iriure invidunt. Sadipscing nonumy elitr. Eros velit ea est labore aliquam esse enim gubergren gubergren erat. Accumsan consetetur eos takimata vero erat dolor dolore justo erat luptatum. Et rebum enim tempor diam consetetur illum stet volutpat invidunt nonumy eos facilisis sanctus ut. Est lorem euismod amet et ea esse. Justo aliquyam eos aliquyam elitr possim amet dolor vero luptatum et accusam. Et invidunt sit eros ullamcorper sadipscing nonumy sanctus elitr amet consequat tincidunt rebum amet qui eos et ut amet. Ipsum duo commodo labore assum et diam at elitr takimata.\n","pageCount":200,"excerpt":"Soluta dolore labore stet diam diam elitr et sit kasd diam autem lorem. Eum invidunt vel iriure tempor dolore sea elitr. Dolor ullamcorper dolor eirmod. Et magna aliquyam et facer tempor accusam ex ea. Dolore aliquip sadipscing elitr dolores invidunt dolor.\nRebum elitr aliquam dolor dolore. Nostrud at gubergren ipsum et voluptua at sit molestie takimata ea aliquyam kasd no dolores blandit sadipscing sea esse. Vel diam dolores takimata accusam diam nisl erat eos dolore clita ut magna amet sed sanctus kasd et. Rebum aliquip ut tincidunt dolore et sanctus illum hendrerit consectetuer dolor ipsum. No lobortis stet et no lorem magna.\nDolores consetetur nonumy dolor et blandit et. Nonumy sanctus sed vel sadipscing vero aliquam sit labore tempor ea ipsum aliquyam euismod diam labore. At et mazim invidunt ut nulla ut no dolor. Takimata ut invidunt suscipit est magna imperdiet kasd diam clita lorem adipiscing et sit nonumy. Et ea et nonumy magna duo liber eirmod est kasd. Diam est et sadipscing invidunt autem lorem clita lorem. Duis diam et dolor dolore tempor consectetuer clita sed tincidunt sanctus ut elitr in justo dolores et. Diam nihil consequat diam id suscipit ut vero diam. Dolores sit aliquyam takimata suscipit clita hendrerit est nostrud suscipit sanctus aliquyam vero et sit est. Dolore ad dolor vero qui. Possim nonumy dolor. No labore sadipscing diam nibh sit diam autem sea vel duo dolore ea. Ipsum tempor eirmod sed no ut ea elitr nonumy eos aliquyam kasd erat ipsum gubergren.\nUt accusam dolores et accusam et vero ipsum duo qui vel. Kasd aliquip rebum ea accusam diam et. Delenit rebum dolor nulla amet iriure lorem luptatum.\nLabore sed labore ut lorem est vel diam autem kasd nostrud dolore te justo. Dolore clita at dolores dolor ipsum tempor sed nonumy gubergren sanctus iriure est aliquyam. Stet sea praesent et illum gubergren sanctus at dolor. Eleifend aliquyam option ea lorem tempor amet nonummy invidunt ipsum dolor rebum lorem labore. Ut tempor sanctus. Sadipscing erat sed facilisis justo lorem dolor consetetur possim invidunt eos ea velit eirmod mazim kasd. At dolor elitr suscipit eirmod rebum magna magna vero ipsum elitr duis eos sadipscing sit sit adipiscing. Clita laoreet blandit nibh et consequat sadipscing ipsum iriure sit et ea at et ipsum rebum stet te.\n","publishDate":"2022-06-13T14:40:36.3220399+00:00"},{"id":3,"title":"Book 3","description":"Nonumy dolores dolor vel nonummy amet gubergren erat ut elitr. Ipsum sit clita. In sit et erat nonumy wisi takimata in stet eu.\n","pageCount":300,"excerpt":"Et magna no. Lobortis dolore lorem tempor quis et accusam lorem wisi dolore dolor duis ex invidunt duo ea stet. No lorem aliquyam magna quod accusam dolore. Labore aliquyam eos voluptua. Ipsum sea stet dolor nulla molestie eros dolores ipsum augue labore diam sed blandit at diam. Dolores consetetur kasd eos et sadipscing et eos in erat. Ipsum placerat sed id possim duo ipsum et molestie et sit imperdiet et voluptua vulputate. Dolor elit feugiat et facilisis ut autem. Aliquyam ea accusam doming enim autem duo ipsum exerci tation ea nulla. Tation sadipscing feugiat ut amet accusam vulputate facilisis ut gubergren et. Sea ut sea clita ut clita. Sit eros ea vero ipsum. Kasd eirmod molestie amet eirmod stet kasd kasd dolore sea placerat stet sit. Amet odio qui stet nonumy accumsan facilisis takimata ipsum gubergren sed dolore dolore dolore. Sit elitr dolor aliquyam erat eos et invidunt sed feugiat.\nAccusam no diam dolores accumsan sed lobortis ipsum no et dolores. Accumsan in... (set the log level to DEBUG or TRACE to see the full content) 
 </msg>
<msg timestamp="20220615 11:40:37.193" level="INFO">c:\users\014645631\appdata\local\programs\python\python39\lib\site-packages\urllib3\connectionpool.py:1013: InsecureRequestWarning: Unverified HTTPS request is being made to host 'fakerestapi.azurewebsites.net'. Adding certificate verification is strongly advised. See: https://urllib3.readthedocs.io/en/1.26.x/advanced-usage.html#ssl-warnings
  warnings.warn(</msg>
<msg timestamp="20220615 11:40:37.194" level="INFO">${RESPOSTA} = &lt;Response [200]&gt;</msg>
<status status="PASS" starttime="20220615 11:40:34.240" endtime="20220615 11:40:37.194"/>
</kw>
<kw name="Log" library="BuiltIn">
<arg>${RESPOSTA.text}</arg>
<doc>Logs the given message with the given level.</doc>
<msg timestamp="20220615 11:40:37.203" level="INFO">[{"id":1,"title":"Book 1","description":"Nulla gubergren dolore duo ea takimata et no duo dolor rebum ex elitr consequat amet clita. Dolore aliquyam ipsum tation eleifend ut imperdiet in suscipit tempor rebum elitr dolor sed. Sed takimata lorem commodo sit sit vel ut lobortis sanctus sit rebum dolor ex duo et. Rebum ut consequat voluptua. Amet rebum ullamcorper tempor sit vero delenit justo et est voluptua nulla no molestie kasd. Sed dolore aliquam eirmod minim dolore ea sanctus. Sed diam est aliquyam erat nonumy aliquyam sadipscing dolor. Laoreet sed feugait tincidunt lorem sed dolor stet amet sea at elitr praesent tation. Et diam ut tempor no sit dolore justo kasd accusam et no eirmod eirmod consequat et. Ullamcorper elitr accusam amet option sanctus minim consetetur diam. Justo ipsum diam lorem dignissim erat vulputate aliquyam sit est sanctus consetetur sea tempor et. Ipsum congue justo imperdiet vero rebum sed dolor ex. Facer laoreet no et tempor at magna rebum augue accusam. Accusam dolor veniam et dolore aliquyam clita nulla stet. Diam wisi sit.\n","pageCount":100,"excerpt":"Sed amet sit vero takimata eu ea gubergren lobortis tempor dolor at aliquam sea sit tempor delenit ut. Lorem no eos ipsum elitr at erat sea diam vero at sea sed gubergren velit iusto amet lorem nonumy. Kasd nonumy nibh sea sit volutpat rebum kasd lorem duo dolore rebum no amet vero sadipscing amet. Et lorem augue tincidunt elitr sit amet erat nonumy sea et magna amet velit feugait tempor amet sadipscing. Et sit in kasd dolor esse et dolor duis vero sit sadipscing consetetur invidunt ipsum duo accumsan. Lobortis sed rebum clita sit vel lorem sed veniam. Amet laoreet sadipscing lorem dolore amet est vel delenit eirmod eros dolor et commodo. Ut dolore lorem nonumy dolor ut diam sit velit nostrud dolor ut lorem eleifend nulla. Mazim no adipiscing ipsum diam erat sit duis amet consequat augue aliquip.\nBlandit augue rebum magna gubergren. At hendrerit diam diam sed erat in sea suscipit no amet justo sanctus autem justo euismod. Duis lorem labore ea molestie dolore tempor dolor vel ea at takimata. Et ut gubergren laoreet rebum ipsum magna no dolor vero hendrerit eirmod sed diam zzril amet autem iusto magna. No dolore exerci eirmod sanctus esse ea in tempor no accusam dolor commodo vero eirmod sit ut ut wisi. Consequat id est delenit elitr diam sit elit est nibh accusam in lorem dolore et justo kasd labore. Gubergren stet vero et diam labore facilisis est sit dolor diam. Dolor eirmod facilisi doming eu erat stet takimata sed gubergren dolores. Erat aliquam diam sadipscing et nobis dolor sit amet ut sadipscing erat vero iusto. Delenit nulla est iriure eum duo duo vero liber et et ut ullamcorper ipsum. Dolor sit accusam et.\nEt tempor et labore ut ipsum feugait clita at in laoreet kasd nonumy dolores vel eos delenit lorem tempor. Delenit diam kasd dolore tempor eum consequat eos kasd sadipscing in ipsum clita eos. Consetetur dolor clita clita ipsum facilisis stet elitr iusto wisi ipsum ut option dolor nulla clita sit. Et nonumy consetetur nibh eros. Eirmod sit lorem aliquyam. Ut qui ipsum ut nonumy sit possim stet elitr eirmod ut sit. Ut sed aliquyam ipsum eirmod esse dolor eos takimata invidunt stet lorem labore consectetuer ut. Vero stet nonumy dolore takimata vulputate amet lorem diam gubergren dolor. Ipsum vero sed dolor diam diam ipsum sed kasd ullamcorper rebum ipsum rebum magna kasd amet. Aliquam nonumy option stet amet ut et amet justo gubergren et sed rebum sea dolore vulputate.\nEa takimata molestie dolor takimata dolores sadipscing tation consectetuer amet sed lorem voluptua voluptua sit erat dolor accusam dignissim. Et quod eirmod sit no et vel dignissim dolor invidunt invidunt dolore est takimata. Nulla consequat erat feugiat dolore et vero magna tation est ea ut nibh stet consequat voluptua vulputate. Rebum voluptua vulputate ipsum et. Eros ut ut delenit erat sed sed amet amet stet takimata tempor vero sea hendrerit. At eos dolore sit no ea ipsum et consetetur aliquyam iriure delenit. Adipiscing placerat et. Hendrerit sanctus dolor nulla diam diam diam vel et. Eu sanctus feugiat ipsum amet amet liber consectetuer praesent sed accusam gubergren amet et dolore lorem sit. Ea mazim sanctus diam aliquip magna ea ipsum sadipscing sit delenit et dolore dolor sadipscing dolore et duo et. Aliquyam justo lorem amet eos ipsum. Sit dolor rebum vel takimata et. Diam elitr diam gubergren. Lorem et dolor ipsum et.\nTation duo volutpat rebum kasd rebum. Erat sed eum nonumy consetetur dolores lorem takimata ea feugait sed et accusam. Nulla elitr aliquam est. Ea stet et lorem et euismod accumsan eos. Stet et feugiat ipsum dolore accusam et sit. Ipsum commodo elitr consectetuer sit dolor. Nulla nonummy ea nonumy duo dolor dolor in ea lorem et. Ut veniam feugiat dignissim amet ex sadipscing dolore consetetur et praesent. Facilisi hendrerit id sit molestie ipsum dolor et ipsum tation sed dolor. Dolores qui eirmod ut. Labore adipiscing delenit. Elitr duo vero dolore minim. Dolor tempor nostrud duo gubergren ea sit amet sit feugiat diam dolore dolore at nonumy dolores. Tempor exerci diam eum vulputate magna sanctus diam et lorem sit labore nulla facilisis nam. Sed dolor euismod dolor invidunt elitr duis dolores sadipscing ipsum lorem ipsum dolore rebum hendrerit duis voluptua consetetur. Nonumy lorem eos stet vero et rebum sed quis nihil kasd. Invidunt soluta et sadipscing kasd doming justo et dolor. Kasd et odio tempor sea vero qui et nonumy sea dolore gubergren dolores dolor esse sit lobortis voluptua.\n","publishDate":"2022-06-14T14:40:36.3219851+00:00"},{"id":2,"title":"Book 2","description":"Dolor lorem eirmod sed rebum magna tempor lorem at lorem takimata gubergren ea at elitr dolor feugait. Ea eirmod elitr sed. Invidunt no rebum ut est tempor gubergren sed sadipscing iriure invidunt. Sadipscing nonumy elitr. Eros velit ea est labore aliquam esse enim gubergren gubergren erat. Accumsan consetetur eos takimata vero erat dolor dolore justo erat luptatum. Et rebum enim tempor diam consetetur illum stet volutpat invidunt nonumy eos facilisis sanctus ut. Est lorem euismod amet et ea esse. Justo aliquyam eos aliquyam elitr possim amet dolor vero luptatum et accusam. Et invidunt sit eros ullamcorper sadipscing nonumy sanctus elitr amet consequat tincidunt rebum amet qui eos et ut amet. Ipsum duo commodo labore assum et diam at elitr takimata.\n","pageCount":200,"excerpt":"Soluta dolore labore stet diam diam elitr et sit kasd diam autem lorem. Eum invidunt vel iriure tempor dolore sea elitr. Dolor ullamcorper dolor eirmod. Et magna aliquyam et facer tempor accusam ex ea. Dolore aliquip sadipscing elitr dolores invidunt dolor.\nRebum elitr aliquam dolor dolore. Nostrud at gubergren ipsum et voluptua at sit molestie takimata ea aliquyam kasd no dolores blandit sadipscing sea esse. Vel diam dolores takimata accusam diam nisl erat eos dolore clita ut magna amet sed sanctus kasd et. Rebum aliquip ut tincidunt dolore et sanctus illum hendrerit consectetuer dolor ipsum. No lobortis stet et no lorem magna.\nDolores consetetur nonumy dolor et blandit et. Nonumy sanctus sed vel sadipscing vero aliquam sit labore tempor ea ipsum aliquyam euismod diam labore. At et mazim invidunt ut nulla ut no dolor. Takimata ut invidunt suscipit est magna imperdiet kasd diam clita lorem adipiscing et sit nonumy. Et ea et nonumy magna duo liber eirmod est kasd. Diam est et sadipscing invidunt autem lorem clita lorem. Duis diam et dolor dolore tempor consectetuer clita sed tincidunt sanctus ut elitr in justo dolores et. Diam nihil consequat diam id suscipit ut vero diam. Dolores sit aliquyam takimata suscipit clita hendrerit est nostrud suscipit sanctus aliquyam vero et sit est. Dolore ad dolor vero qui. Possim nonumy dolor. No labore sadipscing diam nibh sit diam autem sea vel duo dolore ea. Ipsum tempor eirmod sed no ut ea elitr nonumy eos aliquyam kasd erat ipsum gubergren.\nUt accusam dolores et accusam et vero ipsum duo qui vel. Kasd aliquip rebum ea accusam diam et. Delenit rebum dolor nulla amet iriure lorem luptatum.\nLabore sed labore ut lorem est vel diam autem kasd nostrud dolore te justo. Dolore clita at dolores dolor ipsum tempor sed nonumy gubergren sanctus iriure est aliquyam. Stet sea praesent et illum gubergren sanctus at dolor. Eleifend aliquyam option ea lorem tempor amet nonummy invidunt ipsum dolor rebum lorem labore. Ut tempor sanctus. Sadipscing erat sed facilisis justo lorem dolor consetetur possim invidunt eos ea velit eirmod mazim kasd. At dolor elitr suscipit eirmod rebum magna magna vero ipsum elitr duis eos sadipscing sit sit adipiscing. Clita laoreet blandit nibh et consequat sadipscing ipsum iriure sit et ea at et ipsum rebum stet te.\n","publishDate":"2022-06-13T14:40:36.3220399+00:00"},{"id":3,"title":"Book 3","description":"Nonumy dolores dolor vel nonummy amet gubergren erat ut elitr. Ipsum sit clita. In sit et erat nonumy wisi takimata in stet eu.\n","pageCount":300,"excerpt":"Et magna no. Lobortis dolore lorem tempor quis et accusam lorem wisi dolore dolor duis ex invidunt duo ea stet. No lorem aliquyam magna quod accusam dolore. Labore aliquyam eos voluptua. Ipsum sea stet dolor nulla molestie eros dolores ipsum augue labore diam sed blandit at diam. Dolores consetetur kasd eos et sadipscing et eos in erat. Ipsum placerat sed id possim duo ipsum et molestie et sit imperdiet et voluptua vulputate. Dolor elit feugiat et facilisis ut autem. Aliquyam ea accusam doming enim autem duo ipsum exerci tation ea nulla. Tation sadipscing feugiat ut amet accusam vulputate facilisis ut gubergren et. Sea ut sea clita ut clita. Sit eros ea vero ipsum. Kasd eirmod molestie amet eirmod stet kasd kasd dolore sea placerat stet sit. Amet odio qui stet nonumy accumsan facilisis takimata ipsum gubergren sed dolore dolore dolore. Sit elitr dolor aliquyam erat eos et invidunt sed feugiat.\nAccusam no diam dolores accumsan sed lobortis ipsum no et dolores. Accumsan in et et ut no diam invidunt congue vel. Dolores lorem sea in dolor amet ea sed lorem kasd diam takimata nihil tempor. Dolores diam sed erat voluptua vero takimata invidunt tincidunt erat sit lobortis sit justo nonumy kasd et sit. Kasd stet nobis accusam soluta justo sadipscing dolore magna at. Amet at ut dolore elitr lorem clita wisi et sanctus gubergren lorem commodo. Sit quis veniam accusam magna amet. Facilisis est voluptua aliquyam amet in lobortis dolore kasd elitr at sed sed labore voluptua. Aliquyam diam eos amet clita sed magna dolor id lorem aliquip consequat ut ipsum gubergren consectetuer sea. Sea et dolor ex diam kasd et eos ipsum ea labore gubergren veniam dolore eros voluptua gubergren. At dolores et. Accumsan vero lorem illum labore sea et justo dolore sea. Kasd diam nonumy accusam eirmod blandit stet kasd dolor voluptua amet duo ut takimata eirmod.\nEirmod et sed in dolor tincidunt dolor diam sit in sed ea ipsum et. Vel takimata ex lorem sanctus tempor dolore consetetur sed aliquyam aliquip euismod at. Clita diam amet duo qui aliquyam et magna veniam rebum accusam elitr ad in sed ut rebum sadipscing. Vero in diam sanctus et soluta nulla invidunt lorem amet et quis lorem ipsum et gubergren eleifend dolore.\nIpsum dignissim rebum quis consequat nobis rebum tempor dolor soluta elitr at amet consequat invidunt consequat. Est stet sit nonumy at kasd aliquyam sed et et nonumy illum dolore takimata. Dolores at nonumy takimata. Eirmod diam amet assum elitr hendrerit eirmod in doming lorem sit et praesent vulputate et duo. Aliquyam voluptua quis molestie et lorem aliquyam. Labore kasd sed eirmod nulla tempor amet erat voluptua gubergren et eum amet dolor accusam et nonumy ad vero. Sanctus dolores enim sed ut. Erat rebum enim at feugait diam tempor enim possim sit consetetur et. Erat invidunt est sit nulla. Eos praesent lorem est assum amet gubergren elitr voluptua dolor voluptua magna lorem. Eirmod takimata dolor dolore diam duo voluptua dolor ex eros takimata erat. Ullamcorper consetetur consectetuer amet ipsum. Dolore stet consequat aliquyam no voluptua aliquip illum ipsum iriure sit gubergren option ad et dolore et sadipscing hendrerit. Consetetur vulputate nihil invidunt dolor nulla. Consetetur duo magna sadipscing eleifend eleifend erat luptatum esse ut voluptua eirmod.\nAdipiscing sed rebum nonumy sadipscing feugait dolore aliquyam diam eos nonumy magna tempor elitr sit ut aliquam sea stet. Takimata et amet sit nibh praesent est stet amet dolore. Est dolore vulputate feugiat. Sed sit ipsum accusam voluptua ad elitr sea et lorem nostrud. Liber eirmod et dolor feugait eos justo erat sed stet quod eros eos invidunt. Consetetur diam dolores ipsum ipsum consequat aliquip lorem laoreet sed. Accumsan duis sea rebum consequat gubergren nonumy justo sadipscing kasd lorem consetetur aliquyam te. Gubergren et illum accusam facer ad.\n","publishDate":"2022-06-12T14:40:36.3221109+00:00"},{"id":4,"title":"Book 4","description":"Consequat elit eirmod. Wisi ipsum amet sit. Quis ut et voluptua et dolor molestie labore lorem lorem vero molestie.\n","pageCount":400,"excerpt":"Lorem dolor kasd ut est duo sit. Tation dolore vel nonumy eu gubergren est. Et et kasd sit ea amet amet stet ut invidunt. Eirmod lorem sit magna amet praesent clita et ut est ipsum ad labore erat sanctus. Duis at ea amet at stet amet. Dolore nonummy sadipscing et no sed dolor diam et volutpat dolor praesent ipsum et dolore dolore justo. Et tempor sit stet sed sadipscing clita est nibh adipiscing ipsum ut gubergren at sea sea sit.\nDiam vero takimata sed kasd sadipscing sit consectetuer. Amet no gubergren ipsum et dolore vero vero diam laoreet ea illum eirmod magna sed dolore dolor labore. Diam feugait sanctus et erat dolor vero justo dolor sit sed in veniam gubergren. No amet ut lorem dolore diam. Ipsum est placerat diam diam. Praesent gubergren gubergren eum at voluptua elitr rebum nonumy eirmod elitr sit.\nNo vel autem labore eirmod eos rebum erat kasd vero vel diam dolor quod nonumy dolores dolore magna. Erat clita lorem tempor et stet dolores ex feugiat velit kasd ea ipsum commodo ea nobis et erat tation. Et rebum ipsum diam ut sea zzril aliquyam luptatum ut lorem diam duis eirmod. Voluptua diam amet erat ipsum erat diam invidunt at lorem vero molestie diam et sed stet. Consetetur ea dolor ea. Sed dolor exerci autem voluptua tempor sadipscing adipiscing et ex kasd. Labore at vulputate amet duo nostrud eum diam augue eos facilisis diam. Dolor et lorem ipsum sit sit elitr clita. Amet sadipscing esse sanctus lorem sit duis nostrud enim vero nonummy in dolor dolor. Dolore at eirmod duo esse ipsum eirmod. Ipsum sit takimata dolore sit consectetuer voluptua eos dolor. Sadipscing accumsan magna. Clita dolor erat consequat est vero ut augue et. Diam et elitr possim hendrerit sadipscing magna at feugiat dolore et gubergren sed accusam at eos. Sit takimata vel amet gubergren gubergren aliquyam duis at nonumy invidunt. Stet sadipscing facer sit eos. Qui diam aliquip ea no aliquyam molestie sadipscing vel takimata dolor et nulla. Magna dolore sit et velit velit erat in rebum voluptua. Lorem labore euismod illum in erat ea justo.\nRebum tempor ut lorem est ipsum dolores augue lorem te ipsum ea zzril soluta magna voluptua justo. Tempor sanctus stet ea euismod ut tincidunt lorem clita consetetur et dolore tempor lorem gubergren dolor sit amet. Eos blandit aliquyam kasd erat nostrud labore erat est wisi eos dolor veniam. Sanctus consectetuer invidunt consetetur lorem consetetur in. Labore invidunt nulla labore. Et lorem aliquyam erat luptatum invidunt eu sit tation amet dolores labore accumsan sed. Wisi est nonumy dolor iriure illum magna in. No magna sit diam ipsum duo ipsum vulputate in dolores kasd aliquyam dolor accusam sed et ut consequat dolores. Justo kasd et lorem sit elitr erat dolor invidunt tation nulla mazim sed no et. Labore soluta ipsum diam dolor autem tempor sea volutpat iusto labore et magna accumsan gubergren justo. Vero sanctus lorem kasd dolor voluptua sanctus nonumy sanctus. Ea eros eirmod dignissim est lorem diam dolore consequat praesent sed ea nonumy blandit dolore sit. Sea dolor et eum labore hendrerit gubergren accusam takimata hendrerit ipsum dolore nulla elitr vel ullamcorper ipsum sed magna.\nStet nisl lorem nulla gubergren ut diam eirmod vel feugiat vel illum dolor ipsum elitr at et. Eirmod sed amet amet takimata. Lorem vero et quod dolor diam tincidunt lobortis eirmod. Erat duis kasd ipsum. Lorem vulputate kasd suscipit kasd no lorem aliquyam consetetur kasd ipsum vero. Euismod ut dignissim dolores dolore magna feugait odio tation iriure rebum dolor takimata nonumy. Lorem molestie nulla sit ut no labore erat. Est eum elit sit diam zzril dolore et dolores erat voluptua ipsum eos clita et rebum erat. Clita gubergren lorem ea lorem. Velit elitr euismod. Eos nonumy invidunt iriure eos dignissim elit rebum. Sea gubergren amet autem tempor nulla sed rebum at magna. Rebum dolore at facilisi velit diam magna at elitr nulla et qui sed justo duo. Et et lorem dignissim magna sit sit accusam sadipscing duo magna et liber voluptua sanctus takimata consetetur lorem dolore. Sed ipsum sanctus.\n","publishDate":"2022-06-11T14:40:36.3221851+00:00"},{"id":5,"title":"Book 5","description":"Diam eos dolores eum at lorem erat justo amet odio ipsum. Aliquyam eu stet rebum lorem. Voluptua delenit ea vel et vero nibh no voluptua molestie voluptua. Diam gubergren gubergren aliquyam et sed illum sed duo rebum justo dolor sanctus. Takimata dolores stet et justo sed at labore illum diam voluptua hendrerit. Sadipscing et amet sed feugait dolor tempor in eirmod placerat sit ipsum ut rebum. Iriure sed imperdiet duo augue clita dolores quis autem sanctus illum dolor vel sadipscing no diam. Tempor tation takimata kasd justo dolor nulla. Et erat justo eum feugiat et vel ea dolor vero elitr clita takimata. Sed exerci at eos. Diam sit dolores aliquip dolor ea ad luptatum iriure sed lorem vero velit justo eleifend vel.\n","pageCount":500,"excerpt":"Dolores rebum diam lorem et sit justo luptatum ea lorem amet diam aliquyam suscipit quis erat. Placerat justo dolor facer nonumy justo labore vero in. Delenit ipsum consetetur takimata amet ea stet no nostrud et sed clita et adipiscing aliquyam sit ea. Duo sea in stet gubergren ex gubergren laoreet ut ut odio eum. Voluptua sea rebum eos enim. Dolor amet rebum consectetuer sit est. Kasd at ut ea et. Ipsum dolor sanctus rebum consetetur commodo tempor in ipsum et aliquyam molestie sit facilisis tempor ea ut. Sea dolores erat facilisi dolor est. Diam sea clita ipsum lorem est ipsum et dolore elitr.\nSit ipsum iusto tempor clita. Accusam dolores stet diam gubergren assum sit no et. Sea duis magna ut dolor lorem duis sea ea. Dolores justo voluptua et diam tempor et amet velit dolores et ea dolores lorem tincidunt tempor vel aliquyam. Sadipscing no in diam kasd nonummy diam facilisis gubergren justo sadipscing sed rebum. Eos voluptua ut sed sadipscing. Laoreet accusam sit et ipsum eos sadipscing amet ipsum facilisis rebum sed elitr nostrud accusam. Diam aliquyam ea sea eirmod et labore voluptua nulla at liber sadipscing consetetur eos justo sit. Nonumy consetetur lorem no clita sed et ut sit illum amet. Dolor enim eos labore dolor dolore et diam ea duo magna duo feugait nulla vero vel amet takimata takimata. Duo ut lorem veniam duo et laoreet eirmod gubergren sadipscing tempor consetetur accusam accusam. Et dolore no consequat ullamcorper dolores et velit et. Invidunt volutpat duis dolores eirmod ut diam et gubergren. Ea ipsum feugait dolores lobortis facer et illum et dolore invidunt dolor eirmod erat feugiat ipsum. Vero illum diam autem dolores labore et. Iusto erat lorem et sea wisi. Kasd labore ipsum sed tation elitr elitr justo. Lorem dolore nonumy aliquyam nonumy erat dolore tempor cum sadipscing et nam et et lorem ea exerci.\nDolore nihil stet rebum sit nulla ut lorem zzril dolor sit sit dolore ut sanctus stet labore kasd invidunt. Eum magna duo duo sit. Sit elitr elit ipsum rebum sit at takimata euismod tempor sed. Ut ex est. Duo et lobortis sed ea diam delenit. Magna ipsum diam vero te ea aliquyam nonumy lorem labore quis sadipscing eos dolores eirmod sit et vero. Magna eos amet. Est eirmod duis erat sit aliquyam mazim ipsum. Kasd accusam dolores gubergren sanctus vel et kasd at kasd molestie in invidunt kasd ut ut aliquyam facilisi elit. Lorem erat invidunt ea kasd lobortis ut voluptua dolor aliquyam amet sanctus ut ea nobis et. Diam amet placerat. Aliquyam sit kasd vel et erat diam rebum sed dolor lobortis no aliquip clita dolore esse dolor quis. Justo facer no sit clita dolor est justo nonumy labore invidunt. Minim sadipscing accusam dolor labore voluptua invidunt dolores ut ut clita eos. Kasd dolor congue ipsum ipsum ut dolor eirmod quod eos ipsum accusam. Eos ea amet lorem.\nVero stet amet praesent sit euismod ea suscipit adipiscing imperdiet. Kasd tincidunt ut tempor et amet lorem consequat voluptua ipsum. Et justo et cum dolore amet minim accusam accusam aliquip facilisis eos dolore eirmod kasd aliquyam ea. Est amet aliquyam consequat no clita sea ut dolor kasd ea diam sit est sit nam duo voluptua vel. Dolore ea dolor. Voluptua erat ex aliquyam vero elit est dignissim laoreet vulputate et ipsum no dolores gubergren.\nAutem ipsum consequat liber magna duo dignissim. Vero et takimata dolores et clita diam ea dolore erat aliquyam nulla duis nulla dolore facilisi sit. Et labore lorem clita labore lorem eirmod est molestie clita. Ut amet kasd et labore ea at ipsum stet in dolore. Tempor nostrud eirmod magna lorem dolore rebum ipsum.\n","publishDate":"2022-06-10T14:40:36.3222601+00:00"},{"id":6,"title":"Book 6","description":"Dolores lorem ipsum ipsum stet tempor sed sed kasd at diam ut. Labore et amet dolor magna ex in sea nonumy feugait ut clita. Sit duo tation vero eos sed tempor sit diam laoreet enim dolor tempor eros diam hendrerit dolor. In invidunt nonumy est clita est ut dolore invidunt.\n","pageCount":600,"excerpt":"Diam te dolor invidunt sed invidunt elitr et esse dolor. Ea eos takimata. Aliquyam clita at diam tempor dolores elitr amet amet no consetetur elitr nisl ut. Sed accusam lorem sed dolores aliquyam stet lorem sea diam ipsum odio no commodo magna eirmod dolores dolor duo. Eos sanctus gubergren sit velit velit consequat diam diam labore vel vel lorem consectetuer clita duis consetetur exerci. Dolore dolor sit diam accumsan possim aliquyam et delenit consetetur. Sed consetetur nonumy sed rebum ut. Sea magna aliquyam lorem vero labore at lorem stet duo elitr velit consequat tempor nibh takimata tempor. Sed consectetuer ea voluptua sanctus nisl invidunt amet sanctus sanctus. Adipiscing gubergren dolore voluptua odio suscipit sea vero labore. Quod stet et nulla sed feugait erat lobortis ad accusam sanctus dolor. Tempor dolores diam magna sed duis. Sanctus dolore invidunt ut option no accusam te lorem et lorem aliquyam lorem sit ut. Ipsum lorem sed sadipscing takimata eos exerci.\nErat eos labore nulla te ut invidunt dolore lorem sit kasd vero ex diam et dolor. Exerci facilisi et et lorem ullamcorper ex nibh consequat et. Soluta est sanctus hendrerit sit justo accusam aliquip ullamcorper et eos gubergren erat sed et. Sed kasd iriure. Feugait diam nonumy sed justo diam accumsan aliquyam delenit nulla autem dolore in eos congue dolores amet et amet. Facilisi sit et lorem invidunt sea elitr sadipscing amet.\nWisi blandit kasd assum clita et elitr aliquam dignissim clita. Est in justo. Voluptua diam ut ea amet justo adipiscing consetetur lorem gubergren sea ut eum sed dolor diam. Ut dolor rebum ad eu ipsum invidunt aliquip erat accusam et eos eu at. Ut consetetur eu molestie no invidunt facilisis vel labore nulla nonummy erat. Aliquyam iriure nonumy et feugiat quis accusam et est duis ea invidunt ipsum eos. Minim no accusam luptatum option eleifend amet duo dolor et tempor kasd accusam laoreet aliquyam. Duis vero ea magna.\nFeugait at lorem et dolor stet dolore sit amet kasd tempor ex. At molestie rebum erat lorem magna. Sadipscing lorem sadipscing. Option dolor elitr takimata zzril clita labore kasd est labore erat.\nElitr delenit tempor volutpat veniam dolores diam takimata nonumy clita eirmod. Volutpat amet kasd in ea diam quis feugiat qui sea lorem ut no volutpat. Sed voluptua sit nulla. Eos qui tempor sed sadipscing et sit dolore dolores sit et invidunt eirmod. Amet duo et accusam nonumy sed sea dolore sadipscing wisi no ea. Consetetur erat et erat euismod sit kasd magna sit takimata accusam nihil ullamcorper sadipscing. Aliquyam vero et justo dolore accusam vulputate et est dignissim vulputate. Justo diam ut diam magna clita. Sit lorem soluta. Dolore justo sed ut consetetur. Dolor hendrerit nulla labore commodo ipsum vulputate invidunt diam.\n","publishDate":"2022-06-09T14:40:36.3223121+00:00"},{"id":7,"title":"Book 7","description":"Eirmod gubergren diam dolore lorem vel quis diam sadipscing ipsum velit ut. Te velit sit et ut sit ipsum feugiat. Iriure ipsum sed gubergren. Accusam tempor nonumy. At nibh ut stet nibh voluptua voluptua sed est dolor gubergren et sea stet in ut elitr accumsan. Kasd sit diam diam sadipscing. Vel vero dolore consetetur ea velit lorem et dolor et eos takimata dolor amet.\n","pageCount":700,"excerpt":"Ut facilisis est ipsum vel adipiscing in est at eros dolor et kasd ut. Ea nibh est consetetur vel lobortis et sanctus amet stet. Takimata stet duo diam consetetur quis lorem nibh duis kasd et ad ipsum sit sed. Duo esse eum mazim elitr ipsum ipsum accusam duis mazim dolor dolores nonummy sed eos. Ut consetetur euismod diam ipsum ipsum magna ut nibh ut lobortis vero eum dolores takimata. Tempor erat ipsum duo accusam accusam sea in rebum magna amet clita exerci in sit dolore tempor. At esse sed dignissim voluptua accusam takimata diam dolores. Erat sadipscing at et dolor no ipsum dolores voluptua sanctus et ea et diam rebum est ad facilisis diam. Nonumy invidunt tempor et nam tempor ut amet ipsum diam consetetur dolore lorem sit feugait possim takimata accusam vel. Diam sed dolore ea sed delenit. Duo facilisi est diam sit sit. Justo in takimata. Et lorem eos dolor. Dolores elit gubergren gubergren eirmod autem iriure et doming gubergren et ipsum feugiat sea accusam et elitr soluta duo. Ipsum lorem ipsum et voluptua dolore dolore et ea. Dignissim amet et consequat sanctus ut ex est ea tempor labore eirmod nostrud. Erat aliquyam nulla ipsum justo vel feugiat delenit sanctus justo labore no consectetuer. Gubergren sanctus dolore no dolor rebum takimata diam placerat magna dolor ut at liber eirmod ea consetetur gubergren nostrud. Duo eum vero consequat ea erat consequat sanctus velit.\nIpsum et et eirmod no liber sed tempor ea sed sit facilisi vero eos. At gubergren facilisis et erat at est sit clita dolore dolore lorem. Et consectetuer ipsum accusam assum consequat ipsum consectetuer eos duo augue sadipscing ipsum et kasd nisl amet vero. Invidunt option lorem in nihil lorem vero eirmod consetetur accusam nulla illum consetetur invidunt sit zzril. Sea commodo et. Voluptua sit accusam. Facilisis diam dolor ipsum iriure dolores nulla. Sit aliquyam enim justo elitr ipsum justo rebum dolore lorem clita ea et nisl. Eos sed sadipscing dolor sit lorem sed lorem. Nobis nulla labore esse consequat invidunt vel est diam. Sadipscing eos eleifend adipiscing at lorem voluptua accumsan vero accusam diam ut elitr consetetur takimata. Nulla amet et amet gubergren gubergren ea et vel amet accusam tempor. Dolor in takimata. Elit sea nisl in gubergren. Dolor feugait congue eu amet et sit tempor nulla eu voluptua vulputate eum dolore et sed. Sed elit amet congue kasd eos lobortis dolore autem dolore dolore aliquyam. Dolore aliquyam vel. Lorem lorem nulla stet ut consetetur dolor exerci erat voluptua diam. Te at lorem ipsum sadipscing clita takimata rebum consequat at tempor.\nEnim diam rebum at et sea aliquyam et amet et clita wisi est consequat velit sed sed. Sit eu est. Sea diam diam sed. Et accusam dolore sed et ipsum kasd sed est et et lorem.\nUt consequat no sadipscing tempor facilisi gubergren diam. Imperdiet diam sed no magna feugait magna. Commodo esse volutpat. Amet stet eros aliquyam voluptua consetetur facilisis illum illum sea rebum imperdiet eirmod et. Amet gubergren diam nobis amet tempor ipsum est amet sed adipiscing rebum. Vero molestie cum diam amet takimata nam accusam kasd stet. Dolor nulla amet vero assum kasd nostrud accusam clita et ea dolor no et duo ipsum dolor sea. Eirmod no dolore aliquyam voluptua sit. Vero eum zzril duis et cum lorem diam eirmod ipsum dolores vero. Nonumy rebum gubergren sit dolore feugiat. Consetetur sanctus ex tempor. Stet hendrerit at dolore dolores adipiscing at diam ea eirmod.\nUt illum kasd duo illum quis ea ut sed sed tempor at ipsum. Blandit dolores ipsum nonumy consectetuer sit sit elitr vero. Aliquyam sit accusam ex sed ipsum amet sit dolor et vel duis ad ea diam tincidunt invidunt wisi. Accusam ea labore sed ut dolores nonummy erat et tempor accusam. No autem sed nonumy dolores tempor dolore sadipscing aliquyam ut consequat nostrud et sadipscing accusam. Luptatum eu no in autem dolore invidunt eu. Duo stet lorem. Justo magna rebum sed no nibh ut et sea aliquyam labore sanctus. Dolor dolores dolore liber amet no erat. Dolore eos erat sed amet. Gubergren eirmod elitr labore aliquyam sadipscing eu amet in et tempor. Esse aliquip blandit accusam invidunt hendrerit tempor dignissim clita justo nihil gubergren vero et elitr in takimata feugait ut. Gubergren et elitr facilisis invidunt dolor accusam rebum et dolor et gubergren duo et sed nulla at. Et liber et magna eos sed dolore et kasd magna qui eirmod eirmod dolor tempor diam et. Ad eirmod lorem nonumy accusam vero sea duo sed lorem elitr ipsum. Dolore volutpat et velit ea takimata erat no sit diam lorem ipsum eos clita iriure ea sed eos clita. Consetetur sit invidunt et magna labore ex vulputate nonumy vel eirmod mazim takimata diam dolor accusam est no. Dolore invidunt quod clita lorem sit invidunt vel magna ea ut ea nulla et ipsum facilisis aliquam magna. Sea aliquyam at takimata et diam sit dolore amet ea te ipsum kasd ex.\n","publishDate":"2022-06-08T14:40:36.3224143+00:00"},{"id":8,"title":"Book 8","description":"Justo amet commodo tempor et amet lobortis et laoreet est. Sed sit sadipscing vel rebum no diam labore sadipscing sea augue ut vero dolor justo. Et et clita iriure amet. Eu erat dolor accusam gubergren facilisis vel vel voluptua minim elit et sed molestie erat enim sit consetetur ex. Mazim placerat accusam amet diam diam zzril diam labore eirmod sed clita et kasd enim. Lorem consetetur duis dolor consequat ad vel dolore diam dolor velit. Lorem amet sadipscing cum sed. Ullamcorper at exerci dolores veniam justo gubergren amet eos et.\n","pageCount":800,"excerpt":"Dignissim duo et no veniam. Feugiat ipsum volutpat at accusam ut suscipit facilisis molestie in lorem velit diam consetetur accusam. Lorem aliquyam est tempor commodo. Elitr gubergren vel clita rebum est. Ea duo amet duo sed at dolore consetetur feugiat eirmod labore. Ut et et.\nEt nulla ea eros ipsum consequat lorem gubergren consequat autem eos takimata. No amet ex at vulputate et lorem et amet invidunt sed ea elitr. Lorem in luptatum eu. Lorem diam nulla ut diam velit et tempor elitr sea laoreet vel nonumy tempor dolore erat nonumy dolore. Facilisis magna sea nihil gubergren elitr ut kasd sanctus zzril et velit et dolores dolor sed eos rebum. Kasd invidunt ut aliquip sit clita sit eros nonumy diam diam facer sit kasd ullamcorper duo at. Commodo vel duis dolor sed ea dolore nulla accusam ut nulla diam dolor elitr dolores. Et eos magna te nonummy esse accusam wisi eu labore aliquyam gubergren ipsum et consectetuer lorem voluptua blandit. Aliquyam luptatum no elitr. Et duo sanctus in gubergren dignissim minim labore eos. Elitr dolore ut eirmod id rebum kasd dolor ut nibh ut clita. Ea et nonumy sed imperdiet duo clita consequat kasd. Delenit feugiat sed euismod sanctus et dolor velit amet odio diam. Ipsum veniam voluptua vero gubergren eirmod aliquam sea duis magna est ut in et eirmod iriure justo. Ipsum elitr magna labore sed est eu ipsum lorem ipsum ut sadipscing diam vulputate ut. Et dolores ut laoreet sea. Sed erat ipsum duis.\nIpsum in amet aliquam dolores delenit soluta ut et ea. Accusam et nibh nonumy volutpat labore nisl sed lorem vero voluptua amet. Sed delenit sea est ea nulla rebum et duo erat lorem tincidunt iusto amet gubergren consetetur. Amet sit sed ea magna magna eleifend nostrud et dolor et takimata ut wisi sed ipsum diam et. Sanctus eos et te et consetetur. Stet diam doming lorem labore. Et kasd eos aliquyam diam nonumy diam dolores eros. Et accumsan sit justo quis diam et eirmod consectetuer.\nTempor in commodo lorem accusam tempor kasd ut vero duo sadipscing duo suscipit quis stet elitr dolor clita. Nonumy ipsum aliquyam ipsum vel ut vero no at lorem esse nam sit eleifend ipsum feugiat. Feugait gubergren et molestie elit et dolor nostrud enim iusto sanctus no labore vero. Diam eirmod rebum aliquam sea invidunt amet ea et clita ipsum qui consectetuer. Ut diam eos dolore gubergren dolore eirmod eos feugiat lorem. Nostrud aliquyam et ipsum duo amet vero voluptua et iriure invidunt ipsum rebum stet gubergren sea. Et at elit enim esse aliquyam eirmod ipsum eirmod diam sed. Dolor eos consectetuer elitr ut ad sanctus. Accusam commodo veniam erat tincidunt diam duis. Amet sadipscing iriure voluptua in duis ipsum sanctus gubergren dolore sed labore. Consetetur ex vero et clita magna sed dolor erat aliquyam takimata kasd sed hendrerit. Diam dolor tempor ipsum magna dolore.\nDolore ipsum lorem vero elitr rebum ipsum diam dolores vulputate takimata voluptua consetetur eirmod erat sed takimata diam. Facer clita tempor labore. Sed lorem accumsan elitr ipsum magna et sit voluptua. Sadipscing lobortis stet sanctus et voluptua dolor cum dolor accusam. Rebum et sed et rebum elitr tempor. Rebum sed consetetur rebum et labore accusam assum accusam vero est. Veniam sit amet sit at accusam duo sed commodo. Sed wisi augue et diam accusam ea justo sea eirmod dolore. Stet ut ipsum possim eirmod facilisi sed blandit in facilisis tempor labore.\n","publishDate":"2022-06-07T14:40:36.3224904+00:00"},{"id":9,"title":"Book 9","description":"Praesent dolore dolor sadipscing hendrerit dolor elitr esse labore nihil et ea diam aliquam vero. Sit kasd nonumy diam tempor ea dolor lorem et eros et lorem. Elit nonumy erat ut elit ex consequat. Ea magna nam facilisis iriure ex. Et takimata dolor no facilisis aliquyam amet lorem sed dolor voluptua sit. Eros diam et eros sadipscing invidunt invidunt dolor sed. Placerat ea suscipit vel et invidunt. Feugiat stet labore diam sit gubergren. At aliquyam dolor esse at eleifend euismod elitr dolores aliquyam sit eirmod magna. Amet nam no duo erat. Kasd sadipscing et laoreet in duo consetetur facilisi clita. Hendrerit te sit in vel et tation luptatum diam no kasd et. Consetetur soluta vel est eirmod hendrerit takimata et feugait et kasd feugiat dolore duo iusto amet ullamcorper liber. Erat amet eirmod lobortis ut facilisi. Rebum lorem sed et ipsum dolor imperdiet amet voluptua vero kasd rebum takimata ea est et. Molestie sanctus gubergren ipsum nonumy sit dignissim diam lorem vel lorem eu sanctus ipsum voluptua kasd in quis sea.\n","pageCount":900,"excerpt":"Et elitr invidunt accusam sadipscing dolore labore eum congue duo et et. Dolores ex congue at sea eos stet ut ipsum justo nulla rebum ipsum voluptua justo feugiat dolor clita et. Autem duo ipsum vero. Sit ipsum sit sit invidunt augue congue autem sit magna amet blandit duo et autem consetetur volutpat est eos. Ut nonumy facilisi molestie vero dolores luptatum consetetur vero at dolores dolor et hendrerit. Amet amet eirmod in invidunt. Lorem soluta amet at rebum nonumy ex ut illum dolore stet vero feugiat no sea delenit dolore. Nonumy sit tempor accumsan amet vel no erat voluptua sea amet ipsum sed eum enim et. Est vero gubergren augue. Dolores no sea sadipscing est clita elitr et est option gubergren duo aliquip tempor feugait et takimata lorem et. Et mazim nisl vel. Dolor facilisi ipsum sit consequat dolor voluptua in et.\nDolores dolor veniam magna tempor elitr lorem sit nonumy eros elitr vero hendrerit. Ea nostrud quod erat invidunt quod dolore et nisl qui est duis et justo. Labore dolor volutpat dolor ea invidunt sanctus. Nisl autem diam nonumy blandit eum gubergren mazim sit sanctus.\nAt sit exerci dolor est dignissim ad ad takimata et. Gubergren ut nonumy sanctus ipsum accusam voluptua feugiat sed gubergren. Sed magna gubergren est et kasd clita clita molestie et dolore illum laoreet et ut accumsan elitr feugiat. Quis ea sed diam dolores lorem. Est illum tempor vero sit in dolor duo. Nulla eirmod dolores autem dolor praesent nulla assum consequat autem aliquam sit diam at zzril. Lorem sit enim et. Sed elitr labore tempor nonumy. Sea magna vel consetetur labore est tincidunt diam lorem at nonummy nulla sea et. In at luptatum aliquyam zzril blandit dolore hendrerit. Nonumy facilisis voluptua ipsum est amet gubergren hendrerit stet invidunt erat sea sed sit.\nAmet magna stet kasd diam eos at eos diam et labore diam rebum dolore feugiat sanctus elitr. Lorem aliquyam at diam ea facilisi vero sed enim diam ut ex sed diam diam lorem et. Sea eu no lorem ipsum dolor vero dolor kasd erat et vero est amet amet sed dolor duo aliquam. Nonumy hendrerit sit stet sed nisl accumsan accumsan gubergren consetetur no rebum. Nobis ipsum illum nonumy ut esse diam dolor dolores eum vel. Sed vel sit labore. Duis nostrud ea in ullamcorper justo sed sit et justo rebum molestie elitr dolores velit sed duis eirmod. Duo eirmod eos lorem at lobortis dolore feugait lorem stet tempor duo sea exerci gubergren sit. Sed nulla elitr erat ipsum sadipscing dolor dolores.\nIn facilisis no et iriure dolor lorem et kasd dolor erat accusam. Eirmod gubergren ut dolore ut ex vulputate at lorem adipiscing sea stet justo nonumy diam. Eum hendrerit eu dolores dolores sed erat eum at augue hendrerit takimata sadipscing. Eum dolores diam. Est justo sit vel duo illum tempor minim autem aliquyam amet. Eos duo no labore lorem labore dolor lorem sed sadipscing aliquyam veniam diam.\n","publishDate":"2022-06-06T14:40:36.3225591+00:00"},{"id":10,"title":"Book 10","description":"Ex et amet eirmod sed vel doming tincidunt accusam tempor clita et et feugiat ut dolor amet nonummy dolor. Accusam dolores gubergren enim dolor accusam accumsan ut elit eirmod ex duo sed et liber facilisis amet. Gubergren in sed. Tempor aliquyam aliquyam erat rebum sanctus blandit sed no magna. Lorem suscipit eirmod vero ex ullamcorper ipsum diam amet consetetur labore blandit justo. Nonummy kasd sadipscing takimata no volutpat sed sit no aliquyam erat esse ea takimata invidunt volutpat. Quod eirmod iusto congue rebum voluptua dignissim consetetur. In rebum soluta blandit lorem magna gubergren ut est kasd vero illum lorem amet. Ipsum ea ipsum nibh clita at sit nostrud diam justo nulla eum dolore quis augue nonumy vero. Vero amet voluptua euismod at diam dolore in et accusam elitr nulla et nonumy tincidunt. Autem amet lorem at dolore at stet eos vulputate. Stet molestie lorem sed elitr voluptua vel ullamcorper vero et eum elitr dolore elitr.\n","pageCount":1000,"excerpt":"Sed at et et dolor justo ipsum kasd duo ad ut lorem magna commodo nobis lorem lorem aliquyam. Ut stet sadipscing at justo sea consequat duis feugiat. Lorem sadipscing kasd sit stet. Eirmod sanctus ut. Consetetur dolore lorem. Dolor et velit sed gubergren ad in in gubergren facilisis magna vulputate lorem ea lorem clita justo eos. Vero ea et at invidunt sit enim stet ipsum.\nLorem ut at lorem. Praesent velit elitr tempor clita sit illum dolore et dolore vero ut eos vulputate in. Accusam velit enim at sadipscing sit consequat vero gubergren nisl consetetur et sanctus elitr sit ea eum lorem. Diam iriure lobortis sit sed commodo suscipit. Ipsum sed amet diam. Ullamcorper sit dolores aliquyam nonumy sed diam sanctus nonumy duo diam tempor ut rebum in at invidunt. Eos eos no tempor illum adipiscing elitr dolor autem iusto diam gubergren wisi diam rebum erat sed. Nulla adipiscing aliquip ea gubergren consetetur sit diam nonummy assum at ut vero labore ex invidunt gubergren et lorem. Labore ad vulputate dolor commodo sit justo erat dolor sit stet nihil. Dolore amet et laoreet. Rebum dolore invidunt lorem sea eos eos. Consetetur nisl et erat praesent rebum ut eos dolor diam dolore voluptua. Ut at et takimata nulla et ea lorem consetetur dolor et eu eos invidunt sit dignissim aliquyam nostrud rebum. Elitr takimata sit. Mazim dolores amet at clita eos vero.\nDignissim voluptua elitr consequat amet delenit autem hendrerit sea. Sit sea vel sanctus kasd nonumy dolore enim dolor labore est no lorem sed illum luptatum gubergren sed sed. Accusam sed sit invidunt blandit aliquyam et eirmod ut gubergren amet sit rebum. Consequat nulla gubergren sanctus eirmod invidunt sed eros eirmod est lorem kasd dolor sit. Rebum velit takimata ut diam. Vero kasd kasd quod magna diam labore aliquyam vulputate dolores at consetetur sit voluptua et sanctus est. Sanctus kasd rebum nonumy elitr magna takimata sed at justo sanctus sanctus sadipscing sadipscing vero consetetur gubergren duo ipsum. Takimata et voluptua magna ipsum tempor clita dolores est at. Sanctus illum est. Aliquyam lorem labore dignissim wisi dolor ipsum accusam kasd ut qui sadipscing amet. Ipsum ea dolor sea eum amet. Ut et sed lorem justo laoreet et. Amet aliquam possim in ea. Sed eros lorem aliquip in ipsum eleifend ea facilisi consequat sed sit et ipsum gubergren diam. Elitr gubergren nonummy nulla dolores tincidunt ea dolor clita magna accusam amet est. Est lorem duis sadipscing takimata dolor at zzril elitr sit ipsum gubergren nostrud diam takimata erat justo in dolores. Ipsum tincidunt vel feugiat dolore lorem dolores est ad et facilisis et amet dolores et sed praesent in.\nEt gubergren cum sed diam at et magna in luptatum clita aliquyam sit labore consequat dolor qui aliquyam. Sea nisl stet et et possim. Lobortis erat eirmod ea nostrud voluptua est elitr lorem tempor at diam est. Labore tincidunt elit et consetetur amet eu duo dolores dolor sed molestie kasd dolor vulputate volutpat sed. Diam eos duo et et accumsan eirmod volutpat voluptua gubergren vel quis. Erat id nonummy tincidunt at odio dolores no diam est est clita at iriure sed ipsum laoreet. Duis at ullamcorper labore feugiat dolor ea elitr no.\nDiam et et nonumy ullamcorper clita sed amet eos magna. Sanctus accumsan amet duo stet voluptua elitr dolore dolor sanctus erat quod ut invidunt consequat sit clita clita. Nobis minim eirmod clita lorem dolor et invidunt et illum delenit ipsum. Et dolor amet ut et.\n","publishDate":"2022-06-05T14:40:36.3226338+00:00"},{"id":11,"title":"Book 11","description":"Iusto amet voluptua eu dolor lorem erat no ipsum gubergren ea lorem eirmod. Ipsum tempor diam diam amet adipiscing sed dolor dignissim ut dolores sea duis. Gubergren qui clita vel et eos sit. Ipsum in labore consetetur et stet tempor clita zzril consequat gubergren suscipit placerat elitr sed nulla vel. Ipsum ut nibh et. At sed elitr lorem duo luptatum justo dolore rebum nibh stet justo blandit accusam. Dolor erat rebum in est labore ipsum amet. Duo nulla diam eirmod vulputate te dolore in amet takimata diam ipsum erat rebum ipsum enim. Eleifend sit at eu eos ut id vulputate commodo ut sanctus. Tempor lorem lorem amet gubergren magna sed labore et rebum eirmod vel vulputate sea kasd ea possim ea ea.\n","pageCount":1100,"excerpt":"Eros dolor duo lorem consequat consetetur amet eirmod mazim ut feugait sed ipsum vero elitr diam sed. Et kasd facilisis ut invidunt sed stet eirmod et lorem iriure invidunt consectetuer. Dolor takimata at dolor magna te vero erat sed vel sit facilisis quis et eirmod vel qui vero. Augue magna sit volutpat amet kasd sea takimata ipsum erat aliquam voluptua takimata labore. Wisi duis stet consetetur dolor veniam stet elit et ipsum ea euismod. At vel magna veniam et tempor eos justo euismod sea euismod duis et ipsum takimata. Velit nonumy nonumy duis vero sanctus et accusam dolore aliquyam ea. Clita no ut lobortis in rebum et eos ipsum est sanctus justo clita. Tempor eirmod vel no vero amet eirmod eirmod ea nulla euismod aliquyam nonumy duo at at. Diam lorem lorem. Lorem velit at eos sanctus eirmod diam id amet et in molestie sea et aliquam tempor amet diam sed. Et ea elitr sed duis vero ipsum takimata eos et wisi. Aliquyam stet sanctus eos doming diam dolores vero kasd minim lorem vel tempor augue dolore lorem. Nonumy augue ut clita sed lorem duo adipiscing aliquyam clita dolore lobortis assum odio labore velit. Sit consetetur feugiat vero no est et et nobis dignissim elit eu sed labore sadipscing. Invidunt soluta labore sit diam sed sadipscing et sit amet erat. Sit sed sed wisi. Vel duo tempor dolore sit aliquyam nulla eos veniam iriure labore vel ea diam sed nonumy gubergren ipsum justo. Vulputate invidunt duo et nostrud et tincidunt no velit.\nErat justo et consetetur adipiscing facilisi clita eos et augue consectetuer nisl ex no suscipit invidunt clita. Dolor at eirmod et labore ut kasd amet amet diam elitr sit ea amet dolor esse. Et diam gubergren clita et dolor aliquyam dolor et sea ipsum ipsum clita lorem molestie. Eros velit et eos takimata et sea dolores. Takimata justo dolore nisl dolor sit ullamcorper et accusam diam sit sit nonumy ex sed. Voluptua sit tempor illum rebum aliquam eos esse accusam vero sed ipsum stet eos lorem luptatum diam consetetur. Vel ipsum clita ut nonumy aliquam magna sed rebum facilisi aliquyam dolor. Ipsum ea magna gubergren magna ut est ipsum doming minim vel accumsan duis justo erat et sed.\nEum elitr nulla consetetur diam ea tempor sea clita diam no sit diam est dolor takimata ipsum amet ea. Sed lobortis sanctus dolor est aliquyam sit sadipscing. Lorem justo vero minim sanctus sanctus lorem. Est ut ipsum consetetur sed sadipscing liber amet zzril elitr diam amet stet sea sed diam. Et vero ut nostrud eirmod dolores ipsum consetetur diam ad. Ut ipsum duo lorem lorem accumsan mazim dolore nulla nibh rebum. Qui labore vulputate nisl sea volutpat facer nostrud kasd dolor. Lobortis dolore stet. Dolores sit ea lorem eirmod congue sadipscing et clita vero eirmod. Facilisi ea voluptua rebum ipsum ipsum diam duo sanctus lorem amet consetetur duis. Lorem praesent eirmod et gubergren volutpat diam sit laoreet rebum dolore. Eros dolores nibh erat duis ipsum accusam voluptua et te dignissim soluta aliquyam. Eos clita amet blandit voluptua aliquip volutpat assum id gubergren sed et rebum nonumy. Tation vero amet eirmod in eros veniam sea dolor liber. Vero accusam sit tempor magna lorem in in amet diam nonumy et nibh autem. Eos in dolores in dolor labore duis quod.\nVoluptua lorem est duis kasd est aliquip ipsum at. Duo lorem sit erat takimata. Placerat amet et enim dolor duo tempor dolor lorem et et labore blandit duis no. Diam facilisi est sit invidunt dolor. Et sanctus vero nobis autem sed et nonumy et sed praesent sea eirmod justo diam. Elitr et dolor tempor nonumy commodo aliquyam rebum consequat erat ullamcorper stet. Invidunt takimata labore stet sed luptatum sit kasd dolores eos. Labore dolore ex et invidunt invidunt est sea dolor vero. Cum praesent esse nulla sadipscing sadipscing erat lorem diam. Diam quis ad sed. Consequat gubergren tempor ex sea takimata sadipscing et sadipscing sea amet accumsan.\nDolore vel consectetuer labore ut nonumy sit sit aliquam elitr justo magna dolore aliquyam dolor. Lorem invidunt sed. Iusto stet velit eum ea et consetetur consetetur. Et congue lorem dolor voluptua sit vero assum voluptua diam sit et dolor. Amet erat diam no. Dolor ipsum lorem no sed in possim lorem sea est eos sit sed nam ipsum lorem dolor consequat aliquyam. Amet accusam at kasd amet amet velit liber et te consequat eirmod. Et zzril amet luptatum dolor iriure. Est nonummy lorem eu ipsum nonumy vero vel et elitr dolor minim. Et rebum voluptua in sadipscing stet sit ipsum labore et eos in invidunt ipsum praesent diam. Aliquip diam sanctus et amet in eos elitr nibh. Et amet takimata facilisis quod dolores sed feugiat et ipsum dolor ut sed delenit facilisis stet kasd et. Labore ut sed lobortis vulputate gubergren clita tation gubergren nonumy sed ipsum rebum sit takimata et sea. Lobortis velit aliquam consetetur vero dolor ea tempor diam.\n","publishDate":"2022-06-04T14:40:36.3227278+00:00"},{"id":12,"title":"Book 12","description":"Consetetur stet aliquyam sanctus consectetuer sadipscing et aliquyam ullamcorper luptatum lorem illum elitr dolore diam. Dolor diam nonumy ut nonumy blandit suscipit takimata sed in diam sit diam ut qui dolore. Et ea gubergren diam feugiat. Elitr est iriure et sit labore et adipiscing stet cum voluptua dolores sit eirmod rebum dolores amet nonumy. Sed magna ipsum accumsan diam vero dolor accusam blandit sanctus amet erat ipsum aliquyam diam. Augue erat ut at facilisi invidunt. Sed sea rebum sit. Consetetur adipiscing ut nonumy tempor lorem ex. Et feugiat lorem hendrerit lorem. Nulla in sit dolore sed sed et sed esse takimata kasd autem eleifend elitr. Euismod dolor diam et takimata duis labore odio kasd hendrerit sed volutpat kasd at magna. Hendrerit erat stet erat et magna odio ea vero lorem justo et diam. Tation nonumy dolore feugait et dolor sed lorem suscipit et vero et ut. Justo voluptua elitr amet. Praesent invidunt minim tempor stet voluptua in eros nibh rebum odio. Ut dolor aliquip dolores est no et nonummy nihil dolor in est consequat nonumy.\n","pageCount":1200,"excerpt":"Dolore amet et nonumy ipsum. Amet elitr amet dolor delenit molestie et. Aliquam vero dolor facilisi nonumy sed soluta magna. Et et et est eirmod dolor veniam accumsan eum aliquyam clita tempor ut et kasd. Lorem volutpat exerci accusam lorem sed invidunt et accusam diam ea invidunt. Amet justo rebum no. Lorem takimata magna at sanctus sit ut sea diam lobortis. Velit sadipscing sea quis. Ut in amet te diam nonumy ut ipsum labore te dolore takimata labore consetetur kasd erat sed. Et lorem consetetur aliquyam tation stet molestie diam nonumy amet no sit labore sea et takimata magna diam. Lorem feugiat consetetur accusam sed in magna dolor consetetur facilisis clita consetetur kasd clita dignissim vero. Iusto est dolores consequat takimata labore amet cum sadipscing dolores et. Sit sed stet et eirmod erat quis. Eleifend et et. Et consetetur justo sed takimata dolores eirmod lorem gubergren tempor invidunt at kasd. Elitr consetetur eum duo ut eos magna laoreet euismod lorem. Gubergren sed et elitr sit.\nLuptatum dignissim molestie diam rebum lobortis imperdiet feugait sed kasd facilisis erat sed. Eos nulla invidunt justo commodo sed illum ipsum facilisi exerci zzril accusam sanctus zzril accusam vero. Et et nibh consetetur invidunt justo erat rebum ut accusam voluptua amet sit dolor magna takimata. Vulputate magna dolor in accusam sadipscing sadipscing dolore stet.\nDolor erat magna. Ut est gubergren sit erat diam enim eum eros est nostrud diam voluptua. Aliquyam zzril ipsum feugiat consequat erat sea sed option sit eirmod dolor. Sea nonumy dolor ut. Sea accusam in takimata tempor aliquyam diam ut justo vel et consequat. Ea nisl et commodo sadipscing vel ipsum facilisis.\nDuis accumsan rebum stet sed accusam diam sit aliquyam lorem eirmod justo. Clita nonumy diam eos suscipit magna sadipscing vero sed clita accusam et. Vero dolor ipsum duis laoreet dolore suscipit gubergren consetetur nobis et dolores zzril autem ipsum ipsum et. Lobortis dolor et et clita sed dolore tation autem diam voluptua nonumy exerci dolore in. Sit eum ipsum rebum dolore quis adipiscing vero duo nisl sanctus tincidunt nonumy.\nEst consequat veniam et. Sea lorem dolore nonumy gubergren kasd stet diam est velit diam diam ut dolores. Commodo est kasd esse consetetur duo ipsum ipsum sanctus. Amet molestie ea eu aliquip et sit dolore amet in elitr congue no est et. Tempor et erat feugiat diam ipsum iusto elit sanctus illum. Aliquyam et voluptua gubergren dolor no erat no vero volutpat stet odio. Consetetur et sed te et ipsum et nonumy enim et nulla erat eos at dolore dolore ea. Est et labore et eirmod at nulla. Diam nulla sit sit aliquyam. Et erat tempor amet nam stet eos at aliquyam consequat adipiscing at nonumy magna rebum ut. In gubergren sit no odio dolores sed. Ut ea labore. Option kasd enim. Ut feugiat dolor tempor diam facilisis ipsum sea sit imperdiet aliquip dolores dolore.\n","publishDate":"2022-06-03T14:40:36.3227991+00:00"},{"id":13,"title":"Book 13","description":"Imperdiet esse lorem lorem molestie sanctus. Te clita te lorem erat dolor diam amet velit nonumy dolores eirmod est ut erat rebum. Diam takimata sadipscing clita gubergren sit clita feugiat nonumy duo sanctus at. Lobortis amet at at invidunt eu veniam nonumy sadipscing sanctus. Labore et sanctus amet consetetur et delenit. Feugait nam voluptua minim ea lorem dolor duis elit esse dolor feugiat blandit invidunt eos eleifend accusam stet consequat. Sit volutpat et ut dolor takimata diam accusam voluptua kasd labore amet dignissim sed. Sadipscing eum lorem diam invidunt justo est sed lorem. Iriure sit ipsum dolore duis sed magna elitr kasd sea nonumy ut elitr quis gubergren diam. Sed molestie rebum eos diam no et aliquyam justo sanctus vero duis clita wisi sea dolor et. Takimata erat esse quod dolore sed facilisi et dolores dolore vero. Qui aliquyam at accusam aliquyam sed accumsan dolor. Te dolor lorem elitr eos vero rebum ipsum eum dolore. Velit invidunt vel. Gubergren minim est vero et eos elitr et dignissim ea voluptua sed dolores hendrerit velit. Diam ut stet sed luptatum dolor. Gubergren ea kasd et est veniam iriure tempor consequat. Rebum dolor dolore clita dolor accusam elitr duo erat labore diam sit erat duis dolore sed ipsum est.\n","pageCount":1300,"excerpt":"Tempor consectetuer no ea consetetur esse ipsum lorem eirmod sit at clita et et laoreet dolor. Ut vel et accusam wisi erat erat nonumy gubergren magna rebum nonummy voluptua amet in nulla sed sea. Volutpat duo at augue elitr et. Eros sea ea erat nulla vero augue sed eu euismod sea ut facer nisl nulla at ut ea labore. Clita veniam nisl ipsum elit sed. Sit dignissim sed vel nonumy lorem esse accusam.\nAliquyam sea diam stet. Enim kasd et vero velit dolor clita. Hendrerit vel ut amet duo kasd eos elit volutpat tincidunt ipsum dolor suscipit et sit aliquyam invidunt. Et lorem dolores est sea eum stet gubergren sit nulla labore ut esse diam labore doming ut sit. Lorem luptatum nostrud clita clita vel dolor ut nibh. Sadipscing rebum diam tation magna magna stet takimata sit velit et et nulla ea minim. Kasd sit voluptua duo no sanctus sit veniam et tation placerat vel eos dolor accumsan eirmod duo. Lorem sadipscing vel lorem voluptua stet eirmod sit invidunt sit ipsum accusam diam id velit dolore dignissim.\nNostrud aliquyam invidunt duo dolor vero vero. Amet labore sadipscing amet erat rebum magna. Tempor erat augue sadipscing stet aliquyam diam et wisi no minim dolores dolor no in accusam et sadipscing tincidunt. Duo at dolor at ut. Laoreet justo sadipscing stet vero sanctus sea consectetuer dolores sed eos elitr magna. Lorem amet et aliquyam nulla euismod eros euismod. Et diam diam no no consetetur kasd accumsan aliquam sed no facilisis accusam at nam ut liber. Consequat sed magna dolor zzril kasd elitr takimata vulputate eros hendrerit. Voluptua eum sit tation accusam invidunt dignissim ut duo aliquyam sanctus lorem.\nPlacerat diam iriure odio duis lorem voluptua dolores sanctus dolores sit at autem elitr. Commodo vulputate lorem ipsum consetetur rebum stet dolore kasd. Volutpat ipsum diam sed consetetur. Tempor kasd et assum odio dolor ea erat ullamcorper tempor gubergren duo nibh. Diam no ad lorem et congue magna. Voluptua ut in gubergren lorem nulla diam est invidunt at ut dolores molestie dolor clita aliquam sit suscipit. Vero gubergren sanctus est. Amet dolore gubergren amet ut sed ut augue ipsum tempor ut ipsum. Voluptua erat ut ipsum nobis sit. Labore at diam. Dolor diam ipsum et magna sit nulla accusam magna ipsum gubergren duo tempor ea et. Consectetuer possim justo amet dolore. Diam et at vulputate odio sea eos et aliquyam et est voluptua dolor amet tempor sed diam dolor. Zzril vel illum et ad congue nonumy vel liber et nibh. Te facilisi labore stet illum et ipsum eum accusam. Clita ut eirmod clita euismod dolores at in.\nSit no clita duis ea tempor nibh voluptua consectetuer. Dolores vel aliquam sit erat justo sed dolore vulputate sanctus sed tempor aliquam labore. Sit sed consequat et accusam sea clita id magna tempor sit consetetur molestie volutpat ea. Iusto gubergren iriure stet eros illum dolore commodo nostrud et sadipscing sanctus. Nisl vero sea erat nonumy. Nulla aliquyam accusam clita tempor est at in justo feugiat no kasd amet eos rebum lorem dolores vero. Ad duis invidunt ipsum erat dolor kasd takimata tincidunt elitr lorem kasd et amet lorem.\n","publishDate":"2022-06-02T14:40:36.322874+00:00"},{"id":14,"title":"Book 14","description":"Amet praesent suscipit sea sit sit iriure vero sit elitr nonummy labore accusam. Laoreet sit quod placerat diam takimata dolore kasd gubergren ipsum lorem ut dolor. Duo consetetur sit ut lorem. Ipsum duis ut sit lorem eleifend dolor at erat in esse et diam est duis diam dolor elitr no. Amet hendrerit sed duo feugait ut amet hendrerit takimata sed amet elitr. Eirmod sit sed eirmod dolor et nonumy.\n","pageCount":1400,"excerpt":"Praesent praesent et no sed elitr est invidunt dolor lorem voluptua magna blandit dolore nonummy. Sit stet aliquip invidunt blandit tempor dolor rebum sanctus dolor hendrerit erat minim consetetur adipiscing. Est no esse lobortis dolor et in no et et eirmod no kasd tempor volutpat dolor. Dolores nulla clita takimata feugiat laoreet ipsum ut dignissim lorem sea dignissim praesent. Nonummy dignissim sanctus diam in dolor. Magna ipsum dignissim eum vel. Lorem ullamcorper lorem justo. Diam justo autem et molestie sit amet liber no eirmod lorem stet invidunt sanctus lorem est. Ipsum no gubergren sed nibh ad consequat at sadipscing rebum nonummy qui. Stet laoreet invidunt elitr.\nDolores tation et kasd duis eirmod ut magna ea possim erat tempor sadipscing ipsum. Dolores et elitr. Clita gubergren et elitr diam dolore zzril invidunt veniam voluptua voluptua eum diam diam vel sit justo. Lorem sit nonumy at feugiat et nisl. Diam amet volutpat sed erat ea sadipscing et. Erat te et eos sed lorem dolor nulla est nonumy sadipscing. Dolor erat erat sit sit iriure sit lorem hendrerit stet. Sea ut sanctus rebum duo. Ea kasd duo takimata ex voluptua sed ut et tempor. Eirmod dolore nonummy magna feugait dolor erat justo facilisis sed duo elitr luptatum accusam et est. Vel molestie et invidunt sit gubergren suscipit. At elit rebum mazim. Ea kasd est et consetetur sanctus aliquip eos autem wisi sed consetetur sea dignissim magna ipsum tempor invidunt. Vulputate sed quis veniam ea amet eirmod eos duo. Esse vulputate vel iriure sea vel laoreet invidunt eleifend dolore no adipiscing autem dolore justo diam elitr sadipscing vero.\nTempor clita ullamcorper sit dolore magna dolore takimata ipsum eos sit dolor et eos dolore ullamcorper labore erat. Eros et aliquip voluptua feugiat est hendrerit rebum dolore aliquip ipsum consetetur lorem no diam congue dolore at. Vel vero sed aliquyam kasd et hendrerit. Diam ipsum esse eos. Sadipscing dolores sit consetetur sit. Magna amet ipsum vero lorem magna et sed dolor. Consetetur illum euismod elit nostrud accusam et ut invidunt sea odio amet. Magna ut eos eu sit ut commodo sea soluta erat lorem dolor augue doming amet tempor sed gubergren te. Suscipit illum quis magna takimata dolores laoreet labore luptatum takimata iriure sit ad tempor. Tation dolore erat at sadipscing amet lorem nostrud accusam accusam lorem kasd amet et dolore. Dolores voluptua clita dolore dolor.\nEt erat eos sit nulla erat eirmod. Amet et invidunt dolore euismod amet invidunt commodo nulla aliquip sadipscing elitr no dolor liber sed dolores ut. Voluptua vero sit esse vero sit qui eos amet iriure dolores. Magna dolore duo magna invidunt accusam in lorem amet aliquyam sadipscing lorem et eirmod. Dolores dolor dolor et ut diam praesent augue erat ea takimata. At et et diam et sed et sed vero gubergren facilisis magna takimata dolore kasd dolore amet ea. Ea et voluptua dolor ipsum ut ullamcorper et takimata nihil invidunt nonumy nulla.\nVeniam labore sed feugait. Nihil ipsum no invidunt nibh vero accusam stet ut clita diam soluta ea. Consetetur facilisis assum et eirmod dolores magna. Et amet facilisi accusam est accumsan invidunt magna diam molestie tempor ad labore luptatum veniam justo consetetur feugiat. Duis at nostrud sea dolor et sanctus et voluptua voluptua. Accumsan facilisi diam hendrerit eu.\n","publishDate":"2022-06-01T14:40:36.322935+00:00"},{"id":15,"title":"Book 15","description":"Suscipit et magna duis iriure sit magna dolor dignissim labore sit invidunt et no no duo. Commodo accusam elitr eos nulla eos sea voluptua est stet eros. Eos stet lorem labore est. Suscipit est sit invidunt sed illum lorem. Et ipsum eos sanctus est rebum elitr velit. Et esse diam. Ullamcorper eos volutpat lorem laoreet stet ut. Possim sit justo ea accusam clita erat aliquam stet sadipscing elitr justo voluptua gubergren lorem dolor. Takimata kasd hendrerit. Et assum luptatum lorem ipsum dolor magna. Luptatum accumsan et invidunt iriure sit tempor est sed ut ad stet accusam eum. Consetetur et zzril.\n","pageCount":1500,"excerpt":"Blandit assum delenit dolor veniam commodo duo takimata dignissim adipiscing et labore ipsum. Eum blandit accusam et soluta sea gubergren et sea eos dolores diam vel et soluta eos. Et sanctus elit facilisis sed kasd justo possim consetetur labore justo. Sed stet erat ea amet ea dolor sanctus eirmod dolor eirmod feugait justo illum facilisi soluta. Sit nulla invidunt magna sea esse erat dolor at. Nulla ea sanctus nulla feugait gubergren diam. Gubergren eirmod nibh duis no. Praesent assum tempor duo accusam at zzril diam ut dolor sadipscing takimata amet et. Ut sit aliquyam eum dolor quod nonumy dolore facilisi minim labore clita delenit sit wisi sea nonumy praesent diam. Esse consequat amet delenit sit eirmod nonumy sit gubergren. Dolor magna est et odio accusam ea eirmod duis vulputate eu sadipscing. Invidunt odio no sit iriure dignissim sadipscing est vero est. Stet nisl sanctus labore eum no est odio justo sadipscing te justo sea vel. Feugait consetetur labore et labore et kasd nonumy et sea dignissim eirmod dolor nonummy et. At voluptua sit eirmod rebum ea duis iriure sit dignissim et iriure. Augue amet voluptua eirmod et clita amet accusam diam est nonumy commodo. Ut voluptua esse accusam elitr at ipsum luptatum ipsum.\nDiam nonumy consetetur clita nonumy duo autem dolore diam ea elitr sanctus consequat et elit ut ea. No accusam facilisi consequat ea aliquyam ut sea magna clita elit in ipsum ea. Kasd gubergren ipsum dolores tation magna invidunt.\nLorem ea dolore invidunt invidunt tempor quod eos. Consetetur takimata et in vulputate rebum stet est dolore et. Vel dolor stet nulla illum et vero iriure nisl sea no invidunt erat ea sanctus. Tempor nonumy blandit consetetur justo consetetur labore nonumy facilisis tempor in eirmod nonumy. Dolor amet amet sanctus amet aliquip ipsum labore esse sit rebum stet et eum. Labore consetetur vero ut amet vel dolores dolor nibh aliquip et stet ea dolor in nulla justo sanctus et. Nostrud ut eos justo est dolor lorem duo et. Sanctus eos voluptua consetetur. Dolor duo et vero sadipscing ut accusam sadipscing laoreet iriure assum duo et aliquyam. Amet sea ipsum et id at lorem est no invidunt sed dolores nulla eum duis ipsum. Sadipscing euismod ea nihil amet amet takimata vero. Magna clita dolor ut erat tempor et facilisis vel dolor dolore ut elit augue nostrud sit vulputate aliquyam consequat. Diam nulla diam eum stet vero eos ipsum in sed ut dolores. Tation ipsum labore dolore sed takimata lorem feugiat.\nCommodo amet vero te. At luptatum kasd. Dignissim sanctus dolore ut sadipscing sit laoreet lorem sed sanctus ut at accusam labore tempor diam labore euismod invidunt. Dolore consectetuer tempor nonumy qui. Consetetur takimata lorem iriure eos elitr duo minim vel et. Quis et id vero lorem diam laoreet et magna no ea justo erat zzril amet. Lorem rebum eos et elitr ea nonummy takimata ea nonumy. Et consetetur sea ullamcorper molestie amet amet odio ea te ullamcorper erat sadipscing sit eos labore. Clita assum feugiat voluptua vero sit ut dolores at vulputate dolores augue aliquyam. Takimata rebum ea hendrerit et ad volutpat sed at. Gubergren ut est exerci cum aliquyam eos qui eu. Augue doming no ipsum no feugiat eos sea erat diam labore sea consequat eos. Magna diam laoreet amet ipsum accusam ut enim ipsum dolores eirmod elitr placerat eos amet enim. Magna esse vero delenit sanctus sit dolore elitr ipsum et magna ut sit dolor eirmod. Ea ut dolor et illum sed lorem stet dolore gubergren eos accusam sea amet autem invidunt placerat sit diam. Lorem ut vero. Eirmod in lorem dolor lorem euismod eu rebum dolore sed diam sea sadipscing magna adipiscing lorem dolor. Enim sit assum augue duo vero ipsum consetetur. Autem voluptua dolores dolore ipsum option at adipiscing voluptua sed ut sea accusam sit labore.\nDiam amet dolore consetetur nonumy eos quis nonumy lorem erat facilisi sadipscing sed id dolore nostrud amet. Et eos amet erat consetetur. Adipiscing sanctus voluptua amet consequat et et lorem labore aliquip duo imperdiet dolor. Diam dolor nisl. Lorem consequat tempor nonumy. Ut at duo et duis eum sed lorem kasd eum consetetur dolor dolore magna qui. Lorem amet lorem gubergren accusam consetetur est sea vel at enim. Sit aliquyam iriure magna autem eirmod elitr. Dolore gubergren sanctus lobortis sadipscing commodo eos ipsum. Sadipscing dolore iriure tempor sadipscing sed vulputate labore erat ea sadipscing accusam sea tation est stet ut consequat. Dolor dolor lorem nibh eirmod magna. Sed lobortis enim sit lorem et dolor labore nonumy nulla voluptua veniam sea blandit praesent eu. Vero lorem ad voluptua ipsum dolores id labore magna mazim dolor kasd kasd.\n","publishDate":"2022-05-31T14:40:36.3230256+00:00"},{"id":16,"title":"Book 16","description":"Est sadipscing dolor duo qui sanctus doming eos dolor. Duo quod tempor vero sed magna et enim et nisl magna et sed sea in justo. Nisl dolor dolores et diam. Placerat quis duis sit illum stet est duis gubergren aliquyam. Nisl hendrerit lobortis at lorem amet. Ea erat sed erat est ipsum. Iriure amet amet. Voluptua qui eos diam. Ea duo dolor. Wisi ut dolore. Sed ipsum sadipscing est ipsum et quis ex ipsum labore diam praesent tempor dolore tempor nihil ut. Dolor tincidunt facilisi. Nonumy gubergren stet nostrud tempor ut in. Et stet enim labore dolor odio in eirmod clita in ut lorem vero. Dolore eos in lorem consectetuer elit lorem nonummy nonumy justo odio consetetur at amet hendrerit et. Tempor sed nisl dolor voluptua amet lorem quis et et invidunt voluptua no sea diam dolore no du
[...]
<doc>Verifies that the given item is not empty.</doc>
<msg timestamp="20220615 11:40:37.538" level="INFO">Length is 33</msg>
<status status="PASS" starttime="20220615 11:40:37.536" endtime="20220615 11:40:37.538"/>
</kw>
<status status="PASS" starttime="20220615 11:40:37.522" endtime="20220615 11:40:37.539"/>
</kw>
<status status="PASS" starttime="20220615 11:40:37.245" endtime="20220615 11:40:37.539"/>
</test>
<test id="s1-t3" name="Cadastrar um novo livro (POST)" line="21">
<kw name="Cadastrar um novo livro" library="Resource_API">
<kw name="Create Dictionary" library="BuiltIn">
<var>${HEADERS}</var>
<arg>Content-Type=application/json</arg>
<doc>Creates and returns a dictionary based on the given ``items``.</doc>
<msg timestamp="20220615 11:40:37.545" level="INFO">${HEADERS} = {'Content-Type': 'application/json'}</msg>
<status status="PASS" starttime="20220615 11:40:37.544" endtime="20220615 11:40:37.545"/>
</kw>
<kw name="Set Variable" library="BuiltIn">
<var>${DATA}</var>
<arg>{"id":210, "title":"Meu Book Novo", "description":"Meu novo livro conta varias coisas", "pageCount":420, "excerpt":"Meu Novo livro e incrivel.", "publishDate":"2022-06-10T15:40:01.472Z"}</arg>
<doc>Returns the given values which can then be assigned to a variables.</doc>
<msg timestamp="20220615 11:40:37.546" level="INFO">${DATA} = {"id":210, "title":"Meu Book Novo", "description":"Meu novo livro conta varias coisas", "pageCount":420, "excerpt":"Meu Novo livro e incrivel.", "publishDate":"2022-06-10T15:40:01.472Z"}</msg>
<status status="PASS" starttime="20220615 11:40:37.545" endtime="20220615 11:40:37.546"/>
</kw>
<kw name="Log To Console" library="BuiltIn">
<arg>${DATA}</arg>
<doc>Logs the given message to the console.</doc>
<status status="PASS" starttime="20220615 11:40:37.546" endtime="20220615 11:40:37.547"/>
</kw>
<kw name="POST On Session" library="RequestsLibrary">
<var>${RESPOSTA}</var>
<arg>fakeAPI</arg>
<arg>Books</arg>
<arg>data=${DATA}</arg>
<arg>headers=${HEADERS}</arg>
<doc>Sends a POST request on a previously created HTTP Session.</doc>
<msg timestamp="20220615 11:40:37.765" level="INFO">POST Request : url=https://fakerestapi.azurewebsites.net/api/v1/Books 
 path_url=/api/v1/Books 
 headers={'User-Agent': 'python-requests/2.26.0', 'Accept-Encoding': 'gzip, deflate', 'Accept': '*/*', 'Connection': 'keep-alive', 'Content-Type': 'application/json', 'Content-Length': '186'} 
 body={"id":210, "title":"Meu Book Novo", "description":"Meu novo livro conta varias coisas", "pageCount":420, "excerpt":"Meu Novo livro e incrivel.", "publishDate":"2022-06-10T15:40:01.472Z"} 
 </msg>
<msg timestamp="20220615 11:40:37.765" level="INFO">POST Response : url=https://fakerestapi.azurewebsites.net/api/v1/Books 
 status=200, reason=OK 
 headers={'Content-Type': 'application/json; charset=utf-8; v=1.0', 'Date': 'Wed, 15 Jun 2022 14:40:38 GMT', 'Server': 'Kestrel', 'Transfer-Encoding': 'chunked', 'api-supported-versions': '1.0'} 
 body={"id":210,"title":"Meu Book Novo","description":"Meu novo livro conta varias coisas","pageCount":420,"excerpt":"Meu Novo livro e incrivel.","publishDate":"2022-06-10T15:40:01.472Z"} 
 </msg>
<msg timestamp="20220615 11:40:37.766" level="INFO">c:\users\014645631\appdata\local\programs\python\python39\lib\site-packages\urllib3\connectionpool.py:1013: InsecureRequestWarning: Unverified HTTPS request is being made to host 'fakerestapi.azurewebsites.net'. Adding certificate verification is strongly advised. See: https://urllib3.readthedocs.io/en/1.26.x/advanced-usage.html#ssl-warnings
  warnings.warn(</msg>
<msg timestamp="20220615 11:40:37.769" level="INFO">${RESPOSTA} = &lt;Response [200]&gt;</msg>
<status status="PASS" starttime="20220615 11:40:37.548" endtime="20220615 11:40:37.769"/>
</kw>
<kw name="Log" library="BuiltIn">
<arg>${RESPOSTA.text}</arg>
<doc>Logs the given message with the given level.</doc>
<msg timestamp="20220615 11:40:37.770" level="INFO">{"id":210,"title":"Meu Book Novo","description":"Meu novo livro conta varias coisas","pageCount":420,"excerpt":"Meu Novo livro e incrivel.","publishDate":"2022-06-10T15:40:01.472Z"}</msg>
<status status="PASS" starttime="20220615 11:40:37.769" endtime="20220615 11:40:37.771"/>
</kw>
<kw name="Set Test Variable" library="BuiltIn">
<arg>${RESPOSTA}</arg>
<doc>Makes a variable available everywhere within the scope of the current test.</doc>
<msg timestamp="20220615 11:40:37.773" level="INFO">${RESPOSTA} = &lt;Response [200]&gt;</msg>
<status status="PASS" starttime="20220615 11:40:37.772" endtime="20220615 11:40:37.774"/>
</kw>
<status status="PASS" starttime="20220615 11:40:37.542" endtime="20220615 11:40:37.775"/>
</kw>
<kw name="Conferir o status code" library="Resource_API">
<arg>200</arg>
<kw name="Should Be Equal As Strings" library="BuiltIn">
<arg>${RESPOSTA.status_code}</arg>
<arg>${STATUSCODE_DESEJADO}</arg>
<doc>Fails if objects are unequal after converting them to strings.</doc>
<msg timestamp="20220615 11:40:37.778" level="INFO">Argument types are:
&lt;class 'int'&gt;
&lt;class 'str'&gt;</msg>
<status status="PASS" starttime="20220615 11:40:37.777" endtime="20220615 11:40:37.778"/>
</kw>
<status status="PASS" starttime="20220615 11:40:37.776" endtime="20220615 11:40:37.779"/>
</kw>
<kw name="Conferir o reason" library="Resource_API">
<arg>OK</arg>
<kw name="Should Be Equal As Strings" library="BuiltIn">
<arg>${RESPOSTA.reason}</arg>
<arg>${REASON_DESEJADO}</arg>
<doc>Fails if objects are unequal after converting them to strings.</doc>
<status status="PASS" starttime="20220615 11:40:37.780" endtime="20220615 11:40:37.782"/>
</kw>
<status status="PASS" starttime="20220615 11:40:37.779" endtime="20220615 11:40:37.782"/>
</kw>
<kw name="Conferir se retorna todos os dados cadastrados do livro &quot;210&quot;" library="Resource_API" sourcename="Conferir se retorna todos os dados cadastrados do livro &quot;${ID_LIVRO}&quot;">
<kw name="Dictionary Should Contain Item" library="Collections">
<arg>${RESPOSTA.json()}</arg>
<arg>id</arg>
<arg>${BOOK_210.id}</arg>
<doc>An item of ``key`` / ``value`` must be found in a ``dictionary``.</doc>
<status status="PASS" starttime="20220615 11:40:37.783" endtime="20220615 11:40:37.788"/>
</kw>
<kw name="Dictionary Should Contain Item" library="Collections">
<arg>${RESPOSTA.json()}</arg>
<arg>title</arg>
<arg>${BOOK_210.title}</arg>
<doc>An item of ``key`` / ``value`` must be found in a ``dictionary``.</doc>
<status status="PASS" starttime="20220615 11:40:37.789" endtime="20220615 11:40:37.791"/>
</kw>
<kw name="Dictionary Should Contain Item" library="Collections">
<arg>${RESPOSTA.json()}</arg>
<arg>pageCount</arg>
<arg>${BOOK_210.pageCount}</arg>
<doc>An item of ``key`` / ``value`` must be found in a ``dictionary``.</doc>
<status status="PASS" starttime="20220615 11:40:37.791" endtime="20220615 11:40:37.793"/>
</kw>
<kw name="Should Not Be Empty" library="BuiltIn">
<arg>${RESPOSTA.json()["description"]}</arg>
<doc>Verifies that the given item is not empty.</doc>
<msg timestamp="20220615 11:40:37.795" level="INFO">Length is 34</msg>
<status status="PASS" starttime="20220615 11:40:37.794" endtime="20220615 11:40:37.796"/>
</kw>
<kw name="Should Not Be Empty" library="BuiltIn">
<arg>${RESPOSTA.json()["excerpt"]}</arg>
<doc>Verifies that the given item is not empty.</doc>
<msg timestamp="20220615 11:40:37.798" level="INFO">Length is 26</msg>
<status status="PASS" starttime="20220615 11:40:37.796" endtime="20220615 11:40:37.798"/>
</kw>
<kw name="Should Not Be Empty" library="BuiltIn">
<arg>${RESPOSTA.json()["publishDate"]}</arg>
<doc>Verifies that the given item is not empty.</doc>
<msg timestamp="20220615 11:40:37.800" level="INFO">Length is 24</msg>
<status status="PASS" starttime="20220615 11:40:37.798" endtime="20220615 11:40:37.800"/>
</kw>
<status status="PASS" starttime="20220615 11:40:37.782" endtime="20220615 11:40:37.801"/>
</kw>
<status status="PASS" starttime="20220615 11:40:37.541" endtime="20220615 11:40:37.813"/>
</test>
<test id="s1-t4" name="Alterar um livro (PUT)" line="27">
<kw name="Alterar o livro &quot;152&quot;" library="Resource_API" sourcename="Alterar o livro &quot;${ID_LIVRO}&quot;">
<kw name="Create Dictionary" library="BuiltIn">
<var>${HEADERS}</var>
<arg>Content-Type=application/json</arg>
<doc>Creates and returns a dictionary based on the given ``items``.</doc>
<msg timestamp="20220615 11:40:37.841" level="INFO">${HEADERS} = {'Content-Type': 'application/json'}</msg>
<status status="PASS" starttime="20220615 11:40:37.834" endtime="20220615 11:40:37.842"/>
</kw>
<kw name="Set Variable" library="BuiltIn">
<var>${DATA}</var>
<arg>{"id":152, "title":"Book 152 alterado", "description":"Descricao do book 152 alterada", "pageCount":300, "excerpt":"Resumo do book 152 alterado", "publishDate":"2022-06-10T15:40:01.472Z"}</arg>
<doc>Returns the given values which can then be assigned to a variables.</doc>
<msg timestamp="20220615 11:40:37.846" level="INFO">${DATA} = {"id":152, "title":"Book 152 alterado", "description":"Descricao do book 152 alterada", "pageCount":300, "excerpt":"Resumo do book 152 alterado", "publishDate":"2022-06-10T15:40:01.472Z"}</msg>
<status status="PASS" starttime="20220615 11:40:37.843" endtime="20220615 11:40:37.846"/>
</kw>
<kw name="Log To Console" library="BuiltIn">
<arg>${DATA}</arg>
<doc>Logs the given message to the console.</doc>
<status status="PASS" starttime="20220615 11:40:37.847" endtime="20220615 11:40:37.862"/>
</kw>
<kw name="PUT On Session" library="RequestsLibrary">
<var>${RESPOSTA}</var>
<arg>fakeAPI</arg>
<arg>Books/${ID_LIVRO}</arg>
<arg>data=${DATA}</arg>
<arg>headers=${HEADERS}</arg>
<doc>Sends a PUT request on a previously created HTTP Session.</doc>
<msg timestamp="20220615 11:40:38.082" level="INFO">PUT Request : url=https://fakerestapi.azurewebsites.net/api/v1/Books/152 
 path_url=/api/v1/Books/152 
 headers={'User-Agent': 'python-requests/2.26.0', 'Accept-Encoding': 'gzip, deflate', 'Accept': '*/*', 'Connection': 'keep-alive', 'Content-Type': 'application/json', 'Content-Length': '187'} 
 body={"id":152, "title":"Book 152 alterado", "description":"Descricao do book 152 alterada", "pageCount":300, "excerpt":"Resumo do book 152 alterado", "publishDate":"2022-06-10T15:40:01.472Z"} 
 </msg>
<msg timestamp="20220615 11:40:38.082" level="INFO">PUT Response : url=https://fakerestapi.azurewebsites.net/api/v1/Books/152 
 status=200, reason=OK 
 headers={'Content-Type': 'application/json; charset=utf-8; v=1.0', 'Date': 'Wed, 15 Jun 2022 14:40:38 GMT', 'Server': 'Kestrel', 'Transfer-Encoding': 'chunked', 'api-supported-versions': '1.0'} 
 body={"id":152,"title":"Book 152 alterado","description":"Descricao do book 152 alterada","pageCount":300,"excerpt":"Resumo do book 152 alterado","publishDate":"2022-06-10T15:40:01.472Z"} 
 </msg>
<msg timestamp="20220615 11:40:38.083" level="INFO">c:\users\014645631\appdata\local\programs\python\python39\lib\site-packages\urllib3\connectionpool.py:1013: InsecureRequestWarning: Unverified HTTPS request is being made to host 'fakerestapi.azurewebsites.net'. Adding certificate verification is strongly advised. See: https://urllib3.readthedocs.io/en/1.26.x/advanced-usage.html#ssl-warnings
  warnings.warn(</msg>
<msg timestamp="20220615 11:40:38.084" level="INFO">${RESPOSTA} = &lt;Response [200]&gt;</msg>
<status status="PASS" starttime="20220615 11:40:37.863" endtime="20220615 11:40:38.084"/>
</kw>
<kw name="Log" library="BuiltIn">
<arg>${RESPOSTA.text}</arg>
<doc>Logs the given message with the given level.</doc>
<msg timestamp="20220615 11:40:38.086" level="INFO">{"id":152,"title":"Book 152 alterado","description":"Descricao do book 152 alterada","pageCount":300,"excerpt":"Resumo do book 152 alterado","publishDate":"2022-06-10T15:40:01.472Z"}</msg>
<status status="PASS" starttime="20220615 11:40:38.084" endtime="20220615 11:40:38.086"/>
</kw>
<kw name="Set Test Variable" library="BuiltIn">
<arg>${RESPOSTA}</arg>
<doc>Makes a variable available everywhere within the scope of the current test.</doc>
<msg timestamp="20220615 11:40:38.086" level="INFO">${RESPOSTA} = &lt;Response [200]&gt;</msg>
<status status="PASS" starttime="20220615 11:40:38.086" endtime="20220615 11:40:38.086"/>
</kw>
<status status="PASS" starttime="20220615 11:40:37.828" endtime="20220615 11:40:38.087"/>
</kw>
<kw name="Conferir o status code" library="Resource_API">
<arg>200</arg>
<kw name="Should Be Equal As Strings" library="BuiltIn">
<arg>${RESPOSTA.status_code}</arg>
<arg>${STATUSCODE_DESEJADO}</arg>
<doc>Fails if objects are unequal after converting them to strings.</doc>
<msg timestamp="20220615 11:40:38.089" level="INFO">Argument types are:
&lt;class 'int'&gt;
&lt;class 'str'&gt;</msg>
<status status="PASS" starttime="20220615 11:40:38.088" endtime="20220615 11:40:38.089"/>
</kw>
<status status="PASS" starttime="20220615 11:40:38.087" endtime="20220615 11:40:38.090"/>
</kw>
<kw name="Conferir o reason" library="Resource_API">
<arg>OK</arg>
<kw name="Should Be Equal As Strings" library="BuiltIn">
<arg>${RESPOSTA.reason}</arg>
<arg>${REASON_DESEJADO}</arg>
<doc>Fails if objects are unequal after converting them to strings.</doc>
<status status="PASS" starttime="20220615 11:40:38.091" endtime="20220615 11:40:38.093"/>
</kw>
<status status="PASS" starttime="20220615 11:40:38.090" endtime="20220615 11:40:38.095"/>
</kw>
<kw name="Conferir se retorna todos os dados alterados do livro &quot;152&quot;" library="Resource_API" sourcename="Conferir se retorna todos os dados alterados do livro &quot;${ID_LIVRO}&quot;">
<kw name="Dictionary Should Contain Item" library="Collections">
<arg>${RESPOSTA.json()}</arg>
<arg>id</arg>
<arg>${BOOK_152.id}</arg>
<doc>An item of ``key`` / ``value`` must be found in a ``dictionary``.</doc>
<status status="PASS" starttime="20220615 11:40:38.100" endtime="20220615 11:40:38.103"/>
</kw>
<kw name="Dictionary Should Contain Item" library="Collections">
<arg>${RESPOSTA.json()}</arg>
<arg>title</arg>
<arg>${BOOK_152.title}</arg>
<doc>An item of ``key`` / ``value`` must be found in a ``dictionary``.</doc>
<status status="PASS" starttime="20220615 11:40:38.103" endtime="20220615 11:40:38.106"/>
</kw>
<kw name="Dictionary Should Contain Item" library="Collections">
<arg>${RESPOSTA.json()}</arg>
<arg>pageCount</arg>
<arg>${BOOK_152.pageCount}</arg>
<doc>An item of ``key`` / ``value`` must be found in a ``dictionary``.</doc>
<status status="PASS" starttime="20220615 11:40:38.106" endtime="20220615 11:40:38.109"/>
</kw>
<kw name="Should Not Be Empty" library="BuiltIn">
<arg>${RESPOSTA.json()["description"]}</arg>
<doc>Verifies that the given item is not empty.</doc>
<msg timestamp="20220615 11:40:38.110" level="INFO">Length is 30</msg>
<status status="PASS" starttime="20220615 11:40:38.109" endtime="20220615 11:40:38.110"/>
</kw>
<kw name="Should Not Be Empty" library="BuiltIn">
<arg>${RESPOSTA.json()["excerpt"]}</arg>
<doc>Verifies that the given item is not empty.</doc>
<msg timestamp="20220615 11:40:38.112" level="INFO">Length is 27</msg>
<status status="PASS" starttime="20220615 11:40:38.110" endtime="20220615 11:40:38.112"/>
</kw>
<kw name="Should Not Be Empty" library="BuiltIn">
<arg>${RESPOSTA.json()["publishDate"]}</arg>
<doc>Verifies that the given item is not empty.</doc>
<msg timestamp="20220615 11:40:38.112" level="INFO">Length is 24</msg>
<status status="PASS" starttime="20220615 11:40:38.112" endtime="20220615 11:40:38.113"/>
</kw>
<status status="PASS" starttime="20220615 11:40:38.098" endtime="20220615 11:40:38.113"/>
</kw>
<status status="PASS" starttime="20220615 11:40:37.826" endtime="20220615 11:40:38.114"/>
</test>
<test id="s1-t5" name="Deletar um livro (DELETE)" line="33">
<kw name="Excluir o livro &quot;200&quot;" library="Resource_API" sourcename="Excluir o livro &quot;${ID_LIVRO}&quot;">
<kw name="DELETE On Session" library="RequestsLibrary">
<var>${RESPOSTA}</var>
<arg>fakeAPI</arg>
<arg>Books/${ID_LIVRO}</arg>
<doc>Sends a DELETE request on a previously created HTTP Session.</doc>
<msg timestamp="20220615 11:40:38.332" level="INFO">DELETE Request : url=https://fakerestapi.azurewebsites.net/api/v1/Books/200 
 path_url=/api/v1/Books/200 
 headers={'User-Agent': 'python-requests/2.26.0', 'Accept-Encoding': 'gzip, deflate', 'Accept': '*/*', 'Connection': 'keep-alive', 'Content-Length': '0'} 
 body=None 
 </msg>
<msg timestamp="20220615 11:40:38.332" level="INFO">DELETE Response : url=https://fakerestapi.azurewebsites.net/api/v1/Books/200 
 status=200, reason=OK 
 headers={'Content-Length': '0', 'Date': 'Wed, 15 Jun 2022 14:40:39 GMT', 'Server': 'Kestrel', 'api-supported-versions': '1.0'} 
 body=None 
 </msg>
<msg timestamp="20220615 11:40:38.332" level="INFO">c:\users\014645631\appdata\local\programs\python\python39\lib\site-packages\urllib3\connectionpool.py:1013: InsecureRequestWarning: Unverified HTTPS request is being made to host 'fakerestapi.azurewebsites.net'. Adding certificate verification is strongly advised. See: https://urllib3.readthedocs.io/en/1.26.x/advanced-usage.html#ssl-warnings
  warnings.warn(</msg>
<msg timestamp="20220615 11:40:38.333" level="INFO">${RESPOSTA} = &lt;Response [200]&gt;</msg>
<status status="PASS" starttime="20220615 11:40:38.117" endtime="20220615 11:40:38.333"/>
</kw>
<kw name="Log To Console" library="BuiltIn">
<arg>${RESPOSTA.text}</arg>
<doc>Logs the given message to the console.</doc>
<status status="PASS" starttime="20220615 11:40:38.333" endtime="20220615 11:40:38.334"/>
</kw>
<kw name="Set Test Variable" library="BuiltIn">
<arg>${RESPOSTA}</arg>
<doc>Makes a variable available everywhere within the scope of the current test.</doc>
<msg timestamp="20220615 11:40:38.334" level="INFO">${RESPOSTA} = &lt;Response [200]&gt;</msg>
<status status="PASS" starttime="20220615 11:40:38.334" endtime="20220615 11:40:38.334"/>
</kw>
<status status="PASS" starttime="20220615 11:40:38.117" endtime="20220615 11:40:38.334"/>
</kw>
<kw name="Conferir o status code" library="Resource_API">
<arg>200</arg>
<kw name="Should Be Equal As Strings" library="BuiltIn">
<arg>${RESPOSTA.status_code}</arg>
<arg>${STATUSCODE_DESEJADO}</arg>
<doc>Fails if objects are unequal after converting them to strings.</doc>
<msg timestamp="20220615 11:40:38.336" level="INFO">Argument types are:
&lt;class 'int'&gt;
&lt;class 'str'&gt;</msg>
<status status="PASS" starttime="20220615 11:40:38.335" endtime="20220615 11:40:38.336"/>
</kw>
<status status="PASS" starttime="20220615 11:40:38.335" endtime="20220615 11:40:38.336"/>
</kw>
<kw name="Conferir o reason" library="Resource_API">
<arg>OK</arg>
<kw name="Should Be Equal As Strings" library="BuiltIn">
<arg>${RESPOSTA.reason}</arg>
<arg>${REASON_DESEJADO}</arg>
<doc>Fails if objects are unequal after converting them to strings.</doc>
<status status="PASS" starttime="20220615 11:40:38.337" endtime="20220615 11:40:38.337"/>
</kw>
<status status="PASS" starttime="20220615 11:40:38.336" endtime="20220615 11:40:38.338"/>
</kw>
<kw name="Conferir se excluiu o livro &quot;200&quot;" library="Resource_API" sourcename="Conferir se excluiu o livro &quot;${ID_LIVRO}&quot;">
<kw name="Should Be Empty" library="BuiltIn">
<arg>${RESPOSTA.content}</arg>
<doc>Verifies that the given item is empty.</doc>
<msg timestamp="20220615 11:40:38.339" level="INFO">Length is 0</msg>
<status status="PASS" starttime="20220615 11:40:38.338" endtime="20220615 11:40:38.339"/>
</kw>
<status status="PASS" starttime="20220615 11:40:38.338" endtime="20220615 11:40:38.339"/>
</kw>
<status status="PASS" starttime="20220615 11:40:38.115" endtime="20220615 11:40:38.340"/>
</test>
<doc>Documentação da API: https://fakerestapi.azurewebsites.net/index.html</doc>
<status status="PASS" starttime="20220615 11:40:33.860" endtime="20220615 11:40:38.342"/>
</suite>
<statistics>
<total>
<stat pass="5" fail="0" skip="0">All Tests</stat>
</total>
<tag>
</tag>
<suite>
<stat pass="5" fail="0" skip="0" id="s1" name="test case API books">test case API books</stat>
</suite>
</statistics>
<errors>
</errors>
</robot>
