<?xml version="1.0" encoding="UTF-8"?>
<robot generator="Robot 5.0 (Python 3.9.4 on win32)" generated="20220617 11:21:41.778" rpa="false" schemaversion="3">
<suite id="s1" name="test case API books" source="C:\CursoUdemy\RobotFramework\WebTesting\booksAPI\test_case_API_books.robot">
<kw name="Create Session" library="RequestsLibrary" type="SETUP">
<arg>fakeAPI</arg>
<arg>${URL}</arg>
<doc>Create Session: create a HTTP session to a server</doc>
<msg timestamp="20220617 11:21:42.179" level="INFO">Creating Session using : alias=fakeAPI, url=https://fakerestapi.azurewebsites.net/api/v1/, headers={},                     cookies={}, auth=None, timeout=None, proxies=None, verify=False,                     debug=0 </msg>
<status status="PASS" starttime="20220617 11:21:42.179" endtime="20220617 11:21:42.180"/>
</kw>
<test id="s1-t1" name="Buscar a listagem de todos os livros (GET em todos os livros)" line="9">
<kw name="Requisitar todos os livros" library="Resource_API">
<kw name="GET On Session" library="RequestsLibrary">
<var>${RESPOSTA}</var>
<arg>fakeAPI</arg>
<arg>Books</arg>
<doc>Sends a GET request on a previously created HTTP Session.</doc>
<msg timestamp="20220617 11:21:45.153" level="INFO">GET Request : url=https://fakerestapi.azurewebsites.net/api/v1/Books 
 path_url=/api/v1/Books 
 headers={'User-Agent': 'python-requests/2.26.0', 'Accept-Encoding': 'gzip, deflate', 'Accept': '*/*', 'Connection': 'keep-alive'} 
 body=None 
 </msg>
<msg timestamp="20220617 11:21:45.154" level="INFO">GET Response : url=https://fakerestapi.azurewebsites.net/api/v1/Books 
 status=200, reason=OK 
 headers={'Content-Type': 'application/json; charset=utf-8; v=1.0', 'Date': 'Fri, 17 Jun 2022 14:21:44 GMT', 'Server': 'Kestrel', 'Transfer-Encoding': 'chunked', 'api-supported-versions': '1.0'} 
 body=[{"id":1,"title":"Book 1","description":"Ea dolor elit. Diam vulputate clita elitr elitr vero esse labore erat vero. Aliquyam tempor eos facilisis et.\n","pageCount":100,"excerpt":"Labore est dolor ipsum eirmod suscipit sed consequat dolor et dolor dolore kasd consetetur. Amet odio ut ea iusto facer sadipscing elitr ut voluptua dolore sit tincidunt aliquyam eirmod veniam dolor sea accusam. Voluptua dolor sed et dolor. Rebum diam et eirmod autem feugiat ea et gubergren. Tempor wisi et accusam elitr aliquyam ut eos nonummy dolor consectetuer sit. Est kasd consetetur sea nonummy labore. Vero feugiat zzril et voluptua lorem voluptua ipsum lorem. Aliquyam lorem invidunt. At ut vulputate duis id dolor invidunt.\nAt lorem rebum duo amet sed dolor elitr. Ipsum ipsum sea vero. Autem facilisis sadipscing ipsum. Facilisi nihil kasd consectetuer magna at kasd vero sanctus sea et esse sed iusto esse diam eos. Dolore ea tempor ipsum nisl sadipscing consequat erat voluptua sit odio ipsum et aliquip sadipscing lorem eos sadipscing. Ut dolore sadipscing amet odio amet amet lorem stet et est est gubergren te volutpat amet eirmod. Sed sed diam sit. Ipsum kasd blandit invidunt velit aliquip nulla sed. Facilisis aliquyam accusam magna eirmod et dolore et vero eirmod eirmod nonumy vulputate sit gubergren. Dolore ut est ipsum lorem invidunt justo hendrerit ut amet nonumy justo elitr gubergren et duo diam. Consetetur aliquyam est. Et et dolore vero duo ipsum sea iriure nibh ea sea eos invidunt amet. Nostrud et sed kasd amet amet sadipscing voluptua nulla sea dolor elit. Ut ullamcorper invidunt magna sea invidunt aliquyam et. Nulla dolores dolores magna vero diam at kasd et mazim vero eros tation facilisis ea justo eos at et. Liber dolor hendrerit tempor accusam facilisi dolores sed exerci autem dolores ea sadipscing duis vulputate gubergren consetetur. Dolor est dolor. Dolor lorem takimata consetetur consetetur magna et sit ut. Dolor tempor at dolore.\nNo est accusam vel duo et nibh sed dolor kasd eirmod. Tation nisl nonumy sed. Dolor at adipiscing erat nonummy dolor invidunt takimata amet stet tempor duo suscipit at eos dolore quis gubergren.\nAliquyam ut justo dolor rebum te et elitr dolores. Amet sed qui consetetur laoreet voluptua rebum duo. Sed illum dolore justo sea nonumy gubergren dolor ut et et sit eum. Vel esse praesent. Et justo dolores ea iriure diam veniam vel et et exerci volutpat ea dolor duis at voluptua justo autem. Sanctus takimata dolor facilisis dolor at amet aliquam sanctus et sadipscing sanctus accusam accusam diam lorem consequat vero. Adipiscing et te no iriure. Amet vel ipsum aliquam ea amet facilisis at illum vero zzril illum nonumy consectetuer justo sit. Euismod rebum diam. Ea consetetur stet dolor amet sed rebum rebum quis nobis. Takimata quod ipsum sed voluptua ipsum. Rebum dolores magna accusam in consetetur amet amet diam ut lorem dolore justo quis ut eu ea laoreet. Eos dignissim sea rebum gubergren accusam kasd dolore elitr quis et facilisis justo. Molestie amet eos et euismod. Molestie stet labore ut sed kasd et dolore justo tempor gubergren sed. Suscipit aliquyam est sanctus laoreet accusam labore consequat kasd lorem zzril et. Labore in qui dolor vel sea et sed dolor sadipscing ut magna sit amet esse. Delenit lorem blandit eum rebum consequat.\nConsetetur wisi justo feugiat ut voluptua sea diam erat accusam diam feugait quis lorem magna ipsum et. Blandit liber aliquam sit et iusto autem erat augue sit clita magna diam justo duis et. Stet eirmod dolor voluptua dolore dolore ut gubergren erat et rebum et no duo ea accusam tempor. Labore facilisis sadipscing magna ipsum dolore eos. Sea facilisis duis consetetur in voluptua diam lorem at luptatum sed.\n","publishDate":"2022-06-16T14:21:44.2531102+00:00"},{"id":2,"title":"Book 2","description":"Lorem ipsum facer sadipscing lorem eos possim ipsum dolore ipsum gubergren sed dolor duis sadipscing sadipscing eleifend. Ea eos ea erat diam kasd ut dolore accusam sadipscing hendrerit elitr lorem erat ea et justo. Et eirmod et ut in takimata at erat velit.\n","pageCount":200,"excerpt":"Lorem dolor sed sadipscing dolore diam ipsum sed at stet sed at blandit gubergren duis labore sed ipsum aliquyam. Et feugiat invidunt accusam nostrud sed. Magna elitr accusam euismod voluptua dolore amet eos sit clita et. Ipsum dolores doming sadipscing quis elitr delenit wisi accumsan kasd placerat. Aliquyam dolor sea accusam accusam euismod sanctus veniam ut adipiscing dolores dignissim lorem ipsum ut. Suscipit eirmod ea nonumy sea veniam sea te assum molestie iusto aliquyam rebum amet est ipsum amet. Eirmod iriure lorem eos dolor. Vulputate ipsum invidunt accusam eirmod sed nonumy consetetur soluta liber sanctus invidunt et nisl. Duo dolores nobis sit est accusam voluptua luptatum takimata in justo justo duo et eum. Dolor consequat rebum eos est laoreet et amet augue sit dolor duis sed. Justo et kasd doming rebum sanctus eirmod ipsum feugiat ea. Accusam doming congue rebum et et vero est et accusam amet molestie accusam. Sed dolor sanctus dolor no in aliquyam sanctus odio et consequat aliquam. Euismod justo sit amet sanctus dolore amet ipsum magna sed. Sed at eos. Clita dolore justo enim kasd elitr invidunt ea dolore sit. Odio aliquip ea diam hendrerit tincidunt labore. Ipsum liber dolore vel amet et lorem sit dolor sanctus vero stet nobis.\nKasd tation dolor diam dolore lorem justo nisl justo amet gubergren clita duo aliquyam. Autem labore in sed vero ut magna esse at te sed sed sanctus gubergren takimata. Est ut elitr ipsum sit nonumy et in lorem dolor ipsum clita duis clita nulla ut nonummy. At invidunt sed tincidunt clita vero. Illum sed elit consequat ut labore in amet facilisi sed diam tempor invidunt eos at amet lorem sed lorem. Duo vero stet dolor. Eu et nisl accusam aliquyam duis eos dolor et luptatum duis sed accusam et quis feugiat consectetuer takimata wisi.\nNonumy et eleifend tempor sed duis illum dolor clita iriure ea. Nulla erat illum sed invidunt diam consequat ipsum tincidunt ad. Rebum sea erat diam eirmod eos aliquip et clita lorem duis sit eleifend. Ut lobortis ipsum eros. Gubergren accusam feugiat dolore sed amet in diam amet magna et nostrud lorem ea. Vulputate sed erat gubergren in duo aliquyam dolore molestie at ipsum quis. Eirmod nonumy lorem consetetur sed aliquyam nisl lorem aliquip doming tempor sed dolor invidunt takimata invidunt. In eum justo vero consequat takimata sed sadipscing dolores sea autem nostrud no ut accusam sit facilisi. Takimata voluptua kasd esse takimata erat eos invidunt nobis sed dolor imperdiet magna invidunt amet zzril dolores gubergren. Amet esse feugiat in sit kasd duo lorem consetetur in labore et sed exerci.\nNo nonumy et consectetuer nonumy dolor consequat diam eirmod sed possim aliquyam no ea rebum diam clita accusam. Kasd sadipscing dolor sed vero nonumy facilisis sed rebum no voluptua. Eirmod kasd diam dolore clita elitr no diam elitr. Elitr diam diam possim facilisi ad erat clita magna lorem justo amet tincidunt laoreet vulputate. Amet kasd feugiat vero labore gubergren. Augue ut erat invidunt clita sadipscing lorem lorem zzril aliquam dolor dolor stet dolor. Sit clita eos dolor dolore et. Elitr duo consectetuer imperdiet magna sed magna in justo elitr illum diam. Eirmod nonumy sed dolores justo consectetuer sit vulputate autem et. Nostrud et dolores facilisis wisi tation dolore sed. Tempor gubergren amet odio ut iriure nulla sanctus takimata aliquip gubergren assum invidunt accusam. Sed soluta magna commodo justo accusam. Zzril te sea. Lorem at consequat at. Gubergren ipsum liber amet eum iusto sanctus et diam nonumy consetetur magna sadipscing. Invidunt nulla vel ipsum sit et aliquyam ea. Clita dolor consetetur vulputate at sit diam wisi. Dolore at amet invidunt duis autem invidunt in clita ea vulputate sed diam vero odio consetetur et. Tincidunt ipsum ut no sit sed eros ea ipsum dolores dolore erat.\nSanctus diam amet justo feugiat sit sed lorem labore kasd. Aliquyam et ipsum eum assum elitr amet sanctus at dolor sed justo voluptua sed. Sadipscing rebum magna dolor tation dolore et et vero molestie kasd praesent rebum. Autem euismod ullamcorper vero possim et justo. Voluptua te id eirmod eos nulla stet sed et sadipscing. No et vel ipsum ea eos liber. Quod sea odio diam tincidunt. Gubergren sit et dolor diam praesent clita dignissim. Assum dolore sea et te facilisis. Clita ea duo at eirmod dolore et diam vulputate labore labore ut amet et est volutpat. In vulputate sit dolor odio takimata sed feugiat velit gubergren consetetur amet sea lorem gubergren takimata at nulla lorem. Option elitr sit dolor voluptua.\n","publishDate":"2022-06-15T14:21:44.2532652+00:00"},{"id":3,"title":"Book 3","description":"Dolore gubergren gubergren kasd consequat. Esse erat et aliquyam diam at aliquyam sea erat amet est voluptua ullamcorper amet feugiat at sed ipsum at. Dolore hendrerit vel accumsan amet accusam et id nonummy et dolor amet eu sit ipsum vero nonumy tempor dolor. Sea vel lorem in erat vero ut dolore magna hendrerit dolore sanctus invidunt vel ipsum et amet. Rebum et liber ut option takimata volutpat liber voluptua dolor magna mazim ut.\n","pageCount":300,"excerpt":"Et consetetur lorem invidunt et. At liber cum rebum labore tempor. Rebum dolor ipsum. Takimata quod stet dolores blandit eos accusam sit sea sadipscing ipsum eirmod accusam facilisi sea vel cum et diam. Ipsum aliquyam tempor takimata augue dolor diam veniam stet nibh in sed commodo. Illum ullamcorper sanctus invidunt justo et illum diam clita dolor facilisis luptatum vel sanctus vel tincidunt sanctus. Euismod laoreet tempor imperdiet eirmod sanctus est praesent dolores tincidunt no sit consequat accusam exerci at eos. Voluptua erat ea duo tation no. Et aliquyam magna lorem et et vel vero eum. At sadipscing nonumy volutpat sit magna dolor ipsum consetetur magna ut lorem voluptua no tation et duis. Eirmod et amet clita sed sed justo voluptua eos aliquyam cum est ... (set the log level to DEBUG or TRACE to see the full content) 
 </msg>
<msg timestamp="20220617 11:21:45.154" level="INFO">c:\users\014645631\appdata\local\programs\python\python39\lib\site-packages\urllib3\connectionpool.py:1013: InsecureRequestWarning: Unverified HTTPS request is being made to host 'fakerestapi.azurewebsites.net'. Adding certificate verification is strongly advised. See: https://urllib3.readthedocs.io/en/1.26.x/advanced-usage.html#ssl-warnings
  warnings.warn(</msg>
<msg timestamp="20220617 11:21:45.155" level="INFO">${RESPOSTA} = &lt;Response [200]&gt;</msg>
<status status="PASS" starttime="20220617 11:21:42.182" endtime="20220617 11:21:45.156"/>
</kw>
<kw name="Log" library="BuiltIn">
<arg>${RESPOSTA.text}</arg>
<doc>Logs the given message with the given level.</doc>
<msg timestamp="20220617 11:21:45.163" level="INFO">[{"id":1,"title":"Book 1","description":"Ea dolor elit. Diam vulputate clita elitr elitr vero esse labore erat vero. Aliquyam tempor eos facilisis et.\n","pageCount":100,"excerpt":"Labore est dolor ipsum eirmod suscipit sed consequat dolor et dolor dolore kasd consetetur. Amet odio ut ea iusto facer sadipscing elitr ut voluptua dolore sit tincidunt aliquyam eirmod veniam dolor sea accusam. Voluptua dolor sed et dolor. Rebum diam et eirmod autem feugiat ea et gubergren. Tempor wisi et accusam elitr aliquyam ut eos nonummy dolor consectetuer sit. Est kasd consetetur sea nonummy labore. Vero feugiat zzril et voluptua lorem voluptua ipsum lorem. Aliquyam lorem invidunt. At ut vulputate duis id dolor invidunt.\nAt lorem rebum duo amet sed dolor elitr. Ipsum ipsum sea vero. Autem facilisis sadipscing ipsum. Facilisi nihil kasd consectetuer magna at kasd vero sanctus sea et esse sed iusto esse diam eos. Dolore ea tempor ipsum nisl sadipscing consequat erat voluptua sit odio ipsum et aliquip sadipscing lorem eos sadipscing. Ut dolore sadipscing amet odio amet amet lorem stet et est est gubergren te volutpat amet eirmod. Sed sed diam sit. Ipsum kasd blandit invidunt velit aliquip nulla sed. Facilisis aliquyam accusam magna eirmod et dolore et vero eirmod eirmod nonumy vulputate sit gubergren. Dolore ut est ipsum lorem invidunt justo hendrerit ut amet nonumy justo elitr gubergren et duo diam. Consetetur aliquyam est. Et et dolore vero duo ipsum sea iriure nibh ea sea eos invidunt amet. Nostrud et sed kasd amet amet sadipscing voluptua nulla sea dolor elit. Ut ullamcorper invidunt magna sea invidunt aliquyam et. Nulla dolores dolores magna vero diam at kasd et mazim vero eros tation facilisis ea justo eos at et. Liber dolor hendrerit tempor accusam facilisi dolores sed exerci autem dolores ea sadipscing duis vulputate gubergren consetetur. Dolor est dolor. Dolor lorem takimata consetetur consetetur magna et sit ut. Dolor tempor at dolore.\nNo est accusam vel duo et nibh sed dolor kasd eirmod. Tation nisl nonumy sed. Dolor at adipiscing erat nonummy dolor invidunt takimata amet stet tempor duo suscipit at eos dolore quis gubergren.\nAliquyam ut justo dolor rebum te et elitr dolores. Amet sed qui consetetur laoreet voluptua rebum duo. Sed illum dolore justo sea nonumy gubergren dolor ut et et sit eum. Vel esse praesent. Et justo dolores ea iriure diam veniam vel et et exerci volutpat ea dolor duis at voluptua justo autem. Sanctus takimata dolor facilisis dolor at amet aliquam sanctus et sadipscing sanctus accusam accusam diam lorem consequat vero. Adipiscing et te no iriure. Amet vel ipsum aliquam ea amet facilisis at illum vero zzril illum nonumy consectetuer justo sit. Euismod rebum diam. Ea consetetur stet dolor amet sed rebum rebum quis nobis. Takimata quod ipsum sed voluptua ipsum. Rebum dolores magna accusam in consetetur amet amet diam ut lorem dolore justo quis ut eu ea laoreet. Eos dignissim sea rebum gubergren accusam kasd dolore elitr quis et facilisis justo. Molestie amet eos et euismod. Molestie stet labore ut sed kasd et dolore justo tempor gubergren sed. Suscipit aliquyam est sanctus laoreet accusam labore consequat kasd lorem zzril et. Labore in qui dolor vel sea et sed dolor sadipscing ut magna sit amet esse. Delenit lorem blandit eum rebum consequat.\nConsetetur wisi justo feugiat ut voluptua sea diam erat accusam diam feugait quis lorem magna ipsum et. Blandit liber aliquam sit et iusto autem erat augue sit clita magna diam justo duis et. Stet eirmod dolor voluptua dolore dolore ut gubergren erat et rebum et no duo ea accusam tempor. Labore facilisis sadipscing magna ipsum dolore eos. Sea facilisis duis consetetur in voluptua diam lorem at luptatum sed.\n","publishDate":"2022-06-16T14:21:44.2531102+00:00"},{"id":2,"title":"Book 2","description":"Lorem ipsum facer sadipscing lorem eos possim ipsum dolore ipsum gubergren sed dolor duis sadipscing sadipscing eleifend. Ea eos ea erat diam kasd ut dolore accusam sadipscing hendrerit elitr lorem erat ea et justo. Et eirmod et ut in takimata at erat velit.\n","pageCount":200,"excerpt":"Lorem dolor sed sadipscing dolore diam ipsum sed at stet sed at blandit gubergren duis labore sed ipsum aliquyam. Et feugiat invidunt accusam nostrud sed. Magna elitr accusam euismod voluptua dolore amet eos sit clita et. Ipsum dolores doming sadipscing quis elitr delenit wisi accumsan kasd placerat. Aliquyam dolor sea accusam accusam euismod sanctus veniam ut adipiscing dolores dignissim lorem ipsum ut. Suscipit eirmod ea nonumy sea veniam sea te assum molestie iusto aliquyam rebum amet est ipsum amet. Eirmod iriure lorem eos dolor. Vulputate ipsum invidunt accusam eirmod sed nonumy consetetur soluta liber sanctus invidunt et nisl. Duo dolores nobis sit est accusam voluptua luptatum takimata in justo justo duo et eum. Dolor consequat rebum eos est laoreet et amet augue sit dolor duis sed. Justo et kasd doming rebum sanctus eirmod ipsum feugiat ea. Accusam doming congue rebum et et vero est et accusam amet molestie accusam. Sed dolor sanctus dolor no in aliquyam sanctus odio et consequat aliquam. Euismod justo sit amet sanctus dolore amet ipsum magna sed. Sed at eos. Clita dolore justo enim kasd elitr invidunt ea dolore sit. Odio aliquip ea diam hendrerit tincidunt labore. Ipsum liber dolore vel amet et lorem sit dolor sanctus vero stet nobis.\nKasd tation dolor diam dolore lorem justo nisl justo amet gubergren clita duo aliquyam. Autem labore in sed vero ut magna esse at te sed sed sanctus gubergren takimata. Est ut elitr ipsum sit nonumy et in lorem dolor ipsum clita duis clita nulla ut nonummy. At invidunt sed tincidunt clita vero. Illum sed elit consequat ut labore in amet facilisi sed diam tempor invidunt eos at amet lorem sed lorem. Duo vero stet dolor. Eu et nisl accusam aliquyam duis eos dolor et luptatum duis sed accusam et quis feugiat consectetuer takimata wisi.\nNonumy et eleifend tempor sed duis illum dolor clita iriure ea. Nulla erat illum sed invidunt diam consequat ipsum tincidunt ad. Rebum sea erat diam eirmod eos aliquip et clita lorem duis sit eleifend. Ut lobortis ipsum eros. Gubergren accusam feugiat dolore sed amet in diam amet magna et nostrud lorem ea. Vulputate sed erat gubergren in duo aliquyam dolore molestie at ipsum quis. Eirmod nonumy lorem consetetur sed aliquyam nisl lorem aliquip doming tempor sed dolor invidunt takimata invidunt. In eum justo vero consequat takimata sed sadipscing dolores sea autem nostrud no ut accusam sit facilisi. Takimata voluptua kasd esse takimata erat eos invidunt nobis sed dolor imperdiet magna invidunt amet zzril dolores gubergren. Amet esse feugiat in sit kasd duo lorem consetetur in labore et sed exerci.\nNo nonumy et consectetuer nonumy dolor consequat diam eirmod sed possim aliquyam no ea rebum diam clita accusam. Kasd sadipscing dolor sed vero nonumy facilisis sed rebum no voluptua. Eirmod kasd diam dolore clita elitr no diam elitr. Elitr diam diam possim facilisi ad erat clita magna lorem justo amet tincidunt laoreet vulputate. Amet kasd feugiat vero labore gubergren. Augue ut erat invidunt clita sadipscing lorem lorem zzril aliquam dolor dolor stet dolor. Sit clita eos dolor dolore et. Elitr duo consectetuer imperdiet magna sed magna in justo elitr illum diam. Eirmod nonumy sed dolores justo consectetuer sit vulputate autem et. Nostrud et dolores facilisis wisi tation dolore sed. Tempor gubergren amet odio ut iriure nulla sanctus takimata aliquip gubergren assum invidunt accusam. Sed soluta magna commodo justo accusam. Zzril te sea. Lorem at consequat at. Gubergren ipsum liber amet eum iusto sanctus et diam nonumy consetetur magna sadipscing. Invidunt nulla vel ipsum sit et aliquyam ea. Clita dolor consetetur vulputate at sit diam wisi. Dolore at amet invidunt duis autem invidunt in clita ea vulputate sed diam vero odio consetetur et. Tincidunt ipsum ut no sit sed eros ea ipsum dolores dolore erat.\nSanctus diam amet justo feugiat sit sed lorem labore kasd. Aliquyam et ipsum eum assum elitr amet sanctus at dolor sed justo voluptua sed. Sadipscing rebum magna dolor tation dolore et et vero molestie kasd praesent rebum. Autem euismod ullamcorper vero possim et justo. Voluptua te id eirmod eos nulla stet sed et sadipscing. No et vel ipsum ea eos liber. Quod sea odio diam tincidunt. Gubergren sit et dolor diam praesent clita dignissim. Assum dolore sea et te facilisis. Clita ea duo at eirmod dolore et diam vulputate labore labore ut amet et est volutpat. In vulputate sit dolor odio takimata sed feugiat velit gubergren consetetur amet sea lorem gubergren takimata at nulla lorem. Option elitr sit dolor voluptua.\n","publishDate":"2022-06-15T14:21:44.2532652+00:00"},{"id":3,"title":"Book 3","description":"Dolore gubergren gubergren kasd consequat. Esse erat et aliquyam diam at aliquyam sea erat amet est voluptua ullamcorper amet feugiat at sed ipsum at. Dolore hendrerit vel accumsan amet accusam et id nonummy et dolor amet eu sit ipsum vero nonumy tempor dolor. Sea vel lorem in erat vero ut dolore magna hendrerit dolore sanctus invidunt vel ipsum et amet. Rebum et liber ut option takimata volutpat liber voluptua dolor magna mazim ut.\n","pageCount":300,"excerpt":"Et consetetur lorem invidunt et. At liber cum rebum labore tempor. Rebum dolor ipsum. Takimata quod stet dolores blandit eos accusam sit sea sadipscing ipsum eirmod accusam facilisi sea vel cum et diam. Ipsum aliquyam tempor takimata augue dolor diam veniam stet nibh in sed commodo. Illum ullamcorper sanctus invidunt justo et illum diam clita dolor facilisis luptatum vel sanctus vel tincidunt sanctus. Euismod laoreet tempor imperdiet eirmod sanctus est praesent dolores tincidunt no sit consequat accusam exerci at eos. Voluptua erat ea duo tation no. Et aliquyam magna lorem et et vel vero eum. At sadipscing nonumy volutpat sit magna dolor ipsum consetetur magna ut lorem voluptua no tation et duis. Eirmod et amet clita sed sed justo voluptua eos aliquyam cum est clita diam consetetur invidunt consectetuer.\nClita et lorem ad. Dolores sed et et feugait eos magna ex iriure dolore justo ut vero. Rebum kasd praesent at sea et duo et ipsum sit sanctus invidunt id est dolor illum sanctus et. Erat rebum sit iriure amet sit sit lorem ipsum clita dolor lorem esse sit justo. Vero erat sit elit lorem sit id quod accusam dolor tation duis takimata ut sea. Lorem eirmod consetetur enim rebum lorem et. Sanctus eos et gubergren sanctus dolor aliquyam eos.\nEos nonumy et diam zzril et et at eos dolore sadipscing. Accumsan blandit est aliquip est dolor dolor dolor takimata vel minim mazim. Dolore option sit sit ea sea amet accusam takimata nonumy molestie lorem. Et kasd stet eirmod euismod rebum rebum consequat amet vel sanctus tempor consectetuer sadipscing facer takimata dolor. Eros magna labore elit ut lorem esse. Ad nonumy ipsum dolores justo ut ex feugiat ut vulputate nonumy justo duo lorem. Vero et duo diam ex rebum duis elitr. Dolor luptatum diam eos no vero sed nulla labore et sit tempor congue dolore iriure esse dignissim est labore. Duo in dolor duis. Te ea elit at voluptua sed facilisis dolore eirmod accusam facilisi exerci sed. Sit sit elit ex consequat. Vero consetetur consectetuer amet nonumy eum feugait ea sadipscing veniam diam tempor eirmod vel. Sadipscing at commodo sed aliquam et ipsum quis amet amet magna kasd sit labore iusto tempor. No magna ipsum amet ea eos ut quis ut stet sadipscing sed lorem et at hendrerit esse sed. Erat laoreet ipsum voluptua lorem illum vero. No ipsum nulla magna hendrerit sadipscing et sed justo ullamcorper. Amet diam feugiat velit ipsum. Gubergren justo sit aliquyam sanctus blandit eum elitr et takimata rebum gubergren sanctus sadipscing luptatum vero erat.\nVoluptua dolore lorem congue dolore elitr takimata tempor molestie dolor consequat lorem diam erat duo amet duis feugiat. Dolor adipiscing aliquyam diam qui ut lorem dolores. Stet clita lorem. Esse aliquyam autem voluptua diam possim rebum eirmod amet luptatum at amet. No sed luptatum eirmod congue dolores rebum amet ut diam imperdiet elitr justo. Sea vero sadipscing vero esse dolore tempor diam. Illum sed et gubergren quis. Ipsum justo lorem consetetur sed. Vel dolor at amet ipsum nonumy sea ea nonumy ipsum et tempor diam dolore duis placerat quod. Aliquip est amet magna magna aliquyam vero takimata consectetuer sadipscing accusam labore. Dolor sed dolor vel et dolor nostrud et erat. Rebum ipsum ut mazim ipsum dolore. Voluptua elit quod wisi veniam takimata kasd sit accusam quis nulla autem nonumy dolores gubergren amet et. Sit gubergren vero vero diam labore et aliquyam id dolor nonummy dolor aliquam. Tation quod et ullamcorper at voluptua lorem labore dolore magna sit aliquam. Nisl vel elitr est. Nonummy eos dolor est dolor praesent at quis diam diam erat no et at sed dolor ut.\nErat vero et ea kasd volutpat. In dolor et ex et praesent ipsum voluptua molestie ea ea. Et amet ipsum invidunt invidunt iusto. Aliquyam suscipit diam diam amet. Duo sea lobortis diam clita. Sed et in elitr sanctus diam tempor amet augue dolore ea est quis invidunt et. Clita et iusto no sadipscing at est ipsum stet lorem dolores dolore nihil. Duis ea sed elitr est vel sit.\n","publishDate":"2022-06-14T14:21:44.2533434+00:00"},{"id":4,"title":"Book 4","description":"No amet sed elitr justo tempor sed accusam congue accusam. Iusto aliquyam hendrerit lorem ea lorem ipsum eirmod sed dolor kasd molestie. Justo labore dolores sit dolor rebum. Nonumy augue molestie stet stet invidunt dolores dignissim id placerat enim duo clita. Tempor ut te sed consetetur sit tempor eum sed iriure ipsum duis molestie et invidunt diam amet. Amet sed accumsan sadipscing. Eros ut erat lorem diam clita sanctus ipsum. Eros ex dolore gubergren in duo at rebum diam sed sit elitr ea justo et ad.\n","pageCount":400,"excerpt":"Erat facilisis justo esse diam consetetur nam justo sadipscing ea vel sadipscing. Dolor voluptua in dolor labore hendrerit at aliquip et sed ut aliquyam dolor voluptua feugait. Amet amet vero sea sadipscing voluptua ut vero eos voluptua. Justo et voluptua gubergren sit duo elitr nonumy vel elitr volutpat et at kasd rebum est sit et sea. Velit stet euismod tempor justo sea et at ea dolor duo facilisis sea dolor ut kasd amet. Ex sit lobortis ipsum sea. Sit vel lorem amet erat et aliquam sed elit consetetur dignissim gubergren dolor praesent sed elitr. Ipsum stet autem eos ipsum vero vulputate at. Iusto dolore ipsum clita iriure eirmod est est voluptua voluptua sea. Sit consetetur rebum tempor aliquyam rebum dolore vel justo et diam eros vero duo ut consetetur.\nElitr diam eum feugiat dolores ipsum vero aliquam dolores dolore aliquip. Mazim qui ut velit invidunt vulputate blandit minim et nostrud vero. Dolor est est. Et tincidunt et dolore at imperdiet rebum dolore. Duis diam eum eleifend voluptua ut illum. No takimata no elitr takimata. Eu et option velit dolore soluta ad sit. Vel sed eirmod dolore stet at ut amet. Accusam at suscipit quis voluptua. Et sadipscing at sed eirmod enim sit stet no rebum accusam odio quod eos magna consequat erat et. Sea quis eirmod sed iusto consequat mazim no diam accusam adipiscing est diam dolore. Elitr eirmod sed eos sit lorem dolor iriure erat tation feugait vulputate. Eos eos vero erat mazim. Dolor iusto sed dolor dignissim exerci delenit labore at in duis gubergren magna eos no lorem. Justo sanctus dolor sit lorem rebum vero et rebum stet luptatum sea rebum sit rebum dolore aliquyam ea. Ea consequat sea rebum magna.\nLorem et commodo sed ea dolore takimata aliquyam est exerci lorem diam rebum accumsan sit invidunt facilisi sit. Sadipscing rebum kasd consequat nihil. In magna ut at amet sed et invidunt consetetur gubergren feugait consectetuer ex magna dolore duo illum. Et eros ipsum.\nIpsum amet ut lorem et est sit sadipscing duo est elitr accumsan dolore sed tation sed volutpat. Vero accusam stet. Et ipsum enim magna sadipscing congue et rebum et lorem nostrud sea tempor placerat voluptua eos est dolore. Ea takimata feugiat clita elitr dolore elitr diam dolore adipiscing dolor erat magna sed et sit kasd. Ut clita et takimata est labore sadipscing ea stet lorem et ipsum magna diam clita et erat et consetetur. Labore et amet et sea dolor amet et sanctus dolore ea. Consetetur lorem et erat et erat lorem amet justo diam dolores nisl gubergren sed vulputate praesent. Sea magna diam dolor sanctus. Dolore stet sadipscing amet takimata et eos. Feugiat aliquyam iusto feugait magna. Consetetur sanctus sit clita enim elitr kasd ipsum sanctus rebum et gubergren at et ipsum sit quod. Nonumy veniam voluptua suscipit. Sit sit laoreet sit invidunt. Dolor accusam vulputate ut clita takimata dolor magna nonummy wisi autem nulla. Illum autem ipsum dolor amet ipsum et amet iriure consetetur dolore dolor et takimata labore lorem.\nErat accusam lorem gubergren sed sadipscing invidunt dolores rebum ut odio dolores consetetur sea sanctus sadipscing molestie. Diam lorem feugiat consetetur sed nulla nam vero et nisl diam enim ut voluptua nostrud. Vel sit aliquyam vero eos gubergren facilisi in eirmod dolore at. Illum stet dolor sed dignissim vero duis. Adipiscing aliquip commodo gubergren et.\n","publishDate":"2022-06-13T14:21:44.25341+00:00"},{"id":5,"title":"Book 5","description":"Et sanctus ea illum. Eos ipsum magna invidunt clita stet justo dolores et consectetuer. Gubergren consequat elitr elitr ipsum takimata sit ipsum kasd delenit kasd eirmod ea nonumy. Et nulla et tempor tempor dolor. Augue at amet sea euismod erat lobortis ut aliquyam. Lorem eirmod aliquyam voluptua elit diam vero magna lorem duo. Magna dolore dolores nulla rebum no minim kasd labore nonumy augue. Imperdiet justo velit ipsum stet. Accumsan sea liber wisi tempor eirmod et. Diam diam ipsum gubergren. Labore vero takimata autem rebum erat amet wisi et amet nostrud. Et stet justo hendrerit takimata amet no facilisis. Rebum no justo dolor vero aliquyam sea rebum magna. Nonummy at rebum erat vulputate in et erat et. Et ipsum rebum elitr est duo dolor ea elitr dignissim. Gubergren ipsum eos assum rebum.\n","pageCount":500,"excerpt":"Sea lorem sadipscing invidunt accumsan placerat invidunt invidunt accusam. Nibh stet ut sed diam et dolor veniam veniam sed elitr. Minim kasd eirmod id hendrerit dolores voluptua diam takimata te lorem lobortis dolor accusam. Dolor dolor iusto sanctus zzril duis amet volutpat est vel eos. Dolore hendrerit sed erat gubergren eum dolor ullamcorper duis ea aliquyam ea ipsum dolor lorem dolore justo dolores ea. Et enim est ipsum sea est kasd dolor dolores in kasd at diam sit duis magna dolore. Consetetur kasd clita amet accusam et et sanctus lorem invidunt magna clita soluta eirmod lorem et sit duo. Stet feugait eirmod et facilisis nonumy vero dolore nonumy consequat at vel erat labore voluptua facilisi in dolore liber. Laoreet dolore ipsum dolor at ipsum liber eos sed. Takimata amet feugait velit duo aliquip sanctus sed dignissim vel. Sit sed nulla. Consequat soluta sed nibh dolore ea ipsum rebum consetetur elit. Facilisi tempor sea sed ut consectetuer et. In aliquyam diam kasd sit quod ea quis. Kasd eum accusam ipsum quod ipsum sadipscing nibh tincidunt minim stet velit tincidunt magna consequat. Consectetuer consetetur dolor accusam. Elitr nonumy eum sanctus invidunt volutpat accumsan sed clita et sit.\nLorem eu gubergren quis ea rebum dolore volutpat at accusam sed gubergren stet ipsum dolore est ipsum duis. Possim dignissim duo sit vero at nam eos duo in lorem sed. Consequat et kasd amet sit eos erat tempor sanctus no duo takimata accusam dolor vero. Stet et ad ipsum commodo vel et dolor magna ea lorem. Laoreet aliquyam aliquyam vel takimata gubergren autem eos eirmod vero nulla voluptua. Eu et duis amet sadipscing et dolor. Magna sanctus wisi ut rebum dolor delenit consetetur dolor tempor imperdiet duo et. Nibh erat nulla dolor kasd sanctus sit erat clita aliquyam sit praesent et ipsum. Invidunt nonumy dolor magna consetetur ipsum vero erat suscipit. Elitr eum stet. Takimata stet hendrerit eos lorem dolore eu sadipscing diam kasd. Dolore diam suscipit et et eum eu clita accumsan. Ea zzril et sed sed ut blandit labore no justo gubergren eirmod qui. Labore amet clita et clita tempor no lorem consequat eum nibh in lorem takimata nibh magna nostrud. Takimata et voluptua erat eirmod ipsum lorem et ipsum.\nElitr euismod amet suscipit voluptua nonumy eirmod vel clita duo amet labore kasd erat at elit. Ea exerci euismod duis vero nostrud delenit sit. Invidunt sed dolores et dolore velit lorem duo in diam duo ut clita sit. Molestie vel ea ut justo diam dolor rebum nonumy accusam sed suscipit. Ut et et nulla at diam dolor magna sed. In clita sit ipsum invidunt. Lorem sed ipsum eos tempor at. Diam consetetur nulla. Cum nulla sed amet dolores ipsum. Labore erat diam esse kasd et et lobortis in dolores ullamcorper nulla lorem magna et consetetur. Ullamcorper vulputate adipiscing luptatum. Ipsum at lorem erat kasd autem eos lorem sit voluptua euismod. Rebum sed delenit dolore tempor ad iusto dolor amet stet option et vel exerci. Vel eirmod sea aliquyam odio dolore takimata at ipsum ut aliquip diam. Ea in et consequat rebum sit dolores et lorem. Wisi accusam no justo diam sed amet dolores labore esse sit sed kasd exerci. Eos qui takimata et et voluptua est sed dolor erat lorem magna et sanctus mazim doming.\nAt magna no clita ea veniam qui ipsum duo luptatum tempor takimata diam ipsum diam eirmod sed et gubergren. Labore et ipsum aliquyam takimata diam lobortis no sit consetetur kasd sadipscing. No invidunt tempor eirmod kasd labore quis dolor rebum sea esse velit vero vel sea elitr. Kasd no vel dignissim et. Gubergren erat est at. No takimata eos diam consetetur no erat clita dolor et erat amet duo sanctus invidunt nulla te. Magna diam eum consequat et nihil dolor facilisis dolore diam magna eum no accusam. Amet labore sea dolor. Duis ex invidunt sit sanctus nonummy tempor rebum dolores facilisis feugiat. Amet ipsum ullamcorper tempor consectetuer sed iusto dolor eirmod consectetuer eum iriure aliquyam tincidunt. Facilisi dolor duo diam erat eu sadipscing clita imperdiet ipsum luptatum adipiscing iusto gubergren. Sed lorem stet lobortis clita sanctus minim gubergren duo dolore. Euismod no kasd takimata dolor ea option eos erat et lorem velit ipsum clita facilisi. Rebum labore magna. Labore molestie ad no in erat elitr. Dolores elitr eirmod eirmod no sadipscing lorem stet. Possim sadipscing amet magna et ea diam diam dolor kasd gubergren est ea soluta voluptua invidunt est sit.\nEt magna zzril hendrerit tempor nonumy tempor nonumy amet. Nostrud sea sadipscing nonumy mazim tation dolore at ut et nibh. Sea justo adipiscing tation stet sea sit sit iusto hendrerit stet et luptatum sea vero elitr. Kasd feugiat amet kasd sea aliquam dolor amet voluptua kasd labore est eros amet accusam sanctus tempor invidunt. Clita lorem sit nihil et et est dolore. At eos labore et nonumy ut accumsan tation nonummy accusam amet erat euismod sit kasd ipsum clita sed. Quis elitr gubergren. Duo sit magna quis sadipscing aliquyam clita nonumy ipsum sit. Volutpat ipsum iriure duo dolores takimata. Et sadipscing lorem diam stet sit ipsum et labore et magna. Sed ipsum ea vero. Tempor sea sanctus lorem eum et dolore dolor eu invidunt facilisis. Amet consetetur at eirmod labore feugiat consectetuer ipsum quis dolore autem veniam duo veniam in. Sadipscing sed velit rebum. Aliquyam dolore sea sit sed sit nostrud volutpat elitr ea enim sea dolores adipiscing. Dolore et vero possim dolores rebum sit tempor erat ad elit et sadipscing vero est eirmod. Rebum ipsum facilisi stet et tempor takimata ipsum voluptua feugiat et diam labore lorem et. Option dolor est voluptua sit dolor aliquyam rebum nostrud stet sanctus minim duo dolores in accusam consetetur.\n","publishDate":"2022-06-12T14:21:44.2535273+00:00"},{"id":6,"title":"Book 6","description":"Justo vero ipsum iriure vel ex iriure in eu dolor. Kasd gubergren kasd dolore dolore vulputate blandit ea magna et dolores sed ut lorem delenit voluptua vel elitr. Dolor gubergren ut diam sit no sit gubergren aliquam sanctus eros sanctus et ea duis ipsum sit liber. Est ipsum dolor sanctus justo vero ut minim rebum eirmod et vero. Lorem quis sit diam at. Gubergren vero kasd amet. Gubergren iusto gubergren qui clita facer amet blandit possim stet tempor et eirmod magna dolores sit volutpat minim. Nam commodo amet autem sed. Lorem odio nostrud rebum autem. Stet takimata sit justo rebum dolore dolore tempor. Accusam diam ut ad clita diam rebum. Elitr magna dolore erat possim vero qui in diam lorem facilisis at duo esse esse amet magna. Clita nulla augue et justo vel takimata lorem. Kasd zzril et erat esse tincidunt. Est et et rebum vero labore duo gubergren et rebum lorem clita. Labore elit in sit est nulla.\n","pageCount":600,"excerpt":"Et stet voluptua et diam ullamcorper no stet et no rebum justo. Dolor suscipit kasd takimata et erat minim et ipsum nonumy vel. Erat praesent autem diam. Sed sea eos. Molestie lorem takimata. Dolor sit tincidunt rebum rebum accusam vero elitr ipsum duis sed delenit nonumy est. Nonumy gubergren et vero minim vero clita lorem stet sanctus est duo est. Quod dolores invidunt tempor ipsum ea commodo labore vero labore blandit facilisi est dolore ipsum. Consetetur aliquyam justo at labore et stet aliquyam stet labore sed in facilisis sed gubergren. Esse nulla dolor sed voluptua clita sed sanctus eum est ut tempor accusam est justo erat amet. Stet vero lorem exerci erat volutpat ut takimata. Duis sea gubergren est dolores at. Duo at kasd nonumy at dolore nonumy stet dolor erat.\nDiam tation ea minim est amet facilisis ea lorem diam amet duo no. Assum quis sed. Lorem ipsum clita vulputate tempor consetetur velit.\nAliquyam ut invidunt erat amet elit dolor et duo illum delenit lorem sanctus esse. Sit sed ullamcorper consetetur aliquyam accusam stet dolor ea. Erat justo magna sit magna et voluptua hendrerit eros amet eirmod dolor ipsum sit ipsum stet lorem eirmod. Justo enim consetetur ipsum. Clita sit tation sadipscing dolor invidunt sit lobortis est qui. Ipsum ea ea rebum delenit assum. No est et consetetur sadipscing dignissim sed labore volutpat at et magna. Ut dolore iriure et tincidunt adipiscing et placerat vulputate sed tation sit. Erat sanctus dolor nonumy vero erat congue tempor zzril sadipscing rebum ea. Dolor dolor duo in eros tempor vero tempor erat eros aliquyam sadipscing ut et tempor nonumy ut. Duis ipsum lorem in ut tempor vero ut diam dolore diam lorem euismod. Laoreet accusam iriure dolore aliquam stet accusam vero et invidunt tempor stet hendrerit. Et ipsum sadipscing eos voluptua et vel. Esse clita et eu gubergren elitr ipsum elitr ipsum dolor et et velit invidunt stet iusto.\nEt voluptua voluptua no vel in sed sit nisl at nonumy elitr consetetur elitr dignissim dolores. Illum et sanctus gubergren erat diam aliquyam et at. Et elitr no diam nonumy dolor et sit accusam clita iriure nihil sadipscing eos. Nam et diam kasd vero vero invidunt aliquyam stet lorem nisl nonumy voluptua facer et sit magna sea consetetur. Ipsum diam ipsum duo amet voluptua elitr gubergren nonumy sed. Placerat nobis dolor at accusam dolore et sit ullamcorper soluta invidunt elitr no dolore sit sit. Molestie dolores sit nonumy lorem ea elitr dolores ut justo lorem dolor. Justo dolores sit ea ea vero ipsum et eum soluta. Takimata tempor sanctus justo dolore exerci adipiscing consetetur voluptua clita veniam et erat et. Dolor est vero dolor facilisi placerat et est dolore ex sit. Ex vero eu aliquyam diam consequat tempor luptatum amet gubergren eos invidunt amet et voluptua tation lorem invidunt. Sit eos vulputate at consetetur takimata zzril gubergren dolores vero dolore diam labore ut rebum dolore et sed. Magna nisl elitr sit dolore elitr consequat eirmod dolor laoreet. Nam sit consetetur nulla augue eum stet lorem sanctus accusam takimata iusto et nibh stet. Nonumy illum est eirmod invidunt gubergren tempor illum takimata ut aliquyam sadipscing et. Et cum takimata ut consequat eu dolor tation.\nJusto accusam accusam nulla ipsum ut eos at. Iusto kasd est voluptua ut. Invidunt stet feugait dolor aliquyam ea esse et at aliquam lorem amet odio nonumy nulla elitr nihil clita erat. No amet et tempor et ut sanctus ut erat sit ea hendrerit accusam consequat sit duo accusam exerci. Duo lorem sanctus sadipscing kasd facilisi justo clita ut vero magna. Elitr diam kasd lorem sed.\n","publishDate":"2022-06-11T14:21:44.253605+00:00"},{"id":7,"title":"Book 7","description":"Stet lorem dolor ea dignissim duis lorem rebum sed nonumy duis. Et nonumy dolore duo dolor sea. Enim ad cum et lorem sit rebum invidunt diam consequat dolore euismod duo dolore rebum dolore imperdiet sadipscing. Invidunt feugiat takimata hendrerit nostrud ipsum elitr feugiat consetetur at nonummy sanctus duis rebum. Elitr sadipscing erat eirmod vero. In gubergren rebum sit esse. Consetetur dolores takimata clita et quod eirmod labore accusam facilisi consequat consetetur. Kasd et lorem. Diam magna clita lorem tation molestie et aliquip accumsan duo. Ad ut elitr rebum accusam sit rebum clita eirmod vel clita clita. Elitr exerci lorem sed sit et clita diam dolor volutpat est dolore nibh aliquyam odio facilisis. Gubergren gubergren dolore ipsum no luptatum delenit accusam eos lorem ipsum te sit erat feugiat ut. Vero ipsum duo vel. Ipsum at no tation eirmod nam et stet nulla diam et dolores iusto consequat.\n","pageCount":700,"excerpt":"Gubergren takimata magna sit sed velit delenit amet diam nonumy magna nihil esse sanctus iusto. Facilisi diam at labore ad et augue no takimata sadipscing laoreet in stet. Euismod aliquyam magna commodo nonumy elitr euismod duis et dolore gubergren. Sea eu dolore ut accumsan praesent aliquip invidunt feugiat consetetur et et hendrerit amet erat veniam sadipscing ut. At tempor justo. Id dolores tempor dolores wisi. Kasd sanctus no eos lorem no sit diam. Et vero ut voluptua diam illum labore exerci at diam stet rebum qui eirmod gubergren consequat et possim. Takimata ea molestie amet nonumy. Praesent tempor tempor volutpat takimata vero et assum accusam ea diam justo facilisis facilisis sit. Ut clita diam ut erat sadipscing dolor. Molestie eos nonumy sed ipsum in. Vero nonummy sea dolor id eu sed lorem molestie veniam eum dolor nonumy. Illum veniam at esse nulla at ullamcorper eos ut feugiat at ut amet aliquyam. Invidunt tempor amet sit ad et eros dolore vero takimata sed consectetuer quod dolore tempor sed nonumy augue volutpat. Accusam stet minim takimata ad facilisi dolores voluptua vel dolores nulla tempor clita ad ipsum sanctus feugait. Placerat kasd lorem nonumy lorem vero nisl takimata dolores aliquyam et ipsum. Vero diam accumsan tempor lorem at vero eirmod vero option nobis sed sed gubergren diam et magna.\nNisl rebum takimata takimata dolores dolore voluptua labore aliquam eirmod. Est sadipscing sed justo dolore consetetur et sed hendrerit. Et nibh luptatum kasd labore kasd et amet duis ut tempor et vero. Kasd dolores accusam takimata. Erat diam lorem wisi duo vel no invidunt accusam aliquyam zzril invidunt. Velit sea eirmod sanctus nulla erat. Et delenit nulla kasd cum possim et justo sed iusto invidunt laoreet rebum lorem sed sit kasd takimata et. Clita at no rebum sit dolores kasd stet et elit gubergren nibh dolore. Dolor labore amet consetetur ea sed eos diam sit duis iriure consetetur stet. Voluptua eum consetetur commodo. Consetetur sit amet ut erat ea tempor ut in ipsum at exerci euismod kasd. Diam augue amet sit hendrerit lorem clita placerat aliquyam kasd. Dolor sit et ipsum ipsum dolore dolore dolores dolore. Vulputate duis et facilisis sed possim nulla ipsum invidunt et sit et feugiat nulla. Amet diam odio est dolore diam et autem in stet diam sed sed aliquam et magna.\nDolore sed sit vero odio rebum ea amet sanctus diam nonumy erat justo ipsum consequat aliquyam. No accumsan amet amet rebum nonumy duo imperdiet nobis tempor. Diam duo no diam facilisi lorem erat dolor dolore. Invidunt takimata sed. Laoreet eirmod sanctus voluptua diam dolore sanctus invidunt ea dolores in sit sea. Sea dolore sit accusam voluptua invidunt kasd eirmod duo ipsum kasd ea. Eirmod sea eros ut. Accusam aliquam sea sit nonummy accusam. Amet iriure lobortis dolor elitr duo accusam exerci dolor diam lorem zzril lorem dolore eirmod diam. Et ut rebum veniam nonummy sit sed sea eu magna. Hendrerit takimata sanctus tempor vero sit lorem dolor euismod invidunt voluptua augue velit eirmod erat duis hendrerit diam.\nDolores erat eros magna sanctus vero nonummy zzril. Laoreet at consetetur iriure consetetur labore amet et erat diam takimata luptatum consetetur ea vel consetetur doming. Invidunt dolores soluta tempor dolore dolores ipsum delenit autem rebum. Rebum dolor amet. Esse lorem no nobis duo aliquyam diam et.\nInvidunt nulla et justo ipsum stet tempor kasd delenit. Dolor nam velit kasd nulla hendrerit elit est ea takimata ipsum vero vero. Eos et hendrerit veniam eros stet invidunt et sit sanctus eum sea et no labore sit eirmod ipsum invidunt. Ipsum et erat diam at diam amet. Dolor vel dolores feugiat accusam lorem lorem dolore hendrerit amet ipsum ipsum est stet ut et et justo feugait. Et lorem et consetetur lorem enim stet sed et duis tempor amet dolor ipsum eleifend at et clita. Erat feugait ipsum feugait tation ut ea sanctus nonumy amet stet est sanctus aliquip facilisis. Lorem at diam amet laoreet in nulla kasd magna sea ipsum nonumy aliquip eos aliquyam clita gubergren. Delenit elit blandit vero nulla et.\n","publishDate":"2022-06-10T14:21:44.2536886+00:00"},{"id":8,"title":"Book 8","description":"Vero sit sea tation erat ipsum blandit hendrerit et sit magna dolores nihil et et et nostrud. Dolore dolor lorem ut magna sit consetetur et tempor. Nulla aliquyam dolor et voluptua volutpat soluta illum ex placerat dolore lorem velit accumsan ipsum aliquyam. Sadipscing invidunt elitr dolor. Kasd vero sadipscing. Diam wisi ea takimata rebum takimata clita labore duo ea lorem et sed magna et volutpat. Et takimata diam at aliquyam dolore dolor accusam dolor diam nibh et molestie et eos vero esse erat. Minim kasd sed dolor sadipscing nonumy no dolore voluptua rebum dolor et sanctus vero invidunt magna et et feugiat. Sed augue invidunt stet et amet delenit lorem dolore magna in accusam sit illum est nonumy. Tempor labore tempor dolor. Voluptua takimata lorem dolores ut sadipscing congue rebum diam sed eos est erat duo at lorem molestie. Ullamcorper te sed amet et rebum lorem erat et et. Autem dolore diam lobortis aliquam iusto veniam. Amet sadipscing dolore clita et vero dolore commodo sit ut tempor. Sit ea sed doming erat stet aliquyam ut invidunt adipiscing dignissim lorem et qui.\n","pageCount":800,"excerpt":"Stet aliquam placerat rebum et est aliquam aliquam eirmod invidunt at et qui duo exerci ipsum. Voluptua adipiscing lorem suscipit et at te elitr. Nulla ipsum in dolores ipsum wisi dolore sit ut. Dolore lorem vero accumsan diam et sea nonumy tempor no molestie vel vero eos. Adipiscing ut feugiat dolor aliquyam amet aliquyam et. Diam tempor erat accusam voluptua eu diam ut. Stet ea aliquyam dolore at sanctus sit quod ipsum eos duo amet nulla minim duo volutpat. Nulla molestie gubergren velit duo dolor illum sea dolor. Consetetur velit clita ut duo diam tempor kasd.\nVulputate no eos duis invidunt eros nibh lobortis. Et hendrerit kasd et dolor lorem ipsum consequat kasd amet. Magna vero sed minim sanctus sea magna eum dolore duo eirmod commodo dolor erat gubergren volutpat autem. Dolor feugait vel kasd duo nostrud et et ea sit sadipscing et delenit sadipscing et kasd iriure duis dolore. Elitr facilisis ipsum iriure euismod odio dolore sed sit in ipsum stet. Velit exerci lorem sit invidunt takimata molestie dolore vero sadipscing diam. Dolores nonumy amet sit. Sanctus luptatum lorem eos duo eos ut delenit. Magna nulla sed nobis nonumy magna minim veniam sit ex. Sed sanctus ullamcorper et elitr qui volutpat rebum sadipscing no et tempor. Luptatum labore liber sadipscing lorem et dolores duis eirmod option at ipsum mazim placerat erat in. Et sadipscing gubergren accusam sea lorem gubergren ullamcorper rebum consequat magna takimata accusam sit lorem. Sit labore duo at sanctus stet sed dolor diam ipsum. Nulla ad ea stet ipsum et. Invidunt eos te labore accusam labore autem invidunt labore ut.\nDolores lorem diam tempor. Nam tempor dolores lorem kasd et no in. Sadipscing commodo sadipscing sit clita. Invidunt dolores sadipscing vel amet et quis erat ipsum magna sed. Lorem est dolore accusam tempor invidunt duis accumsan stet lorem ut sadipscing sea consectetuer sed illum sit. Elitr nonumy amet.\nEt kasd eleifend nulla vulputate sadipscing vulputate esse ipsum labore et in ipsum placerat est sadipscing sea ut. No eu quis amet invidunt lorem laoreet dolore. Amet tincidunt labore at sed adipiscing aliquam. Lorem hendrerit tempor nonummy aliquam molestie sed gubergren velit aliquyam sanctus diam sed est ut. Ipsum justo takimata eirmod kasd ea nonumy lorem duis takimata labore odio. Rebum magna lorem et. Diam dolores veniam lorem lorem gubergren sanctus vulputate wisi ipsum. Et nonummy sit hendrerit dolores vulputate takimata kasd dolore et facilisi vel velit labore ad. Magna et vero ea dolor duo iriure rebum justo in lorem autem sed zzril est eum at. Est commodo diam rebum consetetur laoreet. Voluptua lobortis commodo dolor soluta sed ea esse accusam invidunt euismod autem eirmod dolor takimata dolore ipsum accumsan. Ut elitr stet enim euismod voluptua takimata gubergren congue duo invidunt takimata est ut diam facilisis aliquyam dolor. Molestie lorem diam kasd justo. Erat clita vulputate diam ipsum zzril. Tation dolores molestie.\nDiam justo euismod duis aliquyam esse tempor ut commodo accusam voluptua. Id sed vel. Diam sea sit eos dolor lorem ea euismod esse et eleifend odio takimata lorem tempor dolore. Sit nonumy kasd accusam tempor justo vero vero labore lorem nibh eum hendrerit dolor accusam amet vero duo. Placerat ut eos tempor est lorem sea ipsum. Et sed congue amet.\n","publishDate":"2022-06-09T14:21:44.2537682+00:00"},{"id":9,"title":"Book 9","description":"Hendrerit et sadipscing amet dolor. Lorem takimata dolores ut vero et lorem ea iriure in rebum eleifend sed. In facilisis justo takimata accusam aliquyam accusam hendrerit dolor sanctus sit. Zzril luptatum in ipsum accusam magna dolore et sit iriure nonumy eu feugiat. Feugait dolore sed. Et ipsum esse lorem amet erat lorem invidunt accumsan eos accusam invidunt ut sed esse aliquyam. Nobis diam sit diam eu duo amet lobortis sit diam suscipit et et lorem.\n","pageCount":900,"excerpt":"Ipsum takimata dolor esse eu sit nulla consetetur invidunt elitr no dolor illum consetetur. No sit illum sadipscing vero consetetur nonumy amet autem. Feugiat lorem eirmod dolores feugiat invidunt consequat eirmod tempor tempor lorem ut sadipscing. Ut quis dolor sit sed. Ipsum eos consequat rebum iriure vulputate molestie sea amet accusam no takimata nonumy erat ipsum dolor. Iriure takimata nonumy facer dolore augue eos. Vero nulla at elitr ut et tempor sed eos aliquyam nulla volutpat te iusto sit commodo. Tempor et clita dolor dolor vel vero lorem illum et consetetur dolor ex delenit. Vel tempor consequat dolore gubergren justo gubergren erat accusam vel elit lorem takimata congue. Eirmod eirmod nostrud magna eum sit amet sed sed kasd dolor velit aliquip sit sadipscing voluptua et lorem lorem. Lobortis invidunt nisl hendrerit diam. Tempor no amet ipsum. Duis et amet tempor vulputate elitr et ipsum dolor dolore elitr nulla. Aliquyam nulla vero sed sed erat sed lorem gubergren euismod elitr dolor luptatum accusam sed illum no invidunt. Aliquyam minim lorem amet rebum eu eirmod labore dolores dolor sit nobis amet sanctus dolor amet erat ea gubergren. Stet ipsum dolores velit amet nonumy molestie sea et dolore dolor in amet aliquyam sed vero labore illum sed. Diam molestie elit molestie no diam elitr ullamcorper dolore et amet molestie amet est ea iriure. Et eirmod lobortis ipsum sit clita invidunt consetetur dolore dolor invidunt consequat sea amet ipsum dolor erat sed. Et nonummy zzril duo diam at voluptua ipsum invidunt duo sit.\nDuo consectetuer ut sadipscing elitr et amet facilisis consetetur sadipscing gubergren at sanctus voluptua vero. Dolor sadipscing accusam stet in tempor et blandit justo duo takimata justo no illum voluptua euismod accumsan et. Amet option ipsum lorem sit dolor duo dolor dolor et sadipscing elit dolore ipsum magna. At dolore feugiat takimata no lorem illum sea sed feugait at gubergren. Dolores dolores justo labore consetetur augue possim sadipscing. Vero dolores eos feugait elit. Et ut et dolores sea magna. Clita elitr ea dolor sit rebum dolor no eirmod et illum volutpat invidunt dolor eum duis ipsum. Kasd amet magna no wisi ipsum ipsum consequat invidunt dolores nisl invidunt takimata sanctus aliquyam. Aliquyam voluptua ex elitr esse et et tempor erat.\nEirmod autem kasd et no duo exerci amet. Accusam ipsum duis amet erat dolor sed feugiat ut ut eleifend at et ipsum et dolores sadipscing clita nonumy. Ea sadipscing sanctus tempor duis et sed. Labore quod duo ad sanctus gubergren elit. Erat vero nulla diam consequat congue eos et sed at. Sadipscing dolore dolores dolores diam eirmod et lorem diam. Gubergren magna enim nisl invidunt diam aliquyam gubergren tempor lobortis rebum et. Eirmod dolor dolores ipsum vero. Amet invidunt sadipscing magna justo lorem et duo ut augue laoreet nonumy voluptua. Et assum at et sanctus clita dolores sit ipsum. Dolore enim et stet erat dolore nonumy. Elitr sit magna elit duo. Sit lorem et veniam justo cum aliquyam dolore ut eirmod at.\nSit exerci kasd erat duis dolore nobis accusam. Erat dolor nonumy consetetur suscipit amet dolor cum erat nulla magna. Lorem sit et tempor erat blandit aliquyam cum diam ea ut sit vero eirmod rebum feugiat justo tempor. Molestie lorem voluptua euismod labore at. Amet sed consequat vero nobis est ipsum liber erat et et erat sit lorem et duo. Stet duo consetetur justo volutpat erat amet labore et kasd. Lorem sed consetetur euismod iriure et magna amet dolore dolores dolore aliquyam dolor eirmod ut et et et ipsum. Rebum justo kasd dolore dolores dolore diam sadipscing sea.\nGubergren diam kasd ut dolor amet amet. Luptatum vel sanctus invidunt exerci option tempor sit zzril sadipscing. Justo minim rebum ipsum sea congue nonummy dolore sea dolore facilisi rebum sed amet amet ea. Tempor eu sea eos ut est eirmod lorem sanctus. Esse clita magna diam sit lorem dolor dolor erat dolor erat diam takimata. Volutpat liber lorem no magna ea ullamcorper ut. Consequat no dolore aliquip voluptua cum sea tempor consetetur sit et elitr. Consetetur sit nonumy ea ea gubergren. Dolor diam blandit ullamcorper. Accumsan erat dolores erat vero te et et. Minim consetetur stet facilisis erat dolore eirmod id ut velit.\n","publishDate":"2022-06-08T14:21:44.2538493+00:00"},{"id":10,"title":"Book 10","description":"Duis kasd no delenit ea lorem ea praesent eirmod takimata. Elitr duo magna velit diam ea accusam takimata facilisis et. Nihil sit et tempor dolor diam clita amet elitr dolore illum eos diam velit no. Elitr dolore sea ut takimata nulla cum accusam exerci dolor sadipscing dolor aliquyam.\n","pageCount":1000,"excerpt":"Consequat in vulputate rebum takimata dolor et ipsum eirmod odio magna ea nulla nulla amet in. Magna duis vel sed blandit ea invidunt eirmod dolores iriure sadipscing lorem blandit ea at. Lorem ea consequat no aliquam dolor. Clita sea et duo tempor in voluptua adipiscing magna eos. Ea nulla luptatum ad. Erat nobis voluptua vero ipsum. Diam in est erat lorem laoreet justo dolores labore dolore erat et consectetuer. Stet vel lorem stet sed et stet autem nostrud illum dolore amet gubergren lorem et. Kasd erat ea quod et. Stet hendrerit in iusto elitr vel est at invidunt dolor et nonumy dolor eleifend. Illum nobis lorem et elitr voluptua aliquyam ut no stet justo. Gubergren esse sit blandit elitr ipsum illum duis vero eos ea diam autem accusam est lorem eos aliquyam. Ipsum blandit vero ipsum doming iriure ipsum rebum euismod mazim sed magna quis eos et erat.\nNibh eos ipsum esse et erat nulla ipsum stet tation dolore hendrerit diam. Aliquyam sed dolor ea ut sea invidunt takimata et vero sanctus elitr duo quis sadipscing consequat. Veniam dolor magna consequat sanctus duo delenit sit sit diam eum vel vero hendrerit invidunt. Justo dolor blandit eirmod duo sadipscing erat sit et. Erat diam feugait at lorem est sit consetetur kasd amet gubergren cum eos eos invidunt stet lobortis erat exerci. No dolore accusam facilisi rebum sea quod rebum dolore enim placerat labore rebum est. Dolores kasd blandit in. Magna et eu dolores sea. Feugiat gubergren dolor et accusam dolore dolor no odio dolor voluptua dolor dolore. Magna illum stet kasd.\nFacer qui labore justo. Diam hendrerit et eos dolor labore laoreet ea erat augue duis clita in consequat amet nobis illum dolores. Diam gubergren invidunt sit dolor. Et nonumy eirmod et amet et at dolore dolore magna justo feugiat in suscipit nonummy justo invidunt dolor. Vel ut assum rebum duo elitr et clita elitr augue eros ipsum diam kasd illum diam. Duo dolore ut. Eos delenit et. Voluptua justo sanctus sea dolor sit diam dolores suscipit stet eirmod ex tincidunt. Feugait vero eos et. Gubergren sea erat accusam iusto feugiat consectetuer eirmod diam. Nonumy nulla est et ut takimata eos diam minim amet nostrud dignissim tempor amet dolor. Doming hendrerit dolor at clita amet diam diam amet sanctus ipsum ut possim. Eu clita ut erat et et duo labore sea commodo tempor ad kasd eirmod vero at sed. Vero diam tempor aliquyam te dolor. Magna erat diam et kasd feugait sanctus nonumy sit molestie zzril sit ipsum aliquyam sadipscing aliquyam. Vel ipsum accusam praesent odio dolor ipsum tempor ea invidunt sadipscing. At labore accusam eirmod sit eum est eos clita zzril eirmod rebum ut facilisis et sadipscing takimata.\nMagna dolor quod. Nostrud diam et dolor dolores at. Imperdiet ut rebum. Elitr ut stet stet sed labore. Takimata congue et gubergren vulputate consetetur elitr augue in delenit diam lorem clita lorem. Velit feugait gubergren iusto euismod odio lorem sed justo labore. Dolore tempor tempor aliquyam vel vel ipsum eros in consetetur. Ea tempor elit gubergren.\nEst justo et ipsum sed tation duis aliquip ipsum ut eos praesent sea. Dolor dolor voluptua et et veniam stet eirmod facilisis. Ea sed tempor tempor sed vero diam qui ipsum praesent nulla wisi rebum kasd dolore vero et. Iriure erat id consetetur diam sadipscing labore no kasd rebum suscipit sadipscing aliquip dolores vulputate. Nisl blandit sanctus erat augue sed et ipsum enim sed sed rebum nonummy ipsum eu. Nonumy molestie eum amet facilisis. Diam clita dolore et stet rebum ea gubergren labore laoreet erat enim tempor amet ut consetetur veniam. Aliquam sanctus autem vulputate enim et sit adipiscing option hendrerit lorem rebum est est ut. Tempor consetetur ut adipiscing lorem sanctus magna tempor diam eirmod invidunt stet accusam consequat.\n","publishDate":"2022-06-07T14:21:44.2539205+00:00"},{"id":11,"title":"Book 11","description":"Et aliquip clita nonumy veniam sed. Commodo dignissim amet vel in sanctus et est. Ipsum ea sit eros soluta labore rebum consetetur dolores amet ea tempor illum duo kasd dolores. Takimata sed lorem dolor amet sit sit dolor at voluptua lorem aliquyam et. Hendrerit et clita rebum sanctus tempor ea. Nonumy ipsum amet iusto dolores sed eos dolore est nonumy et diam zzril eu commodo. Ipsum ea amet commodo nonummy at ea delenit labore ea consetetur quis. Clita voluptua erat sit rebum dolor. Sadipscing vero dolor tempor vero sadipscing diam kasd consequat consetetur dolore gubergren amet erat gubergren elitr. Sit blandit ut dignissim et eirmod. Ea clita kasd ut commodo vulputate eirmod nobis diam lorem et aliquyam nonummy amet accumsan labore sit est. In et duo gubergren labore no aliquyam sea sit et cum consequat et ea sit velit clita. Est nulla amet sanctus option commodo vel ipsum aliquyam aliquyam voluptua amet dolor zzril nulla diam ipsum ipsum duis. Et te et erat tempor voluptua eos autem amet iriure rebum. Duis dolor minim dolor invidunt vel wisi enim et diam at labore dolore tincidunt sed eirmod. Erat tempor consequat nonumy.\n","pageCount":1100,"excerpt":"Id est vel duo sed sadipscing invidunt eu invidunt et consequat dolore lorem lorem sit. Sit et dolore amet enim. Molestie dolor nonummy sed labore clita accusam mazim et ut dolor no accusam elitr erat et at nonumy. Elitr quod duo aliquyam nulla sed diam cum vero. Sed sea zzril dolore. Invidunt et eos sit gubergren vero nonumy veniam amet aliquam nulla sed. Sea sanctus erat erat sadipscing et. Facer labore dolores eirmod lorem iriure sed dolor enim nam consetetur suscipit ut ullamcorper takimata. Consetetur at aliquyam enim stet et ex gubergren diam eirmod consetetur dolor dolor ad ea ea et. Nonumy soluta suscipit labore ut ipsum erat magna sadipscing dolore et consetetur sadipscing lorem. Voluptua dolor eos sit.\nExerci ea takimata clita sanctus aliquam wisi doming lorem sea stet magna aliquyam consequat et ullamcorper dolore. Nobis adipiscing magna nonumy sadipscing cum praesent nostrud. Facilisi te sed diam lorem enim diam lorem tempor commodo et sed at sit est magna nisl stet. Erat sit ea sit nonumy dolore iriure gubergren magna clita eos et sed illum stet diam labore at dolore. Consectetuer sed sanctus invidunt clita et. Nonumy possim te amet facilisi velit aliquam consequat dolore sadipscing voluptua diam tempor takimata.\nAliquyam no voluptua diam takimata duo duo et commodo et eirmod clita nonumy amet rebum eos labore justo. Possim est consequat sit. Vulputate sit esse vel sea invidunt. Duo magna magna sadipscing est invidunt clita. Tincidunt accusam takimata ut ut ut consetetur consetetur facilisis stet erat. Sea sit ea esse. Facilisis consetetur et vulputate doming dolores veniam stet adipiscing et ipsum sea dolor. Tempor et consetetur sit duo sit consectetuer amet. Et diam sadipscing et voluptua sit aliquyam dolores lorem sadipscing lorem voluptua elitr accumsan. Sed lorem autem vulputate. Dolore dolor ipsum in nonumy duo velit rebum justo sed tincidunt ut. Sed voluptua ea dolor autem nonumy gubergren justo ipsum ad rebum lorem eu amet.\nEt dolor eos sit magna et labore aliquam labore et tempor euismod et feugiat praesent sit takimata dolore ea. Justo id feugiat nonummy takimata duis feugiat. Nonumy velit tincidunt vero esse lorem dolor justo erat nulla. Kasd sadipscing sed justo exerci dolor et ipsum eos ea lorem sit tempor. Ut diam sed justo est et amet tation vulputate molestie iriure sed delenit sed.\nKasd est id stet ipsum et sed. Et voluptua dolore kasd voluptua autem eos elitr molestie diam nisl. Et consequat accumsan eos dolores eos vero nostrud sed duo sit amet sed eos enim consetetur clita mazim consetetur. Lorem et ipsum quis nonumy possim ut eirmod tation blandit dolore tempor liber ipsum duis. Congue erat sit autem wisi dolor ut dolores sanctus. Justo et magna congue vulputate amet praesent nonumy rebum dolore vel kasd labore duis eirmod dolor. Magna tincidunt et sed sadipscing vero duo nonummy dolore magna delenit illum dignissim ut tempor elitr sanctus qui dolor. Stet stet facilisis diam sit. Magna lorem molestie dolor. Gubergren erat amet dolore velit. Diam voluptua gubergren stet dolores takimata ipsum ipsum suscipit. Ut sadipscing dolor erat diam et tincidunt diam te lorem duis. Sea elitr ea consetetur sit magna est lorem sed. Magna vel sit eum elitr consetetur. Sanctus eum dolores sit sed labore gubergren lorem suscipit et velit clita est justo laoreet consetetur. Duo dolores lorem vero gubergren velit ipsum luptatum invidunt. Sit ipsum duis dolor dolor duis nibh. Dolore kasd ea dolor nonummy lorem amet eos sea sit ut. Ut sed dolor sanctus et.\n","publishDate":"2022-06-06T14:21:44.2540019+00:00"},{"id":12,"title":"Book 12","description":"Est amet nonumy. Aliquyam sanctus lobortis elit sit dolor possim sadipscing dolore et et vero. Sed consequat nulla. Veniam tempor erat eirmod dolore. Sed et facilisis ut voluptua et est takimata te takimata nulla volutpat aliquyam. Nonumy eos voluptua duo at. Aliquyam dolore amet. Erat tation praesent lorem in takimata sit lorem magna no magna. Invidunt no stet et eu molestie et dolores takimata sadipscing. Dolor at et clita gubergren sed sit amet diam est accusam nonummy molestie eirmod vulputate. Ea vulputate assum lorem dignissim nonumy voluptua dolor adipiscing vero invidunt. Veniam delenit dolor labore invidunt diam stet facilisi sadipscing sit takimata clita duis nonummy veniam sed. Dolore erat praesent voluptua et est eros dignissim et wisi consequat autem clita clita dignissim sanctus duo. Accumsan dolor accusam placerat consetetur voluptua ipsum at facilisi.\n","pageCount":1200,"excerpt":"Nonumy sadipscing doming tempor ea duo vel nisl vero augue id voluptua ad. Iusto magna sadipscing vero labore accusam diam eu takimata. Aliquyam consetetur no invidunt. Diam sed luptatum sea clita labore et est amet est diam consetetur stet consetetur. Magna diam diam sea sanctus. Sanctus dolor magna. Invidunt euismod invidunt suscipit lorem ipsum nulla nulla consetetur sit accusam sed dolores sit. Magna et dolor dolor euismod sed et dolor labore takimata erat dolores amet.\nEst diam elitr eum voluptua nulla in ea aliquyam consequat lorem volutpat sadipscing. Dolor dolor sadipscing. Id sed amet sea et ipsum justo dolores tempor dolor et tempor tempor diam gubergren stet. Dolore invidunt diam no dolore suscipit kasd duo tempor et. Voluptua lorem et est justo ullamcorper sanctus sea nostrud consequat et iriure. Exerci et nonumy autem in sed eos exerci rebum takimata justo dolores. Dolores justo nobis sed dolore stet facer vero diam dolore justo clita dolores clita accusam ut ut stet at. Clita ea justo lorem magna sea sadipscing blandit ea nulla et rebum velit dolores sadipscing. Takimata invidunt et. Nonumy luptatum blandit velit et molestie exerci consequat amet sed aliquyam.\nEt diam ipsum sit erat at amet lorem eirmod clita nonumy. Est voluptua amet justo labore. Eos invidunt clita ipsum. Consectetuer magna et at vel ut et eos ut eos qui rebum vero amet invidunt vel sadipscing facer. Labore lorem justo sed ea ea minim. Ut rebum dolor accusam eleifend lobortis consetetur illum. Dolor lorem nisl clita et nonumy sadipscing vero est sadipscing sanctus vero eos dolor sanctus dolore eirmod amet tempor. Nonumy vulputate ipsum ipsum amet consectetuer te in dolor justo vero blandit eu. Ipsum sadipscing eirmod vel duis. Erat dolores gubergren et sanctus et accusam nibh sed. Clita accusam amet ut magna no consequat labore et takimata clita vero et dolore duo. Sed et lorem stet nonummy. Vero exerci duo et diam elitr stet eos kasd ea. Duis dolore dolor dolore nihil labore eirmod dolor tempor.\nTempor lorem amet sea tempor dolor adipiscing velit gubergren sed et ipsum dolor eos. Gubergren nobis at tempor sadipscing dolor ipsum sed elitr iriure esse est augue illum et sed no erat accusam. Stet diam qui nonumy amet tation iusto magna enim vero tempor liber. Sed at liber clita amet esse diam eos diam molestie. Dolor rebum et et sadipscing nam eu accumsan diam eu est dolore magna ipsum elitr sit consetetur. Amet ea accumsan erat diam duo vero. Diam no sea amet ea ut invidunt eos tempor. Elitr et adipiscing clita et stet diam. Et at et sea hendrerit accusam. Lorem dolore vulputate sanctus et aliquip consequat et enim erat lobortis dolores iriure ea et feugiat nonummy cum.\nRebum sed labore sadipscing doming justo luptatum duis dolore eos accusam esse. Lorem tempor lorem tempor dolores ipsum clita diam sea dolores labore commodo clita et augue ex dolor dolor iusto. Clita et et ipsum eum kasd dolore ipsum eirmod eirmod dolor laoreet eos ipsum et sed. Vulputate quis aliquyam. Dolore molestie clita sit gubergren sed velit ipsum sea labore voluptua autem tempor at. Elit est clita sanctus eros sea diam diam quod voluptua eu dolore eros justo sit. Tempor et lorem zzril nonumy nulla ipsum labore stet invidunt sit erat tempor. Sadipscing justo diam est amet kasd sanctus est augue sed sea. Molestie hendrerit magna amet gubergren et diam feugiat. Ea diam sadipscing elitr sed sanctus erat elitr laoreet diam kasd volutpat erat. Nostrud vel iusto sea sed rebum et ipsum sea hendrerit feugiat est. Tempor rebum voluptua justo eos no at clita consequat feugiat stet ipsum lorem et stet. Labore dolor clita feugait.\n","publishDate":"2022-06-05T14:21:44.2540779+00:00"},{"id":13,"title":"Book 13","description":"Et voluptua vel lorem rebum sea gubergren elit amet erat invidunt ea elitr. Ea eirmod eirmod vero. Accusam no facilisis te. Invidunt magna et dolores eos doming dignissim enim magna sit exerci. In iriure augue et. Accusam aliquyam commodo et diam sed molestie takimata vel. Et ut nonumy elit. Nonummy nonumy rebum eirmod stet. Nisl diam no. Illum sit nonumy imperdiet minim quis lorem tempor tempor velit duis sea lorem. Diam est sed diam consequat dolore sea elitr dolores autem sed aliquip erat magna. Ullamcorper vel vulputate sea id takimata consetetur amet. Ipsum no invidunt wisi consequat. Clita esse et labore sadipscing ea. Elit odio dolor consectetuer hendrerit amet in aliquyam sea. Dolores at vero et no amet sadipscing nonumy sit kasd volutpat takimata. Et at sed diam lorem nisl labore erat accusam ea voluptua dolor lorem invidunt.\n","pageCount":1300,"excerpt":"Amet diam facer amet erat dolor clita no ex ipsum magna nulla eum dolor. Et magna lorem et takimata magna dolore eirmod invidunt suscipit diam. Nibh amet eos est. Magna vero sit eos diam dolore diam ipsum. Dolore sed molestie erat in. Feugait sea no dolor eirmod kasd aliquam sed autem et dignissim consequat. Sanctus ut at diam dolore sed autem accusam sit ex. Sadipscing odio diam quis labore ut esse takimata et takimata tempor amet hendrerit voluptua et odio tempor. Dolore takimata sed te et te clita sed sit invidunt eirmod magna dolore nulla gubergren accusam accusam duo. Stet euismod exerci kasd augue ipsum et. Tempor congue sit kasd nonumy duo voluptua justo mazim magna volutpat amet et commodo aliquyam takimata magna. Molestie aliquyam dolor hendrerit accusam sanctus autem duo magna assum et delenit diam sanctus est at. Kasd amet et duo stet sit sea tempor nonumy dolore dolor sit. Sit dolor sed sed ut dignissim at et. Amet volutpat magna eirmod voluptua nonumy sed et tation. Gubergren vero justo sanctus option illum tincidunt stet est. Dolore soluta ea et et sadipscing nam velit ipsum vulputate soluta amet gubergren illum sanctus et. At ad erat ut. Gubergren accusam feugait ullamcorper sed facilisis sed kasd te takimata.\nDoming kasd dolor cum vulputate. Et diam eos et sed. Diam ea sit sed invidunt ex lorem elitr sed wisi facilisi id at sanctus kasd. Consequat eirmod sit amet erat. Eos nostrud clita stet ipsum commodo nonumy ut stet diam dolor. Diam elitr dolor lorem vero consetetur elitr erat ut magna ex eros sed lorem. Magna eros sit vero consequat dolore ut clita velit sed. Dolor gubergren tempor sadipscing dolor dolores ea sadipscing erat eos ad. Ipsum amet lorem labore dolore elitr no euismod sit tempor invidunt tation elitr clita. Sed dolor hendrerit nulla facilisi at aliquip. Vero sed sed augue dolor voluptua invidunt accusam sadipscing invidunt sit tempor est duis dolor hendrerit et. Ipsum at veniam dolore ipsum dignissim accusam. Aliquam diam tempor nulla sanctus sea eum possim aliquyam elitr dignissim stet sed dolores et sit sadipscing. Sit at erat duis est ut gubergren sadipscing no kasd aliquip vero nostrud diam sed molestie nonumy sit. Duo dolore eirmod. Ea gubergren velit et euismod exerci no et diam diam sadipscing magna dolore ipsum eos ut sit. Stet ipsum qui ut. Delenit magna eos esse facilisis justo eleifend eum suscipit nibh et ea. Amet rebum lorem lorem erat justo ut takimata justo luptatum at duis et.\nMagna dolores possim facer aliquyam magna no sed nisl et dolor sanctus sit amet soluta dolor dolore sanctus dolore. Tempor nostrud in justo luptatum consetetur erat sit commodo dolor. Vel in volutpat et et. Clita esse dolor. Vero sit consequat clita vel magna duis et cum voluptua kasd no dolore erat sea accumsan qui. Consequat dolor rebum kasd ut. Eirmod clita sed et sea gubergren et accusam diam dolor option diam sed eros dolor clita molestie rebum amet. Veniam nonumy duo justo ea. Invidunt iusto delenit autem consetetur sit aliquyam dolores. Volutpat invidunt lorem et sadipscing takimata diam clita sanctus veniam aliquyam et. Nam vero diam. Ea amet ut adipiscing sadipscing accumsan takimata. Sea et elitr at ipsum ex vel gubergren ipsum zzril. In dolore magna delenit et dolor laoreet hendrerit labore sed. Et diam dolore consetetur ea rebum consetetur vulputate sadipscing clita ipsum ea vel.\nConsetetur no kasd labore justo diam diam ipsum quod amet amet invidunt sit vel dolor magna suscipit. Et duo sit amet no lorem dolor et dolor esse duis amet tation ut vulputate eos. Ad eu amet et soluta at exerci invidunt lorem tempor sed veniam elitr laoreet aliquyam takimata amet invidunt sanctus.\nAmet takimata ea. Clita tempor ea delenit ipsum gubergren nonumy feugiat esse lobortis duo. Magna magna sadipscing dolore no diam blandit. Eos lorem ipsum duo tempor aliquyam enim labore sadipscing gubergren volutpat vulputate ut in sed et stet eos. Id ipsum labore nonumy. Dolore dolor dolore est autem sed nonumy velit vero dolore aliquyam no sanctus elit consetetur iusto.\n","publishDate":"2022-06-04T14:21:44.2541674+00:00"},{"id":14,"title":"Book 14","description":"Dolore facilisis invidunt vero iusto in dolore est minim invidunt eu vero diam diam. At ullamcorper justo dolore dolor est ipsum et sed aliquip eu no et consequat consequat erat. Labore erat feugiat nostrud ut ipsum clita est nulla tempor eum lorem takimata labore. Lobortis elitr no vero voluptua sed rebum diam duo feugait. Diam consetetur dolor mazim dolor kasd sea et diam eos suscipit dolore laoreet ex takimata gubergren volutpat sed. Et accusam dolor aliquyam sit invidunt accusam eros ipsum sit et nonummy et. Voluptua vero duo laoreet et et. Aliquyam luptatum sadipscing voluptua ipsum ipsum. Nonumy justo magna zzril stet no sadipscing eirmod sea. Nobis ipsum sit lorem lorem vero dignissim hendrerit elitr vero eleifend elitr labore eirmod amet. Accumsan lobortis sanctus no est dolor tempor autem eirmod labore et ut. Tation et eirmod duo possim et ipsum. Wisi euismod kasd aliquam dolores takimata rebum eos duis feugiat sadipscing lorem nostrud lorem takimata. Lorem eum rebum dolore soluta dolore et lobortis dolore gubergren qui sit nostrud vero dolore dolores elitr et no.\n","pageCount":1400,"excerpt":"Accusam sanctus amet sea eros et. Exerci ipsum elitr lorem illum est justo sit takimata accusam dolor molestie liber takimata dolor takimata nonumy. Erat eos ipsum no clita sadipscing amet sed eirmod erat tempor duo ut elitr.\nElitr clita sit option dolore et. Erat te dignissim duis in sadipscing accusam augue amet takimata wisi ea stet est dolore sed lorem. Diam consequat sed no. Consectetuer kasd consetetur ipsum ea diam nam tation voluptua facilisi et amet duis. Dolor consequat ut kasd et tempor kasd hendrerit autem justo eum tincidunt facer dolor lobortis. Et rebum nostrud takimata nonumy vel ea velit sanctus justo veniam duo hendrerit sea ipsum sadipscing erat magna. Invidunt est est at et veniam est labore voluptua sed nostrud eirmod dignissim lorem erat tempor accusam ad. Eirmod aliquyam eirmod rebum no sit autem kasd labore amet et justo dolor gubergren. Duo at lorem nonumy in amet. Ut eos commodo et magna takimata qui quis nonumy dolore clita erat elitr sanctus dolor. Amet erat doming amet. Diam kasd sanctus nisl imperdiet justo ex est assum dolore voluptua. Lorem amet autem ea sadipscing zzril sit elitr kasd eos et hendrerit. Volutpat consetetur dolore labore ipsum gubergren dolor eum ea lorem rebum.\nEa tempor justo est sit amet. Ipsum tempor kasd tempor at ipsum ipsum takimata sed lorem labore diam delenit ea erat voluptua ea. Consectetuer et erat adipiscing nonumy facilisis lobortis et et dolor ea accumsan at illum et. Quod elit labore sed no amet eum nonumy tincidunt gubergren lorem. Clita facilisis et clita labore sit amet sed takimata dolore ipsum ipsum et. Justo sit elitr volutpat lorem ipsum eu elitr velit volutpat elitr in amet amet. Vulputate kasd aliquyam justo justo nonumy laoreet iriure lorem nonumy at erat esse amet amet diam. Consetetur mazim magna ad magna takimata consetetur labore sanctus. Nonumy takimata justo clita magna labore consequat amet eirmod justo magna ea takimata et no nonumy. Vero in sed voluptua nonumy invidunt stet imperdiet ipsum. Diam diam lorem ut nonumy clita no consectetuer invidunt et imperdiet consectetuer ipsum dolor lorem vero diam erat. Dolor et dignissim at ipsum justo vero et consetetur nibh lorem at et invidunt aliquyam est accusam. Blandit elitr esse dolor. Elitr vulputate magna vero. Nonumy voluptua et sea consetetur et dolore odio voluptua eirmod. Lorem dolore sit duis dolor dolore elitr. Ea duo dolor erat eos sed facilisis.\nEa dolor consectetuer duo eum labore sed dolores suscipit. Nulla duo erat sadipscing sed wisi amet ipsum facilisis mazim ipsum dolore sed stet. Elitr et in ipsum ad duis tempor sanctus sed diam autem magna diam nisl dolor. Sit erat et aliquyam dolor ea. Duo erat erat vero dolor dolores in dolores tempor tempor. Et facilisis volutpat justo sed nonummy consetetur kasd ut ipsum lorem ipsum esse amet et esse feugiat dolor. Soluta accusam diam et tation lorem accusam laoreet possim nonumy sadipscing et. Eu at magna et stet dolore tempor at dolor ut. Sed dolor magna in vero duis erat et zzril luptatum. Sed autem consetetur sanctus magna possim sanctus magna et vero rebum esse amet et. Sit esse duis consequat ea eleifend.\nUllamcorper eos at aliquyam nobis diam gubergren ut elitr amet rebum aliquyam. Doming rebum sit ad justo dolor consectetuer dolor diam ea. At diam eirmod vero voluptua rebum ut ipsum. Aliquyam illum et nulla nulla et autem nostrud voluptua nonumy in est diam invidunt adipiscing.\n","publishDate":"2022-06-03T14:21:44.2542456+00:00"},{"id":15,"title":"Book 15","description":"Et sit eirmod eos ad dolore no in. Ipsum dolore et nibh. Dolor quis eirmod ut voluptua illum veniam no veniam congue et voluptua eirmod voluptua kasd. Dolor sit lorem sanctus magna eirmod sit. Dolor ut vero rebum. At sit facilisis blandit kasd ipsum dolor commodo augue. Nulla accusam at zzril. Nisl amet dolore iusto et labore stet labore. Ipsum et sanctus voluptua ut eirmod ut sea imperdiet at in diam takimata sadipscing. Vero ad elitr et erat et sea takimata sed gubergren duo ipsum sea magna eu duo clita clita ipsum. Eleifend sadipscing duo augue et dolore ut in justo voluptua accusam consetetur vel wisi. Sit voluptua vero est consetetur takimata nonumy et et velit diam dolor tempor erat. Eu vero takimata accusam autem magna rebum quis vel feugiat dolore vel nisl kasd exerci diam et velit et. Iriure tempor takimata voluptua ea kasd sadipscing amet sed qui 
[...]
<doc>Verifies that the given item is not empty.</doc>
<msg timestamp="20220617 11:21:45.491" level="INFO">Length is 33</msg>
<status status="PASS" starttime="20220617 11:21:45.490" endtime="20220617 11:21:45.491"/>
</kw>
<status status="PASS" starttime="20220617 11:21:45.480" endtime="20220617 11:21:45.491"/>
</kw>
<status status="PASS" starttime="20220617 11:21:45.196" endtime="20220617 11:21:45.491"/>
</test>
<test id="s1-t3" name="Cadastrar um novo livro (POST)" line="21">
<kw name="Cadastrar um novo livro" library="Resource_API">
<kw name="Create Dictionary" library="BuiltIn">
<var>${HEADERS}</var>
<arg>Content-Type=application/json</arg>
<doc>Creates and returns a dictionary based on the given ``items``.</doc>
<msg timestamp="20220617 11:21:45.496" level="INFO">${HEADERS} = {'Content-Type': 'application/json'}</msg>
<status status="PASS" starttime="20220617 11:21:45.495" endtime="20220617 11:21:45.496"/>
</kw>
<kw name="Set Variable" library="BuiltIn">
<var>${DATA}</var>
<arg>{"id":210, "title":"Meu Book Novo", "description":"Meu novo livro conta varias coisas", "pageCount":420, "excerpt":"Meu Novo livro e incrivel.", "publishDate":"2022-06-10T15:40:01.472Z"}</arg>
<doc>Returns the given values which can then be assigned to a variables.</doc>
<msg timestamp="20220617 11:21:45.496" level="INFO">${DATA} = {"id":210, "title":"Meu Book Novo", "description":"Meu novo livro conta varias coisas", "pageCount":420, "excerpt":"Meu Novo livro e incrivel.", "publishDate":"2022-06-10T15:40:01.472Z"}</msg>
<status status="PASS" starttime="20220617 11:21:45.496" endtime="20220617 11:21:45.496"/>
</kw>
<kw name="Log To Console" library="BuiltIn">
<arg>${DATA}</arg>
<doc>Logs the given message to the console.</doc>
<status status="PASS" starttime="20220617 11:21:45.496" endtime="20220617 11:21:45.498"/>
</kw>
<kw name="POST On Session" library="RequestsLibrary">
<var>${RESPOSTA}</var>
<arg>fakeAPI</arg>
<arg>Books</arg>
<arg>data=${DATA}</arg>
<arg>headers=${HEADERS}</arg>
<doc>Sends a POST request on a previously created HTTP Session.</doc>
<msg timestamp="20220617 11:21:45.732" level="INFO">POST Request : url=https://fakerestapi.azurewebsites.net/api/v1/Books 
 path_url=/api/v1/Books 
 headers={'User-Agent': 'python-requests/2.26.0', 'Accept-Encoding': 'gzip, deflate', 'Accept': '*/*', 'Connection': 'keep-alive', 'Content-Type': 'application/json', 'Content-Length': '186'} 
 body={"id":210, "title":"Meu Book Novo", "description":"Meu novo livro conta varias coisas", "pageCount":420, "excerpt":"Meu Novo livro e incrivel.", "publishDate":"2022-06-10T15:40:01.472Z"} 
 </msg>
<msg timestamp="20220617 11:21:45.732" level="INFO">POST Response : url=https://fakerestapi.azurewebsites.net/api/v1/Books 
 status=200, reason=OK 
 headers={'Content-Type': 'application/json; charset=utf-8; v=1.0', 'Date': 'Fri, 17 Jun 2022 14:21:46 GMT', 'Server': 'Kestrel', 'Transfer-Encoding': 'chunked', 'api-supported-versions': '1.0'} 
 body={"id":210,"title":"Meu Book Novo","description":"Meu novo livro conta varias coisas","pageCount":420,"excerpt":"Meu Novo livro e incrivel.","publishDate":"2022-06-10T15:40:01.472Z"} 
 </msg>
<msg timestamp="20220617 11:21:45.732" level="INFO">c:\users\014645631\appdata\local\programs\python\python39\lib\site-packages\urllib3\connectionpool.py:1013: InsecureRequestWarning: Unverified HTTPS request is being made to host 'fakerestapi.azurewebsites.net'. Adding certificate verification is strongly advised. See: https://urllib3.readthedocs.io/en/1.26.x/advanced-usage.html#ssl-warnings
  warnings.warn(</msg>
<msg timestamp="20220617 11:21:45.733" level="INFO">${RESPOSTA} = &lt;Response [200]&gt;</msg>
<status status="PASS" starttime="20220617 11:21:45.498" endtime="20220617 11:21:45.733"/>
</kw>
<kw name="Log" library="BuiltIn">
<arg>${RESPOSTA.text}</arg>
<doc>Logs the given message with the given level.</doc>
<msg timestamp="20220617 11:21:45.735" level="INFO">{"id":210,"title":"Meu Book Novo","description":"Meu novo livro conta varias coisas","pageCount":420,"excerpt":"Meu Novo livro e incrivel.","publishDate":"2022-06-10T15:40:01.472Z"}</msg>
<status status="PASS" starttime="20220617 11:21:45.733" endtime="20220617 11:21:45.735"/>
</kw>
<kw name="Set Test Variable" library="BuiltIn">
<arg>${RESPOSTA}</arg>
<doc>Makes a variable available everywhere within the scope of the current test.</doc>
<msg timestamp="20220617 11:21:45.735" level="INFO">${RESPOSTA} = &lt;Response [200]&gt;</msg>
<status status="PASS" starttime="20220617 11:21:45.735" endtime="20220617 11:21:45.736"/>
</kw>
<status status="PASS" starttime="20220617 11:21:45.495" endtime="20220617 11:21:45.736"/>
</kw>
<kw name="Conferir o status code" library="Resource_API">
<arg>200</arg>
<kw name="Should Be Equal As Strings" library="BuiltIn">
<arg>${RESPOSTA.status_code}</arg>
<arg>${STATUSCODE_DESEJADO}</arg>
<doc>Fails if objects are unequal after converting them to strings.</doc>
<msg timestamp="20220617 11:21:45.737" level="INFO">Argument types are:
&lt;class 'int'&gt;
&lt;class 'str'&gt;</msg>
<status status="PASS" starttime="20220617 11:21:45.737" endtime="20220617 11:21:45.737"/>
</kw>
<status status="PASS" starttime="20220617 11:21:45.736" endtime="20220617 11:21:45.737"/>
</kw>
<kw name="Conferir o reason" library="Resource_API">
<arg>OK</arg>
<kw name="Should Be Equal As Strings" library="BuiltIn">
<arg>${RESPOSTA.reason}</arg>
<arg>${REASON_DESEJADO}</arg>
<doc>Fails if objects are unequal after converting them to strings.</doc>
<status status="PASS" starttime="20220617 11:21:45.738" endtime="20220617 11:21:45.739"/>
</kw>
<status status="PASS" starttime="20220617 11:21:45.738" endtime="20220617 11:21:45.739"/>
</kw>
<kw name="Conferir se retorna todos os dados cadastrados do livro &quot;210&quot;" library="Resource_API" sourcename="Conferir se retorna todos os dados cadastrados do livro &quot;${ID_LIVRO}&quot;">
<kw name="Dictionary Should Contain Item" library="Collections">
<arg>${RESPOSTA.json()}</arg>
<arg>id</arg>
<arg>${BOOK_210.id}</arg>
<doc>An item of ``key`` / ``value`` must be found in a ``dictionary``.</doc>
<status status="PASS" starttime="20220617 11:21:45.739" endtime="20220617 11:21:45.740"/>
</kw>
<kw name="Dictionary Should Contain Item" library="Collections">
<arg>${RESPOSTA.json()}</arg>
<arg>title</arg>
<arg>${BOOK_210.title}</arg>
<doc>An item of ``key`` / ``value`` must be found in a ``dictionary``.</doc>
<status status="PASS" starttime="20220617 11:21:45.741" endtime="20220617 11:21:45.742"/>
</kw>
<kw name="Dictionary Should Contain Item" library="Collections">
<arg>${RESPOSTA.json()}</arg>
<arg>pageCount</arg>
<arg>${BOOK_210.pageCount}</arg>
<doc>An item of ``key`` / ``value`` must be found in a ``dictionary``.</doc>
<status status="PASS" starttime="20220617 11:21:45.742" endtime="20220617 11:21:45.743"/>
</kw>
<kw name="Should Not Be Empty" library="BuiltIn">
<arg>${RESPOSTA.json()["description"]}</arg>
<doc>Verifies that the given item is not empty.</doc>
<msg timestamp="20220617 11:21:45.744" level="INFO">Length is 34</msg>
<status status="PASS" starttime="20220617 11:21:45.743" endtime="20220617 11:21:45.744"/>
</kw>
<kw name="Should Not Be Empty" library="BuiltIn">
<arg>${RESPOSTA.json()["excerpt"]}</arg>
<doc>Verifies that the given item is not empty.</doc>
<msg timestamp="20220617 11:21:45.745" level="INFO">Length is 26</msg>
<status status="PASS" starttime="20220617 11:21:45.744" endtime="20220617 11:21:45.745"/>
</kw>
<kw name="Should Not Be Empty" library="BuiltIn">
<arg>${RESPOSTA.json()["publishDate"]}</arg>
<doc>Verifies that the given item is not empty.</doc>
<msg timestamp="20220617 11:21:45.746" level="INFO">Length is 24</msg>
<status status="PASS" starttime="20220617 11:21:45.745" endtime="20220617 11:21:45.746"/>
</kw>
<status status="PASS" starttime="20220617 11:21:45.739" endtime="20220617 11:21:45.746"/>
</kw>
<status status="PASS" starttime="20220617 11:21:45.494" endtime="20220617 11:21:45.747"/>
</test>
<test id="s1-t4" name="Alterar um livro (PUT)" line="27">
<kw name="Alterar o livro &quot;152&quot;" library="Resource_API" sourcename="Alterar o livro &quot;${ID_LIVRO}&quot;">
<kw name="Create Dictionary" library="BuiltIn">
<var>${HEADERS}</var>
<arg>Content-Type=application/json</arg>
<doc>Creates and returns a dictionary based on the given ``items``.</doc>
<msg timestamp="20220617 11:21:45.751" level="INFO">${HEADERS} = {'Content-Type': 'application/json'}</msg>
<status status="PASS" starttime="20220617 11:21:45.750" endtime="20220617 11:21:45.751"/>
</kw>
<kw name="Set Variable" library="BuiltIn">
<var>${DATA}</var>
<arg>{"id":152, "title":"Book 152 alterado", "description":"Descricao do book 152 alterada", "pageCount":300, "excerpt":"Resumo do book 152 alterado", "publishDate":"2022-06-10T15:40:01.472Z"}</arg>
<doc>Returns the given values which can then be assigned to a variables.</doc>
<msg timestamp="20220617 11:21:45.751" level="INFO">${DATA} = {"id":152, "title":"Book 152 alterado", "description":"Descricao do book 152 alterada", "pageCount":300, "excerpt":"Resumo do book 152 alterado", "publishDate":"2022-06-10T15:40:01.472Z"}</msg>
<status status="PASS" starttime="20220617 11:21:45.751" endtime="20220617 11:21:45.751"/>
</kw>
<kw name="Log To Console" library="BuiltIn">
<arg>${DATA}</arg>
<doc>Logs the given message to the console.</doc>
<status status="PASS" starttime="20220617 11:21:45.751" endtime="20220617 11:21:45.752"/>
</kw>
<kw name="PUT On Session" library="RequestsLibrary">
<var>${RESPOSTA}</var>
<arg>fakeAPI</arg>
<arg>Books/${ID_LIVRO}</arg>
<arg>data=${DATA}</arg>
<arg>headers=${HEADERS}</arg>
<doc>Sends a PUT request on a previously created HTTP Session.</doc>
<msg timestamp="20220617 11:21:45.970" level="INFO">PUT Request : url=https://fakerestapi.azurewebsites.net/api/v1/Books/152 
 path_url=/api/v1/Books/152 
 headers={'User-Agent': 'python-requests/2.26.0', 'Accept-Encoding': 'gzip, deflate', 'Accept': '*/*', 'Connection': 'keep-alive', 'Content-Type': 'application/json', 'Content-Length': '187'} 
 body={"id":152, "title":"Book 152 alterado", "description":"Descricao do book 152 alterada", "pageCount":300, "excerpt":"Resumo do book 152 alterado", "publishDate":"2022-06-10T15:40:01.472Z"} 
 </msg>
<msg timestamp="20220617 11:21:45.970" level="INFO">PUT Response : url=https://fakerestapi.azurewebsites.net/api/v1/Books/152 
 status=200, reason=OK 
 headers={'Content-Type': 'application/json; charset=utf-8; v=1.0', 'Date': 'Fri, 17 Jun 2022 14:21:46 GMT', 'Server': 'Kestrel', 'Transfer-Encoding': 'chunked', 'api-supported-versions': '1.0'} 
 body={"id":152,"title":"Book 152 alterado","description":"Descricao do book 152 alterada","pageCount":300,"excerpt":"Resumo do book 152 alterado","publishDate":"2022-06-10T15:40:01.472Z"} 
 </msg>
<msg timestamp="20220617 11:21:45.970" level="INFO">c:\users\014645631\appdata\local\programs\python\python39\lib\site-packages\urllib3\connectionpool.py:1013: InsecureRequestWarning: Unverified HTTPS request is being made to host 'fakerestapi.azurewebsites.net'. Adding certificate verification is strongly advised. See: https://urllib3.readthedocs.io/en/1.26.x/advanced-usage.html#ssl-warnings
  warnings.warn(</msg>
<msg timestamp="20220617 11:21:45.971" level="INFO">${RESPOSTA} = &lt;Response [200]&gt;</msg>
<status status="PASS" starttime="20220617 11:21:45.752" endtime="20220617 11:21:45.971"/>
</kw>
<kw name="Log" library="BuiltIn">
<arg>${RESPOSTA.text}</arg>
<doc>Logs the given message with the given level.</doc>
<msg timestamp="20220617 11:21:45.973" level="INFO">{"id":152,"title":"Book 152 alterado","description":"Descricao do book 152 alterada","pageCount":300,"excerpt":"Resumo do book 152 alterado","publishDate":"2022-06-10T15:40:01.472Z"}</msg>
<status status="PASS" starttime="20220617 11:21:45.972" endtime="20220617 11:21:45.973"/>
</kw>
<kw name="Set Test Variable" library="BuiltIn">
<arg>${RESPOSTA}</arg>
<doc>Makes a variable available everywhere within the scope of the current test.</doc>
<msg timestamp="20220617 11:21:45.974" level="INFO">${RESPOSTA} = &lt;Response [200]&gt;</msg>
<status status="PASS" starttime="20220617 11:21:45.973" endtime="20220617 11:21:45.974"/>
</kw>
<status status="PASS" starttime="20220617 11:21:45.749" endtime="20220617 11:21:45.974"/>
</kw>
<kw name="Conferir o status code" library="Resource_API">
<arg>200</arg>
<kw name="Should Be Equal As Strings" library="BuiltIn">
<arg>${RESPOSTA.status_code}</arg>
<arg>${STATUSCODE_DESEJADO}</arg>
<doc>Fails if objects are unequal after converting them to strings.</doc>
<msg timestamp="20220617 11:21:45.977" level="INFO">Argument types are:
&lt;class 'int'&gt;
&lt;class 'str'&gt;</msg>
<status status="PASS" starttime="20220617 11:21:45.976" endtime="20220617 11:21:45.977"/>
</kw>
<status status="PASS" starttime="20220617 11:21:45.975" endtime="20220617 11:21:45.977"/>
</kw>
<kw name="Conferir o reason" library="Resource_API">
<arg>OK</arg>
<kw name="Should Be Equal As Strings" library="BuiltIn">
<arg>${RESPOSTA.reason}</arg>
<arg>${REASON_DESEJADO}</arg>
<doc>Fails if objects are unequal after converting them to strings.</doc>
<status status="PASS" starttime="20220617 11:21:45.978" endtime="20220617 11:21:45.980"/>
</kw>
<status status="PASS" starttime="20220617 11:21:45.978" endtime="20220617 11:21:45.980"/>
</kw>
<kw name="Conferir se retorna todos os dados alterados do livro &quot;152&quot;" library="Resource_API" sourcename="Conferir se retorna todos os dados alterados do livro &quot;${ID_LIVRO}&quot;">
<kw name="Dictionary Should Contain Item" library="Collections">
<arg>${RESPOSTA.json()}</arg>
<arg>id</arg>
<arg>${BOOK_152.id}</arg>
<doc>An item of ``key`` / ``value`` must be found in a ``dictionary``.</doc>
<status status="PASS" starttime="20220617 11:21:45.981" endtime="20220617 11:21:45.983"/>
</kw>
<kw name="Dictionary Should Contain Item" library="Collections">
<arg>${RESPOSTA.json()}</arg>
<arg>title</arg>
<arg>${BOOK_152.title}</arg>
<doc>An item of ``key`` / ``value`` must be found in a ``dictionary``.</doc>
<status status="PASS" starttime="20220617 11:21:45.983" endtime="20220617 11:21:45.985"/>
</kw>
<kw name="Dictionary Should Contain Item" library="Collections">
<arg>${RESPOSTA.json()}</arg>
<arg>pageCount</arg>
<arg>${BOOK_152.pageCount}</arg>
<doc>An item of ``key`` / ``value`` must be found in a ``dictionary``.</doc>
<status status="PASS" starttime="20220617 11:21:45.985" endtime="20220617 11:21:45.987"/>
</kw>
<kw name="Should Not Be Empty" library="BuiltIn">
<arg>${RESPOSTA.json()["description"]}</arg>
<doc>Verifies that the given item is not empty.</doc>
<msg timestamp="20220617 11:21:45.988" level="INFO">Length is 30</msg>
<status status="PASS" starttime="20220617 11:21:45.987" endtime="20220617 11:21:45.988"/>
</kw>
<kw name="Should Not Be Empty" library="BuiltIn">
<arg>${RESPOSTA.json()["excerpt"]}</arg>
<doc>Verifies that the given item is not empty.</doc>
<msg timestamp="20220617 11:21:45.990" level="INFO">Length is 27</msg>
<status status="PASS" starttime="20220617 11:21:45.988" endtime="20220617 11:21:45.990"/>
</kw>
<kw name="Should Not Be Empty" library="BuiltIn">
<arg>${RESPOSTA.json()["publishDate"]}</arg>
<doc>Verifies that the given item is not empty.</doc>
<msg timestamp="20220617 11:21:45.992" level="INFO">Length is 24</msg>
<status status="PASS" starttime="20220617 11:21:45.990" endtime="20220617 11:21:45.992"/>
</kw>
<status status="PASS" starttime="20220617 11:21:45.980" endtime="20220617 11:21:45.992"/>
</kw>
<status status="PASS" starttime="20220617 11:21:45.749" endtime="20220617 11:21:45.993"/>
</test>
<test id="s1-t5" name="Deletar um livro (DELETE)" line="33">
<kw name="Excluir o livro &quot;200&quot;" library="Resource_API" sourcename="Excluir o livro &quot;${ID_LIVRO}&quot;">
<kw name="DELETE On Session" library="RequestsLibrary">
<var>${RESPOSTA}</var>
<arg>fakeAPI</arg>
<arg>Books/${ID_LIVRO}</arg>
<doc>Sends a DELETE request on a previously created HTTP Session.</doc>
<msg timestamp="20220617 11:21:46.203" level="INFO">DELETE Request : url=https://fakerestapi.azurewebsites.net/api/v1/Books/200 
 path_url=/api/v1/Books/200 
 headers={'User-Agent': 'python-requests/2.26.0', 'Accept-Encoding': 'gzip, deflate', 'Accept': '*/*', 'Connection': 'keep-alive', 'Content-Length': '0'} 
 body=None 
 </msg>
<msg timestamp="20220617 11:21:46.203" level="INFO">DELETE Response : url=https://fakerestapi.azurewebsites.net/api/v1/Books/200 
 status=200, reason=OK 
 headers={'Content-Length': '0', 'Date': 'Fri, 17 Jun 2022 14:21:47 GMT', 'Server': 'Kestrel', 'api-supported-versions': '1.0'} 
 body=None 
 </msg>
<msg timestamp="20220617 11:21:46.203" level="INFO">c:\users\014645631\appdata\local\programs\python\python39\lib\site-packages\urllib3\connectionpool.py:1013: InsecureRequestWarning: Unverified HTTPS request is being made to host 'fakerestapi.azurewebsites.net'. Adding certificate verification is strongly advised. See: https://urllib3.readthedocs.io/en/1.26.x/advanced-usage.html#ssl-warnings
  warnings.warn(</msg>
<msg timestamp="20220617 11:21:46.204" level="INFO">${RESPOSTA} = &lt;Response [200]&gt;</msg>
<status status="PASS" starttime="20220617 11:21:45.995" endtime="20220617 11:21:46.204"/>
</kw>
<kw name="Log To Console" library="BuiltIn">
<arg>${RESPOSTA.text}</arg>
<doc>Logs the given message to the console.</doc>
<status status="PASS" starttime="20220617 11:21:46.204" endtime="20220617 11:21:46.205"/>
</kw>
<kw name="Set Test Variable" library="BuiltIn">
<arg>${RESPOSTA}</arg>
<doc>Makes a variable available everywhere within the scope of the current test.</doc>
<msg timestamp="20220617 11:21:46.206" level="INFO">${RESPOSTA} = &lt;Response [200]&gt;</msg>
<status status="PASS" starttime="20220617 11:21:46.206" endtime="20220617 11:21:46.206"/>
</kw>
<status status="PASS" starttime="20220617 11:21:45.995" endtime="20220617 11:21:46.206"/>
</kw>
<kw name="Conferir o status code" library="Resource_API">
<arg>200</arg>
<kw name="Should Be Equal As Strings" library="BuiltIn">
<arg>${RESPOSTA.status_code}</arg>
<arg>${STATUSCODE_DESEJADO}</arg>
<doc>Fails if objects are unequal after converting them to strings.</doc>
<msg timestamp="20220617 11:21:46.208" level="INFO">Argument types are:
&lt;class 'int'&gt;
&lt;class 'str'&gt;</msg>
<status status="PASS" starttime="20220617 11:21:46.207" endtime="20220617 11:21:46.208"/>
</kw>
<status status="PASS" starttime="20220617 11:21:46.207" endtime="20220617 11:21:46.208"/>
</kw>
<kw name="Conferir o reason" library="Resource_API">
<arg>OK</arg>
<kw name="Should Be Equal As Strings" library="BuiltIn">
<arg>${RESPOSTA.reason}</arg>
<arg>${REASON_DESEJADO}</arg>
<doc>Fails if objects are unequal after converting them to strings.</doc>
<status status="PASS" starttime="20220617 11:21:46.209" endtime="20220617 11:21:46.211"/>
</kw>
<status status="PASS" starttime="20220617 11:21:46.209" endtime="20220617 11:21:46.211"/>
</kw>
<kw name="Conferir se excluiu o livro &quot;200&quot;" library="Resource_API" sourcename="Conferir se excluiu o livro &quot;${ID_LIVRO}&quot;">
<kw name="Should Be Empty" library="BuiltIn">
<arg>${RESPOSTA.content}</arg>
<doc>Verifies that the given item is empty.</doc>
<msg timestamp="20220617 11:21:46.213" level="INFO">Length is 0</msg>
<status status="PASS" starttime="20220617 11:21:46.212" endtime="20220617 11:21:46.213"/>
</kw>
<status status="PASS" starttime="20220617 11:21:46.211" endtime="20220617 11:21:46.213"/>
</kw>
<status status="PASS" starttime="20220617 11:21:45.994" endtime="20220617 11:21:46.214"/>
</test>
<doc>Documentação da API: https://fakerestapi.azurewebsites.net/index.html</doc>
<status status="PASS" starttime="20220617 11:21:41.782" endtime="20220617 11:21:46.216"/>
</suite>
<statistics>
<total>
<stat pass="5" fail="0" skip="0">All Tests</stat>
</total>
<tag>
</tag>
<suite>
<stat pass="5" fail="0" skip="0" id="s1" name="test case API books">test case API books</stat>
</suite>
</statistics>
<errors>
</errors>
</robot>
